<?xml version="1.0" encoding="UTF-8"?>
<coverage generated="1654423261180" clover="3.2.0">
  <project timestamp="1654423261180" name="All files">
    <metrics statements="1045" coveredstatements="873" conditionals="229" coveredconditionals="161" methods="240" coveredmethods="187" elements="1514" coveredelements="1221" complexity="0" loc="1045" ncloc="1045" packages="3" files="16" classes="16"/>
    <package name="controller">
      <metrics statements="722" coveredstatements="680" conditionals="168" coveredconditionals="139" methods="89" coveredmethods="88"/>
      <file name="InternalOrderController.js" path="/Users/peipi98/Documents/PoliTO/Materie/Software_Engineering/team30/SoftEng_garbageCollector/code/server/controller/InternalOrderController.js">
        <metrics statements="98" coveredstatements="98" conditionals="14" coveredconditionals="14" methods="16" coveredmethods="16"/>
        <line num="2" count="2" type="stmt"/>
        <line num="7" count="2" type="stmt"/>
        <line num="10" count="2" type="stmt"/>
        <line num="11" count="25" type="stmt"/>
        <line num="12" count="25" type="stmt"/>
        <line num="13" count="25" type="stmt"/>
        <line num="15" count="25" type="stmt"/>
        <line num="16" count="25" type="cond" truecount="4" falsecount="0"/>
        <line num="17" count="13" type="stmt"/>
        <line num="21" count="25" type="stmt"/>
        <line num="24" count="25" type="stmt"/>
        <line num="25" count="73" type="stmt"/>
        <line num="26" count="73" type="stmt"/>
        <line num="33" count="24" type="stmt"/>
        <line num="36" count="1" type="stmt"/>
        <line num="40" count="2" type="stmt"/>
        <line num="41" count="3" type="stmt"/>
        <line num="42" count="3" type="stmt"/>
        <line num="43" count="3" type="stmt"/>
        <line num="44" count="2" type="stmt"/>
        <line num="45" count="5" type="cond" truecount="2" falsecount="0"/>
        <line num="46" count="3" type="stmt"/>
        <line num="47" count="3" type="stmt"/>
        <line num="49" count="3" type="stmt"/>
        <line num="52" count="3" type="stmt"/>
        <line num="53" count="3" type="stmt"/>
        <line num="54" count="3" type="stmt"/>
        <line num="60" count="2" type="stmt"/>
        <line num="61" count="2" type="stmt"/>
        <line num="68" count="2" type="stmt"/>
        <line num="71" count="1" type="stmt"/>
        <line num="74" count="2" type="stmt"/>
        <line num="75" count="3" type="stmt"/>
        <line num="76" count="3" type="stmt"/>
        <line num="77" count="3" type="stmt"/>
        <line num="79" count="2" type="stmt"/>
        <line num="80" count="6" type="stmt"/>
        <line num="82" count="6" type="stmt"/>
        <line num="84" count="6" type="stmt"/>
        <line num="86" count="6" type="stmt"/>
        <line num="87" count="6" type="stmt"/>
        <line num="95" count="2" type="stmt"/>
        <line num="98" count="1" type="stmt"/>
        <line num="102" count="2" type="stmt"/>
        <line num="103" count="3" type="stmt"/>
        <line num="104" count="3" type="stmt"/>
        <line num="105" count="3" type="stmt"/>
        <line num="106" count="2" type="stmt"/>
        <line num="107" count="5" type="stmt"/>
        <line num="108" count="5" type="stmt"/>
        <line num="109" count="5" type="stmt"/>
        <line num="111" count="5" type="stmt"/>
        <line num="112" count="5" type="stmt"/>
        <line num="120" count="2" type="stmt"/>
        <line num="123" count="1" type="stmt"/>
        <line num="127" count="2" type="stmt"/>
        <line num="129" count="9" type="stmt"/>
        <line num="130" count="9" type="stmt"/>
        <line num="131" count="9" type="stmt"/>
        <line num="132" count="8" type="cond" truecount="2" falsecount="0"/>
        <line num="134" count="3" type="stmt"/>
        <line num="137" count="5" type="stmt"/>
        <line num="138" count="5" type="cond" truecount="2" falsecount="0"/>
        <line num="139" count="4" type="stmt"/>
        <line num="141" count="4" type="stmt"/>
        <line num="142" count="4" type="stmt"/>
        <line num="143" count="4" type="stmt"/>
        <line num="144" count="4" type="stmt"/>
        <line num="146" count="4" type="stmt"/>
        <line num="149" count="4" type="stmt"/>
        <line num="154" count="1" type="stmt"/>
        <line num="155" count="1" type="stmt"/>
        <line num="156" count="1" type="stmt"/>
        <line num="160" count="4" type="stmt"/>
        <line num="163" count="1" type="stmt"/>
        <line num="167" count="2" type="stmt"/>
        <line num="169" count="11" type="stmt"/>
        <line num="170" count="11" type="stmt"/>
        <line num="171" count="11" type="stmt"/>
        <line num="172" count="10" type="cond" truecount="2" falsecount="0"/>
        <line num="174" count="2" type="stmt"/>
        <line num="177" count="8" type="stmt"/>
        <line num="178" count="8" type="stmt"/>
        <line num="179" count="8" type="cond" truecount="2" falsecount="0"/>
        <line num="180" count="3" type="stmt"/>
        <line num="181" count="4" type="stmt"/>
        <line num="182" count="4" type="stmt"/>
        <line num="183" count="4" type="stmt"/>
        <line num="184" count="4" type="stmt"/>
        <line num="190" count="8" type="stmt"/>
        <line num="193" count="1" type="stmt"/>
        <line num="199" count="2" type="stmt"/>
        <line num="201" count="5" type="stmt"/>
        <line num="202" count="5" type="stmt"/>
        <line num="203" count="5" type="stmt"/>
        <line num="206" count="4" type="stmt"/>
        <line num="209" count="1" type="stmt"/>
        <line num="221" count="2" type="stmt"/>
      </file>
      <file name="ItemController.js" path="/Users/peipi98/Documents/PoliTO/Materie/Software_Engineering/team30/SoftEng_garbageCollector/code/server/controller/ItemController.js">
        <metrics statements="52" coveredstatements="51" conditionals="10" coveredconditionals="10" methods="6" coveredmethods="6"/>
        <line num="5" count="2" type="stmt"/>
        <line num="8" count="2" type="stmt"/>
        <line num="10" count="4" type="stmt"/>
        <line num="12" count="4" type="stmt"/>
        <line num="13" count="4" type="stmt"/>
        <line num="15" count="4" type="stmt"/>
        <line num="18" count="0" type="stmt"/>
        <line num="23" count="2" type="stmt"/>
        <line num="25" count="6" type="stmt"/>
        <line num="29" count="6" type="stmt"/>
        <line num="30" count="6" type="stmt"/>
        <line num="33" count="4" type="cond" truecount="2" falsecount="0"/>
        <line num="34" count="2" type="stmt"/>
        <line num="38" count="2" type="stmt"/>
        <line num="40" count="2" type="stmt"/>
        <line num="45" count="2" type="stmt"/>
        <line num="47" count="10" type="stmt"/>
        <line num="49" count="10" type="stmt"/>
        <line num="50" count="10" type="stmt"/>
        <line num="53" count="8" type="cond" truecount="2" falsecount="0"/>
        <line num="54" count="5" type="stmt"/>
        <line num="58" count="3" type="stmt"/>
        <line num="59" count="3" type="stmt"/>
        <line num="60" count="3" type="cond" truecount="2" falsecount="0"/>
        <line num="61" count="1" type="stmt"/>
        <line num="65" count="2" type="stmt"/>
        <line num="66" count="2" type="stmt"/>
        <line num="67" count="2" type="cond" truecount="2" falsecount="0"/>
        <line num="68" count="1" type="stmt"/>
        <line num="73" count="1" type="stmt"/>
        <line num="74" count="1" type="stmt"/>
        <line num="76" count="1" type="stmt"/>
        <line num="78" count="2" type="stmt"/>
        <line num="83" count="2" type="stmt"/>
        <line num="85" count="6" type="stmt"/>
        <line num="87" count="6" type="stmt"/>
        <line num="88" count="6" type="stmt"/>
        <line num="97" count="6" type="stmt"/>
        <line num="98" count="6" type="stmt"/>
        <line num="99" count="4" type="stmt"/>
        <line num="102" count="2" type="stmt"/>
        <line num="108" count="2" type="stmt"/>
        <line num="109" count="6" type="stmt"/>
        <line num="112" count="6" type="stmt"/>
        <line num="113" count="6" type="stmt"/>
        <line num="116" count="4" type="cond" truecount="2" falsecount="0"/>
        <line num="117" count="2" type="stmt"/>
        <line num="121" count="2" type="stmt"/>
        <line num="122" count="2" type="stmt"/>
        <line num="123" count="2" type="stmt"/>
        <line num="125" count="2" type="stmt"/>
        <line num="132" count="2" type="stmt"/>
      </file>
      <file name="PositionController.js" path="/Users/peipi98/Documents/PoliTO/Materie/Software_Engineering/team30/SoftEng_garbageCollector/code/server/controller/PositionController.js">
        <metrics statements="61" coveredstatements="54" conditionals="14" coveredconditionals="7" methods="6" coveredmethods="6"/>
        <line num="4" count="2" type="stmt"/>
        <line num="5" count="2" type="stmt"/>
        <line num="8" count="2" type="stmt"/>
        <line num="9" count="2" type="stmt"/>
        <line num="10" count="2" type="stmt"/>
        <line num="11" count="2" type="stmt"/>
        <line num="12" count="2" type="stmt"/>
        <line num="31" count="2" type="stmt"/>
        <line num="32" count="2" type="stmt"/>
        <line num="48" count="2" type="stmt"/>
        <line num="50" count="3" type="stmt"/>
        <line num="52" count="3" type="stmt"/>
        <line num="53" count="1" type="stmt"/>
        <line num="58" count="2" type="stmt"/>
        <line num="70" count="2" type="stmt"/>
        <line num="72" count="3" type="stmt"/>
        <line num="75" count="3" type="stmt"/>
        <line num="76" count="3" type="stmt"/>
        <line num="77" count="1" type="stmt"/>
        <line num="79" count="2" type="stmt"/>
        <line num="91" count="2" type="stmt"/>
        <line num="93" count="9" type="stmt"/>
        <line num="95" count="9" type="stmt"/>
        <line num="98" count="9" type="stmt"/>
        <line num="99" count="2" type="cond" truecount="2" falsecount="0"/>
        <line num="100" count="1" type="stmt"/>
        <line num="104" count="1" type="stmt"/>
        <line num="105" count="1" type="cond" truecount="1" falsecount="1"/>
        <line num="108" count="0" type="stmt"/>
        <line num="109" count="0" type="stmt"/>
        <line num="110" count="0" type="stmt"/>
        <line num="111" count="0" type="cond" truecount="0" falsecount="4"/>
        <line num="112" count="0" type="stmt"/>
        <line num="117" count="1" type="stmt"/>
        <line num="120" count="1" type="stmt"/>
        <line num="121" count="1" type="stmt"/>
        <line num="123" count="1" type="stmt"/>
        <line num="126" count="7" type="stmt"/>
        <line num="139" count="2" type="stmt"/>
        <line num="141" count="8" type="stmt"/>
        <line num="142" count="8" type="stmt"/>
        <line num="144" count="8" type="stmt"/>
        <line num="147" count="8" type="stmt"/>
        <line num="148" count="2" type="cond" truecount="2" falsecount="0"/>
        <line num="149" count="1" type="stmt"/>
        <line num="153" count="1" type="stmt"/>
        <line num="156" count="1" type="stmt"/>
        <line num="157" count="1" type="cond" truecount="1" falsecount="1"/>
        <line num="160" count="0" type="stmt"/>
        <line num="163" count="1" type="stmt"/>
        <line num="166" count="6" type="stmt"/>
        <line num="178" count="2" type="stmt"/>
        <line num="180" count="3" type="stmt"/>
        <line num="182" count="3" type="stmt"/>
        <line num="185" count="3" type="stmt"/>
        <line num="188" count="1" type="stmt"/>
        <line num="189" count="1" type="cond" truecount="1" falsecount="1"/>
        <line num="190" count="0" type="stmt"/>
        <line num="193" count="1" type="stmt"/>
        <line num="196" count="2" type="stmt"/>
        <line num="201" count="2" type="stmt"/>
      </file>
      <file name="RestockOrderController.js" path="/Users/peipi98/Documents/PoliTO/Materie/Software_Engineering/team30/SoftEng_garbageCollector/code/server/controller/RestockOrderController.js">
        <metrics statements="139" coveredstatements="139" conditionals="32" coveredconditionals="32" methods="19" coveredmethods="19"/>
        <line num="2" count="2" type="stmt"/>
        <line num="5" count="2" type="stmt"/>
        <line num="6" count="2" type="stmt"/>
        <line num="7" count="2" type="stmt"/>
        <line num="8" count="2" type="stmt"/>
        <line num="9" count="2" type="stmt"/>
        <line num="14" count="2" type="stmt"/>
        <line num="17" count="2" type="stmt"/>
        <line num="19" count="35" type="stmt"/>
        <line num="20" count="35" type="stmt"/>
        <line num="21" count="35" type="stmt"/>
        <line num="22" count="35" type="stmt"/>
        <line num="23" count="35" type="cond" truecount="4" falsecount="0"/>
        <line num="24" count="19" type="stmt"/>
        <line num="27" count="35" type="stmt"/>
        <line num="29" count="40" type="stmt"/>
        <line num="31" count="139" type="stmt"/>
        <line num="32" count="139" type="stmt"/>
        <line num="38" count="34" type="stmt"/>
        <line num="42" count="1" type="stmt"/>
        <line num="52" count="2" type="stmt"/>
        <line num="53" count="3" type="stmt"/>
        <line num="54" count="3" type="stmt"/>
        <line num="55" count="3" type="stmt"/>
        <line num="56" count="2" type="stmt"/>
        <line num="57" count="5" type="stmt"/>
        <line num="58" count="5" type="stmt"/>
        <line num="59" count="5" type="stmt"/>
        <line num="60" count="5" type="stmt"/>
        <line num="61" count="5" type="stmt"/>
        <line num="64" count="5" type="stmt"/>
        <line num="65" count="5" type="stmt"/>
        <line num="67" count="5" type="cond" truecount="2" falsecount="0"/>
        <line num="68" count="4" type="stmt"/>
        <line num="70" count="1" type="stmt"/>
        <line num="71" count="1" type="stmt"/>
        <line num="73" count="5" type="stmt"/>
        <line num="76" count="2" type="stmt"/>
        <line num="79" count="1" type="stmt"/>
        <line num="83" count="2" type="stmt"/>
        <line num="84" count="3" type="stmt"/>
        <line num="85" count="3" type="stmt"/>
        <line num="86" count="3" type="stmt"/>
        <line num="87" count="2" type="stmt"/>
        <line num="88" count="5" type="stmt"/>
        <line num="89" count="5" type="stmt"/>
        <line num="91" count="5" type="stmt"/>
        <line num="93" count="4" type="stmt"/>
        <line num="94" count="4" type="stmt"/>
        <line num="95" count="4" type="stmt"/>
        <line num="98" count="5" type="stmt"/>
        <line num="99" count="5" type="stmt"/>
        <line num="101" count="5" type="stmt"/>
        <line num="103" count="5" type="stmt"/>
        <line num="106" count="2" type="stmt"/>
        <line num="109" count="1" type="stmt"/>
        <line num="113" count="2" type="stmt"/>
        <line num="115" count="7" type="stmt"/>
        <line num="116" count="7" type="stmt"/>
        <line num="117" count="7" type="stmt"/>
        <line num="118" count="6" type="cond" truecount="4" falsecount="0"/>
        <line num="120" count="3" type="stmt"/>
        <line num="123" count="3" type="stmt"/>
        <line num="125" count="3" type="stmt"/>
        <line num="126" count="4" type="stmt"/>
        <line num="127" count="4" type="stmt"/>
        <line num="128" count="4" type="stmt"/>
        <line num="129" count="4" type="stmt"/>
        <line num="130" count="4" type="stmt"/>
        <line num="131" count="4" type="stmt"/>
        <line num="133" count="4" type="stmt"/>
        <line num="136" count="3" type="stmt"/>
        <line num="137" count="3" type="stmt"/>
        <line num="138" count="3" type="stmt"/>
        <line num="140" count="3" type="cond" truecount="2" falsecount="0"/>
        <line num="141" count="2" type="stmt"/>
        <line num="146" count="3" type="stmt"/>
        <line num="149" count="1" type="stmt"/>
        <line num="154" count="2" type="stmt"/>
        <line num="156" count="5" type="stmt"/>
        <line num="157" count="5" type="stmt"/>
        <line num="158" count="5" type="stmt"/>
        <line num="160" count="4" type="stmt"/>
        <line num="163" count="1" type="stmt"/>
        <line num="167" count="2" type="stmt"/>
        <line num="169" count="11" type="stmt"/>
        <line num="170" count="11" type="stmt"/>
        <line num="171" count="11" type="stmt"/>
        <line num="172" count="10" type="cond" truecount="2" falsecount="0"/>
        <line num="173" count="1" type="stmt"/>
        <line num="175" count="9" type="stmt"/>
        <line num="176" count="9" type="stmt"/>
        <line num="177" count="9" type="stmt"/>
        <line num="181" count="1" type="stmt"/>
        <line num="186" count="2" type="stmt"/>
        <line num="189" count="7" type="stmt"/>
        <line num="190" count="7" type="stmt"/>
        <line num="191" count="7" type="stmt"/>
        <line num="192" count="6" type="cond" truecount="2" falsecount="0"/>
        <line num="194" count="2" type="stmt"/>
        <line num="197" count="4" type="cond" truecount="2" falsecount="0"/>
        <line num="199" count="2" type="stmt"/>
        <line num="201" count="2" type="stmt"/>
        <line num="203" count="3" type="stmt"/>
        <line num="207" count="3" type="stmt"/>
        <line num="209" count="3" type="stmt"/>
        <line num="213" count="3" type="stmt"/>
        <line num="218" count="2" type="stmt"/>
        <line num="221" count="1" type="stmt"/>
        <line num="226" count="2" type="stmt"/>
        <line num="228" count="7" type="stmt"/>
        <line num="229" count="7" type="stmt"/>
        <line num="230" count="7" type="stmt"/>
        <line num="231" count="6" type="cond" truecount="2" falsecount="0"/>
        <line num="233" count="2" type="stmt"/>
        <line num="236" count="4" type="cond" truecount="4" falsecount="0"/>
        <line num="238" count="2" type="stmt"/>
        <line num="241" count="2" type="stmt"/>
        <line num="242" count="2" type="stmt"/>
        <line num="245" count="2" type="stmt"/>
        <line num="248" count="1" type="stmt"/>
        <line num="253" count="2" type="stmt"/>
        <line num="256" count="5" type="stmt"/>
        <line num="257" count="5" type="stmt"/>
        <line num="258" count="5" type="stmt"/>
        <line num="259" count="4" type="cond" truecount="2" falsecount="0"/>
        <line num="261" count="1" type="stmt"/>
        <line num="264" count="3" type="cond" truecount="2" falsecount="0"/>
        <line num="266" count="1" type="stmt"/>
        <line num="269" count="2" type="stmt"/>
        <line num="270" count="2" type="stmt"/>
        <line num="272" count="2" type="stmt"/>
        <line num="274" count="2" type="stmt"/>
        <line num="276" count="2" type="stmt"/>
        <line num="279" count="3" type="cond" truecount="4" falsecount="0"/>
        <line num="280" count="1" type="stmt"/>
        <line num="291" count="2" type="stmt"/>
        <line num="294" count="1" type="stmt"/>
        <line num="301" count="2" type="stmt"/>
      </file>
      <file name="ReturnOrderController.js" path="/Users/peipi98/Documents/PoliTO/Materie/Software_Engineering/team30/SoftEng_garbageCollector/code/server/controller/ReturnOrderController.js">
        <metrics statements="51" coveredstatements="51" conditionals="12" coveredconditionals="12" methods="7" coveredmethods="7"/>
        <line num="2" count="2" type="stmt"/>
        <line num="6" count="2" type="stmt"/>
        <line num="9" count="2" type="stmt"/>
        <line num="10" count="14" type="cond" truecount="4" falsecount="0"/>
        <line num="12" count="1" type="stmt"/>
        <line num="14" count="13" type="stmt"/>
        <line num="15" count="13" type="stmt"/>
        <line num="16" count="13" type="stmt"/>
        <line num="17" count="13" type="stmt"/>
        <line num="18" count="13" type="cond" truecount="2" falsecount="0"/>
        <line num="19" count="2" type="stmt"/>
        <line num="22" count="12" type="stmt"/>
        <line num="23" count="12" type="stmt"/>
        <line num="24" count="12" type="cond" truecount="2" falsecount="0"/>
        <line num="25" count="10" type="stmt"/>
        <line num="28" count="2" type="stmt"/>
        <line num="30" count="3" type="stmt"/>
        <line num="31" count="3" type="stmt"/>
        <line num="38" count="1" type="stmt"/>
        <line num="41" count="2" type="stmt"/>
        <line num="55" count="2" type="stmt"/>
        <line num="57" count="9" type="stmt"/>
        <line num="58" count="9" type="stmt"/>
        <line num="59" count="9" type="stmt"/>
        <line num="60" count="8" type="cond" truecount="4" falsecount="0"/>
        <line num="62" count="7" type="stmt"/>
        <line num="65" count="1" type="stmt"/>
        <line num="67" count="1" type="stmt"/>
        <line num="69" count="2" type="stmt"/>
        <line num="70" count="2" type="stmt"/>
        <line num="71" count="2" type="stmt"/>
        <line num="72" count="2" type="stmt"/>
        <line num="75" count="1" type="stmt"/>
        <line num="76" count="1" type="stmt"/>
        <line num="80" count="1" type="stmt"/>
        <line num="84" count="2" type="stmt"/>
        <line num="85" count="3" type="stmt"/>
        <line num="86" count="3" type="stmt"/>
        <line num="87" count="3" type="stmt"/>
        <line num="89" count="2" type="stmt"/>
        <line num="90" count="2" type="stmt"/>
        <line num="91" count="2" type="stmt"/>
        <line num="98" count="2" type="stmt"/>
        <line num="101" count="1" type="stmt"/>
        <line num="105" count="2" type="stmt"/>
        <line num="107" count="5" type="stmt"/>
        <line num="108" count="5" type="stmt"/>
        <line num="109" count="5" type="stmt"/>
        <line num="112" count="4" type="stmt"/>
        <line num="115" count="1" type="stmt"/>
        <line num="124" count="2" type="stmt"/>
      </file>
      <file name="SKUController.js" path="/Users/peipi98/Documents/PoliTO/Materie/Software_Engineering/team30/SoftEng_garbageCollector/code/server/controller/SKUController.js">
        <metrics statements="89" coveredstatements="76" conditionals="30" coveredconditionals="17" methods="7" coveredmethods="7"/>
        <line num="4" count="2" type="stmt"/>
        <line num="5" count="2" type="stmt"/>
        <line num="6" count="2" type="stmt"/>
        <line num="7" count="2" type="stmt"/>
        <line num="10" count="2" type="stmt"/>
        <line num="11" count="2" type="stmt"/>
        <line num="12" count="2" type="stmt"/>
        <line num="13" count="2" type="stmt"/>
        <line num="14" count="2" type="stmt"/>
        <line num="34" count="2" type="stmt"/>
        <line num="35" count="2" type="stmt"/>
        <line num="36" count="2" type="stmt"/>
        <line num="37" count="2" type="stmt"/>
        <line num="52" count="2" type="stmt"/>
        <line num="54" count="4" type="stmt"/>
        <line num="56" count="4" type="stmt"/>
        <line num="59" count="1" type="stmt"/>
        <line num="60" count="2" type="stmt"/>
        <line num="62" count="1" type="stmt"/>
        <line num="67" count="3" type="stmt"/>
        <line num="78" count="2" type="stmt"/>
        <line num="80" count="6" type="stmt"/>
        <line num="82" count="6" type="stmt"/>
        <line num="84" count="6" type="stmt"/>
        <line num="85" count="2" type="cond" truecount="2" falsecount="0"/>
        <line num="86" count="1" type="stmt"/>
        <line num="90" count="1" type="stmt"/>
        <line num="92" count="1" type="stmt"/>
        <line num="97" count="4" type="stmt"/>
        <line num="109" count="2" type="stmt"/>
        <line num="111" count="3" type="stmt"/>
        <line num="113" count="3" type="stmt"/>
        <line num="114" count="1" type="stmt"/>
        <line num="116" count="2" type="stmt"/>
        <line num="130" count="2" type="stmt"/>
        <line num="132" count="12" type="stmt"/>
        <line num="133" count="12" type="stmt"/>
        <line num="135" count="12" type="stmt"/>
        <line num="137" count="12" type="stmt"/>
        <line num="138" count="2" type="cond" truecount="2" falsecount="0"/>
        <line num="139" count="1" type="stmt"/>
        <line num="143" count="1" type="cond" truecount="1" falsecount="1"/>
        <line num="146" count="0" type="stmt"/>
        <line num="147" count="0" type="cond" truecount="0" falsecount="2"/>
        <line num="148" count="0" type="stmt"/>
        <line num="152" count="0" type="cond" truecount="0" falsecount="4"/>
        <line num="153" count="0" type="stmt"/>
        <line num="157" count="0" type="stmt"/>
        <line num="161" count="1" type="stmt"/>
        <line num="163" count="1" type="stmt"/>
        <line num="165" count="10" type="stmt"/>
        <line num="180" count="2" type="stmt"/>
        <line num="182" count="16" type="stmt"/>
        <line num="183" count="16" type="stmt"/>
        <line num="185" count="16" type="stmt"/>
        <line num="186" count="16" type="stmt"/>
        <line num="189" count="16" type="stmt"/>
        <line num="191" count="16" type="stmt"/>
        <line num="192" count="3" type="cond" truecount="1" falsecount="1"/>
        <line num="193" count="0" type="stmt"/>
        <line num="197" count="3" type="stmt"/>
        <line num="198" count="3" type="cond" truecount="2" falsecount="0"/>
        <line num="199" count="2" type="stmt"/>
        <line num="200" count="1" type="cond" truecount="1" falsecount="1"/>
        <line num="203" count="0" type="stmt"/>
        <line num="204" count="0" type="stmt"/>
        <line num="208" count="1" type="stmt"/>
        <line num="209" count="1" type="cond" truecount="1" falsecount="1"/>
        <line num="210" count="0" type="stmt"/>
        <line num="214" count="1" type="stmt"/>
        <line num="215" count="1" type="stmt"/>
        <line num="216" count="1" type="cond" truecount="3" falsecount="1"/>
        <line num="217" count="0" type="stmt"/>
        <line num="221" count="1" type="stmt"/>
        <line num="224" count="1" type="stmt"/>
        <line num="227" count="1" type="cond" truecount="1" falsecount="1"/>
        <line num="228" count="0" type="stmt"/>
        <line num="231" count="1" type="stmt"/>
        <line num="234" count="13" type="stmt"/>
        <line num="245" count="2" type="stmt"/>
        <line num="247" count="7" type="stmt"/>
        <line num="249" count="7" type="stmt"/>
        <line num="263" count="7" type="stmt"/>
        <line num="264" count="1" type="cond" truecount="3" falsecount="1"/>
        <line num="265" count="0" type="stmt"/>
        <line num="269" count="1" type="stmt"/>
        <line num="271" count="1" type="stmt"/>
        <line num="274" count="6" type="stmt"/>
        <line num="280" count="2" type="stmt"/>
      </file>
      <file name="SKUitemController.js" path="/Users/peipi98/Documents/PoliTO/Materie/Software_Engineering/team30/SoftEng_garbageCollector/code/server/controller/SKUitemController.js">
        <metrics statements="53" coveredstatements="52" conditionals="8" coveredconditionals="7" methods="7" coveredmethods="7"/>
        <line num="4" count="2" type="stmt"/>
        <line num="5" count="2" type="stmt"/>
        <line num="8" count="2" type="stmt"/>
        <line num="9" count="2" type="stmt"/>
        <line num="10" count="2" type="stmt"/>
        <line num="11" count="2" type="stmt"/>
        <line num="33" count="2" type="stmt"/>
        <line num="34" count="2" type="stmt"/>
        <line num="49" count="2" type="stmt"/>
        <line num="52" count="3" type="stmt"/>
        <line num="53" count="3" type="stmt"/>
        <line num="54" count="1" type="stmt"/>
        <line num="59" count="2" type="stmt"/>
        <line num="71" count="2" type="stmt"/>
        <line num="73" count="6" type="stmt"/>
        <line num="75" count="6" type="stmt"/>
        <line num="77" count="6" type="stmt"/>
        <line num="78" count="2" type="cond" truecount="2" falsecount="0"/>
        <line num="79" count="1" type="stmt"/>
        <line num="83" count="1" type="stmt"/>
        <line num="84" count="1" type="stmt"/>
        <line num="89" count="4" type="stmt"/>
        <line num="101" count="2" type="stmt"/>
        <line num="103" count="5" type="stmt"/>
        <line num="105" count="5" type="stmt"/>
        <line num="107" count="5" type="stmt"/>
        <line num="108" count="2" type="cond" truecount="2" falsecount="0"/>
        <line num="110" count="3" type="stmt"/>
        <line num="122" count="2" type="stmt"/>
        <line num="124" count="6" type="stmt"/>
        <line num="126" count="6" type="stmt"/>
        <line num="127" count="1" type="cond" truecount="1" falsecount="1"/>
        <line num="128" count="0" type="stmt"/>
        <line num="132" count="1" type="stmt"/>
        <line num="133" count="1" type="stmt"/>
        <line num="135" count="5" type="stmt"/>
        <line num="147" count="2" type="stmt"/>
        <line num="149" count="6" type="stmt"/>
        <line num="150" count="6" type="stmt"/>
        <line num="152" count="6" type="stmt"/>
        <line num="154" count="6" type="stmt"/>
        <line num="155" count="2" type="cond" truecount="2" falsecount="0"/>
        <line num="156" count="1" type="stmt"/>
        <line num="160" count="1" type="stmt"/>
        <line num="161" count="1" type="stmt"/>
        <line num="163" count="4" type="stmt"/>
        <line num="175" count="2" type="stmt"/>
        <line num="177" count="3" type="stmt"/>
        <line num="179" count="3" type="stmt"/>
        <line num="181" count="3" type="stmt"/>
        <line num="182" count="1" type="stmt"/>
        <line num="184" count="2" type="stmt"/>
        <line num="189" count="2" type="stmt"/>
      </file>
      <file name="TestDescriptorController.js" path="/Users/peipi98/Documents/PoliTO/Materie/Software_Engineering/team30/SoftEng_garbageCollector/code/server/controller/TestDescriptorController.js">
        <metrics statements="52" coveredstatements="52" conditionals="14" coveredconditionals="14" methods="6" coveredmethods="6"/>
        <line num="5" count="2" type="stmt"/>
        <line num="9" count="2" type="stmt"/>
        <line num="12" count="4" type="stmt"/>
        <line num="14" count="4" type="stmt"/>
        <line num="15" count="4" type="stmt"/>
        <line num="16" count="4" type="cond" truecount="4" falsecount="0"/>
        <line num="17" count="1" type="stmt"/>
        <line num="19" count="3" type="stmt"/>
        <line num="23" count="1" type="stmt"/>
        <line num="28" count="2" type="stmt"/>
        <line num="30" count="6" type="stmt"/>
        <line num="32" count="6" type="stmt"/>
        <line num="33" count="6" type="stmt"/>
        <line num="36" count="4" type="cond" truecount="2" falsecount="0"/>
        <line num="37" count="2" type="stmt"/>
        <line num="41" count="2" type="stmt"/>
        <line num="44" count="2" type="stmt"/>
        <line num="49" count="2" type="stmt"/>
        <line num="51" count="6" type="stmt"/>
        <line num="53" count="6" type="stmt"/>
        <line num="54" count="6" type="stmt"/>
        <line num="57" count="4" type="cond" truecount="2" falsecount="0"/>
        <line num="58" count="2" type="stmt"/>
        <line num="62" count="2" type="stmt"/>
        <line num="63" count="2" type="stmt"/>
        <line num="64" count="2" type="stmt"/>
        <line num="67" count="2" type="stmt"/>
        <line num="72" count="2" type="stmt"/>
        <line num="74" count="8" type="stmt"/>
        <line num="77" count="8" type="stmt"/>
        <line num="78" count="8" type="stmt"/>
        <line num="81" count="6" type="cond" truecount="2" falsecount="0"/>
        <line num="82" count="3" type="stmt"/>
        <line num="86" count="3" type="stmt"/>
        <line num="87" count="3" type="stmt"/>
        <line num="90" count="3" type="cond" truecount="2" falsecount="0"/>
        <line num="91" count="1" type="stmt"/>
        <line num="95" count="2" type="stmt"/>
        <line num="96" count="2" type="stmt"/>
        <line num="97" count="2" type="stmt"/>
        <line num="100" count="2" type="stmt"/>
        <line num="106" count="2" type="stmt"/>
        <line num="108" count="6" type="stmt"/>
        <line num="110" count="6" type="stmt"/>
        <line num="111" count="6" type="stmt"/>
        <line num="114" count="4" type="cond" truecount="2" falsecount="0"/>
        <line num="115" count="2" type="stmt"/>
        <line num="119" count="2" type="stmt"/>
        <line num="120" count="2" type="stmt"/>
        <line num="121" count="2" type="stmt"/>
        <line num="124" count="2" type="stmt"/>
        <line num="129" count="2" type="stmt"/>
      </file>
      <file name="TestResultController.js" path="/Users/peipi98/Documents/PoliTO/Materie/Software_Engineering/team30/SoftEng_garbageCollector/code/server/controller/TestResultController.js">
        <metrics statements="73" coveredstatements="73" conditionals="26" coveredconditionals="26" methods="8" coveredmethods="8"/>
        <line num="5" count="2" type="stmt"/>
        <line num="9" count="2" type="stmt"/>
        <line num="11" count="8" type="stmt"/>
        <line num="14" count="8" type="stmt"/>
        <line num="15" count="8" type="stmt"/>
        <line num="18" count="6" type="cond" truecount="2" falsecount="0"/>
        <line num="19" count="2" type="stmt"/>
        <line num="23" count="4" type="stmt"/>
        <line num="24" count="4" type="stmt"/>
        <line num="27" count="4" type="cond" truecount="2" falsecount="0"/>
        <line num="28" count="2" type="stmt"/>
        <line num="30" count="3" type="cond" truecount="2" falsecount="0"/>
        <line num="31" count="2" type="stmt"/>
        <line num="35" count="2" type="stmt"/>
        <line num="40" count="2" type="stmt"/>
        <line num="42" count="9" type="stmt"/>
        <line num="44" count="9" type="stmt"/>
        <line num="45" count="9" type="stmt"/>
        <line num="48" count="7" type="cond" truecount="2" falsecount="0"/>
        <line num="49" count="3" type="stmt"/>
        <line num="53" count="4" type="stmt"/>
        <line num="54" count="4" type="stmt"/>
        <line num="57" count="4" type="cond" truecount="2" falsecount="0"/>
        <line num="58" count="1" type="stmt"/>
        <line num="62" count="3" type="cond" truecount="2" falsecount="0"/>
        <line num="63" count="3" type="stmt"/>
        <line num="66" count="2" type="stmt"/>
        <line num="72" count="2" type="stmt"/>
        <line num="74" count="8" type="stmt"/>
        <line num="76" count="8" type="stmt"/>
        <line num="77" count="8" type="stmt"/>
        <line num="80" count="6" type="cond" truecount="2" falsecount="0"/>
        <line num="81" count="2" type="stmt"/>
        <line num="85" count="4" type="stmt"/>
        <line num="86" count="4" type="stmt"/>
        <line num="89" count="4" type="cond" truecount="2" falsecount="0"/>
        <line num="90" count="2" type="stmt"/>
        <line num="94" count="2" type="stmt"/>
        <line num="95" count="2" type="stmt"/>
        <line num="97" count="2" type="stmt"/>
        <line num="99" count="2" type="stmt"/>
        <line num="105" count="2" type="stmt"/>
        <line num="107" count="12" type="stmt"/>
        <line num="109" count="12" type="stmt"/>
        <line num="110" count="12" type="stmt"/>
        <line num="113" count="10" type="cond" truecount="2" falsecount="0"/>
        <line num="114" count="2" type="stmt"/>
        <line num="118" count="8" type="stmt"/>
        <line num="119" count="8" type="stmt"/>
        <line num="122" count="8" type="cond" truecount="2" falsecount="0"/>
        <line num="123" count="2" type="stmt"/>
        <line num="127" count="6" type="stmt"/>
        <line num="128" count="6" type="stmt"/>
        <line num="131" count="6" type="cond" truecount="2" falsecount="0"/>
        <line num="132" count="2" type="stmt"/>
        <line num="136" count="4" type="stmt"/>
        <line num="139" count="4" type="cond" truecount="2" falsecount="0"/>
        <line num="140" count="2" type="stmt"/>
        <line num="144" count="2" type="stmt"/>
        <line num="145" count="2" type="stmt"/>
        <line num="146" count="2" type="stmt"/>
        <line num="149" count="2" type="stmt"/>
        <line num="155" count="2" type="stmt"/>
        <line num="157" count="8" type="stmt"/>
        <line num="159" count="8" type="stmt"/>
        <line num="160" count="8" type="stmt"/>
        <line num="163" count="6" type="cond" truecount="2" falsecount="0"/>
        <line num="164" count="4" type="stmt"/>
        <line num="168" count="2" type="stmt"/>
        <line num="169" count="2" type="stmt"/>
        <line num="170" count="2" type="stmt"/>
        <line num="172" count="2" type="stmt"/>
        <line num="179" count="2" type="stmt"/>
      </file>
      <file name="UserController.js" path="/Users/peipi98/Documents/PoliTO/Materie/Software_Engineering/team30/SoftEng_garbageCollector/code/server/controller/UserController.js">
        <metrics statements="54" coveredstatements="34" conditionals="8" coveredconditionals="0" methods="7" coveredmethods="6"/>
        <line num="3" count="2" type="stmt"/>
        <line num="4" count="2" type="stmt"/>
        <line num="5" count="2" type="stmt"/>
        <line num="8" count="2" type="stmt"/>
        <line num="10" count="2" type="stmt"/>
        <line num="13" count="2" type="stmt"/>
        <line num="16" count="2" type="stmt"/>
        <line num="17" count="6" type="stmt"/>
        <line num="18" count="6" type="stmt"/>
        <line num="19" count="6" type="stmt"/>
        <line num="21" count="0" type="cond" truecount="0" falsecount="2"/>
        <line num="22" count="0" type="stmt"/>
        <line num="25" count="0" type="stmt"/>
        <line num="26" count="0" type="stmt"/>
        <line num="30" count="6" type="stmt"/>
        <line num="35" count="2" type="stmt"/>
        <line num="36" count="2" type="stmt"/>
        <line num="37" count="2" type="stmt"/>
        <line num="38" count="0" type="stmt"/>
        <line num="40" count="2" type="stmt"/>
        <line num="44" count="2" type="stmt"/>
        <line num="45" count="2" type="stmt"/>
        <line num="46" count="2" type="stmt"/>
        <line num="47" count="0" type="stmt"/>
        <line num="49" count="2" type="stmt"/>
        <line num="53" count="2" type="stmt"/>
        <line num="54" count="0" type="stmt"/>
        <line num="60" count="0" type="stmt"/>
        <line num="61" count="0" type="stmt"/>
        <line num="62" count="0" type="cond" truecount="0" falsecount="2"/>
        <line num="63" count="0" type="stmt"/>
        <line num="64" count="0" type="cond" truecount="0" falsecount="2"/>
        <line num="66" count="0" type="stmt"/>
        <line num="69" count="0" type="stmt"/>
        <line num="73" count="2" type="stmt"/>
        <line num="74" count="7" type="stmt"/>
        <line num="75" count="7" type="stmt"/>
        <line num="76" count="6" type="stmt"/>
        <line num="77" count="6" type="stmt"/>
        <line num="78" count="0" type="stmt"/>
        <line num="79" count="0" type="cond" truecount="0" falsecount="2"/>
        <line num="80" count="0" type="stmt"/>
        <line num="83" count="0" type="stmt"/>
        <line num="84" count="0" type="stmt"/>
        <line num="87" count="7" type="stmt"/>
        <line num="91" count="2" type="stmt"/>
        <line num="92" count="6" type="stmt"/>
        <line num="93" count="6" type="stmt"/>
        <line num="94" count="4" type="stmt"/>
        <line num="95" count="4" type="stmt"/>
        <line num="97" count="4" type="stmt"/>
        <line num="98" count="0" type="stmt"/>
        <line num="100" count="6" type="stmt"/>
        <line num="105" count="2" type="stmt"/>
      </file>
    </package>
    <package name="db">
      <metrics statements="117" coveredstatements="94" conditionals="2" coveredconditionals="1" methods="68" coveredmethods="46"/>
      <file name="positionDAO.js" path="/Users/peipi98/Documents/PoliTO/Materie/Software_Engineering/team30/SoftEng_garbageCollector/code/server/db/positionDAO.js">
        <metrics statements="37" coveredstatements="30" conditionals="0" coveredconditionals="0" methods="22" coveredmethods="15"/>
        <line num="25" count="4" type="stmt"/>
        <line num="40" count="4" type="stmt"/>
        <line num="41" count="3" type="stmt"/>
        <line num="42" count="3" type="stmt"/>
        <line num="45" count="1" type="stmt"/>
        <line num="47" count="0" type="stmt"/>
        <line num="57" count="4" type="stmt"/>
        <line num="59" count="18" type="stmt"/>
        <line num="60" count="18" type="stmt"/>
        <line num="66" count="5" type="stmt"/>
        <line num="68" count="0" type="stmt"/>
        <line num="78" count="4" type="stmt"/>
        <line num="79" count="3" type="stmt"/>
        <line num="80" count="3" type="stmt"/>
        <line num="91" count="1" type="stmt"/>
        <line num="93" count="0" type="stmt"/>
        <line num="103" count="4" type="stmt"/>
        <line num="104" count="1" type="stmt"/>
        <line num="105" count="1" type="stmt"/>
        <line num="119" count="1" type="stmt"/>
        <line num="121" count="0" type="stmt"/>
        <line num="132" count="4" type="stmt"/>
        <line num="133" count="1" type="stmt"/>
        <line num="134" count="1" type="stmt"/>
        <line num="144" count="1" type="stmt"/>
        <line num="146" count="0" type="stmt"/>
        <line num="157" count="4" type="stmt"/>
        <line num="158" count="1" type="stmt"/>
        <line num="159" count="1" type="stmt"/>
        <line num="167" count="1" type="stmt"/>
        <line num="169" count="0" type="stmt"/>
        <line num="179" count="4" type="stmt"/>
        <line num="180" count="3" type="stmt"/>
        <line num="181" count="3" type="stmt"/>
        <line num="187" count="1" type="stmt"/>
        <line num="189" count="0" type="stmt"/>
        <line num="194" count="4" type="stmt"/>
      </file>
      <file name="skuDAO.js" path="/Users/peipi98/Documents/PoliTO/Materie/Software_Engineering/team30/SoftEng_garbageCollector/code/server/db/skuDAO.js">
        <metrics statements="38" coveredstatements="30" conditionals="0" coveredconditionals="0" methods="22" coveredmethods="15"/>
        <line num="25" count="6" type="stmt"/>
        <line num="39" count="6" type="stmt"/>
        <line num="40" count="4" type="stmt"/>
        <line num="41" count="4" type="stmt"/>
        <line num="44" count="1" type="stmt"/>
        <line num="46" count="0" type="stmt"/>
        <line num="50" count="6" type="stmt"/>
        <line num="51" count="40" type="stmt"/>
        <line num="52" count="40" type="stmt"/>
        <line num="58" count="11" type="stmt"/>
        <line num="60" count="0" type="stmt"/>
        <line num="70" count="6" type="stmt"/>
        <line num="71" count="19" type="stmt"/>
        <line num="72" count="19" type="stmt"/>
        <line num="78" count="6" type="stmt"/>
        <line num="80" count="0" type="stmt"/>
        <line num="89" count="6" type="stmt"/>
        <line num="90" count="3" type="stmt"/>
        <line num="91" count="3" type="stmt"/>
        <line num="102" count="1" type="stmt"/>
        <line num="104" count="0" type="stmt"/>
        <line num="114" count="6" type="stmt"/>
        <line num="115" count="1" type="stmt"/>
        <line num="116" count="1" type="stmt"/>
        <line num="128" count="1" type="stmt"/>
        <line num="130" count="0" type="stmt"/>
        <line num="140" count="6" type="stmt"/>
        <line num="141" count="1" type="stmt"/>
        <line num="142" count="1" type="stmt"/>
        <line num="149" count="1" type="stmt"/>
        <line num="151" count="0" type="stmt"/>
        <line num="154" count="0" type="stmt"/>
        <line num="162" count="6" type="stmt"/>
        <line num="163" count="1" type="stmt"/>
        <line num="164" count="1" type="stmt"/>
        <line num="170" count="1" type="stmt"/>
        <line num="172" count="0" type="stmt"/>
        <line num="177" count="6" type="stmt"/>
      </file>
      <file name="skuItemDAO.js" path="/Users/peipi98/Documents/PoliTO/Materie/Software_Engineering/team30/SoftEng_garbageCollector/code/server/db/skuItemDAO.js">
        <metrics statements="32" coveredstatements="26" conditionals="2" coveredconditionals="1" methods="19" coveredmethods="13"/>
        <line num="25" count="4" type="stmt"/>
        <line num="39" count="4" type="stmt"/>
        <line num="40" count="3" type="stmt"/>
        <line num="41" count="3" type="stmt"/>
        <line num="44" count="1" type="stmt"/>
        <line num="46" count="0" type="stmt"/>
        <line num="58" count="4" type="stmt"/>
        <line num="59" count="1" type="stmt"/>
        <line num="60" count="1" type="stmt"/>
        <line num="66" count="1" type="stmt"/>
        <line num="68" count="0" type="stmt"/>
        <line num="78" count="4" type="stmt"/>
        <line num="79" count="11" type="stmt"/>
        <line num="80" count="11" type="stmt"/>
        <line num="86" count="4" type="stmt"/>
        <line num="88" count="0" type="stmt"/>
        <line num="98" count="4" type="stmt"/>
        <line num="99" count="1" type="stmt"/>
        <line num="100" count="1" type="stmt"/>
        <line num="109" count="1" type="stmt"/>
        <line num="111" count="0" type="stmt"/>
        <line num="122" count="4" type="stmt"/>
        <line num="123" count="1" type="stmt"/>
        <line num="124" count="1" type="stmt"/>
        <line num="133" count="1" type="stmt"/>
        <line num="135" count="0" type="stmt"/>
        <line num="145" count="4" type="stmt"/>
        <line num="146" count="3" type="stmt"/>
        <line num="147" count="3" type="stmt"/>
        <line num="153" count="1" type="stmt"/>
        <line num="155" count="0" type="stmt"/>
        <line num="160" count="4" type="stmt"/>
      </file>
      <file name="testDescriptorsDAO.js" path="/Users/peipi98/Documents/PoliTO/Materie/Software_Engineering/team30/SoftEng_garbageCollector/code/server/db/testDescriptorsDAO.js">
        <metrics statements="10" coveredstatements="8" conditionals="0" coveredconditionals="0" methods="5" coveredmethods="3"/>
        <line num="26" count="2" type="stmt"/>
        <line num="41" count="2" type="stmt"/>
        <line num="42" count="3" type="stmt"/>
        <line num="43" count="3" type="stmt"/>
        <line num="49" count="3" type="stmt"/>
        <line num="50" count="3" type="stmt"/>
        <line num="51" count="0" type="stmt"/>
        <line num="53" count="3" type="stmt"/>
        <line num="55" count="0" type="stmt"/>
        <line num="61" count="2" type="stmt"/>
      </file>
    </package>
    <package name="unit_test.test_DB">
      <metrics statements="206" coveredstatements="99" conditionals="59" coveredconditionals="21" methods="83" coveredmethods="53"/>
      <file name="TestDAO.js" path="/Users/peipi98/Documents/PoliTO/Materie/Software_Engineering/team30/SoftEng_garbageCollector/code/server/unit_test/test_DB/TestDAO.js">
        <metrics statements="203" coveredstatements="96" conditionals="59" coveredconditionals="21" methods="83" coveredmethods="53"/>
        <line num="3" count="11" type="stmt"/>
        <line num="8" count="10" type="stmt"/>
        <line num="9" count="10" type="cond" truecount="1" falsecount="1"/>
        <line num="13" count="10" type="stmt"/>
        <line num="14" count="10" type="stmt"/>
        <line num="15" count="10" type="stmt"/>
        <line num="16" count="10" type="stmt"/>
        <line num="17" count="10" type="stmt"/>
        <line num="18" count="10" type="stmt"/>
        <line num="19" count="10" type="stmt"/>
        <line num="20" count="10" type="stmt"/>
        <line num="21" count="10" type="stmt"/>
        <line num="22" count="10" type="stmt"/>
        <line num="46" count="268" type="stmt"/>
        <line num="47" count="268" type="stmt"/>
        <line num="48" count="268" type="cond" truecount="1" falsecount="1"/>
        <line num="49" count="0" type="stmt"/>
        <line num="50" count="0" type="stmt"/>
        <line num="51" count="0" type="stmt"/>
        <line num="53" count="268" type="stmt"/>
        <line num="60" count="167" type="stmt"/>
        <line num="61" count="167" type="stmt"/>
        <line num="62" count="167" type="cond" truecount="1" falsecount="1"/>
        <line num="63" count="0" type="stmt"/>
        <line num="64" count="0" type="stmt"/>
        <line num="65" count="0" type="stmt"/>
        <line num="67" count="167" type="stmt"/>
        <line num="74" count="67" type="stmt"/>
        <line num="75" count="67" type="stmt"/>
        <line num="76" count="67" type="cond" truecount="1" falsecount="1"/>
        <line num="77" count="0" type="stmt"/>
        <line num="78" count="0" type="stmt"/>
        <line num="79" count="0" type="stmt"/>
        <line num="81" count="67" type="stmt"/>
        <line num="105" count="10" type="stmt"/>
        <line num="106" count="10" type="stmt"/>
        <line num="118" count="10" type="stmt"/>
        <line num="119" count="10" type="cond" truecount="1" falsecount="1"/>
        <line num="120" count="0" type="stmt"/>
        <line num="121" count="0" type="stmt"/>
        <line num="123" count="10" type="stmt"/>
        <line num="129" count="0" type="stmt"/>
        <line num="130" count="0" type="stmt"/>
        <line num="131" count="0" type="stmt"/>
        <line num="132" count="0" type="cond" truecount="0" falsecount="2"/>
        <line num="133" count="0" type="stmt"/>
        <line num="134" count="0" type="stmt"/>
        <line num="136" count="0" type="stmt"/>
        <line num="149" count="10" type="stmt"/>
        <line num="151" count="10" type="stmt"/>
        <line num="159" count="10" type="stmt"/>
        <line num="160" count="10" type="cond" truecount="1" falsecount="1"/>
        <line num="161" count="0" type="stmt"/>
        <line num="162" count="0" type="stmt"/>
        <line num="164" count="10" type="stmt"/>
        <line num="170" count="0" type="stmt"/>
        <line num="171" count="0" type="stmt"/>
        <line num="172" count="0" type="stmt"/>
        <line num="173" count="0" type="cond" truecount="0" falsecount="2"/>
        <line num="174" count="0" type="stmt"/>
        <line num="175" count="0" type="stmt"/>
        <line num="177" count="0" type="stmt"/>
        <line num="190" count="10" type="stmt"/>
        <line num="192" count="10" type="stmt"/>
        <line num="203" count="10" type="stmt"/>
        <line num="204" count="10" type="cond" truecount="1" falsecount="1"/>
        <line num="205" count="0" type="stmt"/>
        <line num="206" count="0" type="stmt"/>
        <line num="208" count="10" type="stmt"/>
        <line num="214" count="0" type="stmt"/>
        <line num="215" count="0" type="stmt"/>
        <line num="216" count="0" type="stmt"/>
        <line num="217" count="0" type="cond" truecount="0" falsecount="2"/>
        <line num="218" count="0" type="stmt"/>
        <line num="219" count="0" type="stmt"/>
        <line num="221" count="0" type="stmt"/>
        <line num="234" count="10" type="stmt"/>
        <line num="235" count="10" type="stmt"/>
        <line num="236" count="10" type="stmt"/>
        <line num="237" count="10" type="cond" truecount="1" falsecount="1"/>
        <line num="238" count="0" type="stmt"/>
        <line num="239" count="0" type="stmt"/>
        <line num="241" count="10" type="stmt"/>
        <line num="246" count="0" type="stmt"/>
        <line num="247" count="0" type="stmt"/>
        <line num="248" count="0" type="stmt"/>
        <line num="249" count="0" type="cond" truecount="0" falsecount="2"/>
        <line num="250" count="0" type="stmt"/>
        <line num="251" count="0" type="stmt"/>
        <line num="253" count="0" type="stmt"/>
        <line num="258" count="32" type="stmt"/>
        <line num="259" count="32" type="stmt"/>
        <line num="260" count="32" type="stmt"/>
        <line num="261" count="32" type="cond" truecount="1" falsecount="1"/>
        <line num="262" count="0" type="stmt"/>
        <line num="263" count="0" type="stmt"/>
        <line num="265" count="32" type="stmt"/>
        <line num="278" count="10" type="stmt"/>
        <line num="279" count="10" type="stmt"/>
        <line num="280" count="10" type="stmt"/>
        <line num="281" count="10" type="cond" truecount="1" falsecount="1"/>
        <line num="282" count="0" type="stmt"/>
        <line num="283" count="0" type="stmt"/>
        <line num="285" count="10" type="stmt"/>
        <line num="290" count="0" type="stmt"/>
        <line num="291" count="0" type="stmt"/>
        <line num="292" count="0" type="stmt"/>
        <line num="293" count="0" type="cond" truecount="0" falsecount="2"/>
        <line num="294" count="0" type="stmt"/>
        <line num="295" count="0" type="stmt"/>
        <line num="297" count="0" type="stmt"/>
        <line num="302" count="14" type="stmt"/>
        <line num="303" count="14" type="stmt"/>
        <line num="304" count="14" type="stmt"/>
        <line num="305" count="14" type="cond" truecount="1" falsecount="1"/>
        <line num="306" count="0" type="stmt"/>
        <line num="307" count="0" type="stmt"/>
        <line num="309" count="14" type="stmt"/>
        <line num="322" count="10" type="stmt"/>
        <line num="323" count="10" type="stmt"/>
        <line num="324" count="10" type="stmt"/>
        <line num="325" count="10" type="cond" truecount="1" falsecount="1"/>
        <line num="326" count="0" type="stmt"/>
        <line num="327" count="0" type="stmt"/>
        <line num="329" count="10" type="stmt"/>
        <line num="334" count="0" type="stmt"/>
        <line num="335" count="0" type="stmt"/>
        <line num="336" count="0" type="stmt"/>
        <line num="337" count="0" type="cond" truecount="0" falsecount="2"/>
        <line num="338" count="0" type="stmt"/>
        <line num="339" count="0" type="stmt"/>
        <line num="341" count="0" type="stmt"/>
        <line num="346" count="24" type="stmt"/>
        <line num="347" count="24" type="stmt"/>
        <line num="348" count="24" type="stmt"/>
        <line num="349" count="24" type="cond" truecount="1" falsecount="1"/>
        <line num="350" count="0" type="stmt"/>
        <line num="351" count="0" type="stmt"/>
        <line num="353" count="24" type="stmt"/>
        <line num="366" count="10" type="stmt"/>
        <line num="367" count="10" type="stmt"/>
        <line num="368" count="10" type="stmt"/>
        <line num="369" count="10" type="cond" truecount="1" falsecount="1"/>
        <line num="370" count="0" type="stmt"/>
        <line num="371" count="0" type="stmt"/>
        <line num="373" count="10" type="stmt"/>
        <line num="379" count="0" type="stmt"/>
        <line num="380" count="0" type="stmt"/>
        <line num="381" count="0" type="stmt"/>
        <line num="382" count="0" type="cond" truecount="0" falsecount="2"/>
        <line num="383" count="0" type="stmt"/>
        <line num="384" count="0" type="stmt"/>
        <line num="386" count="0" type="stmt"/>
        <line num="392" count="9" type="stmt"/>
        <line num="393" count="9" type="stmt"/>
        <line num="394" count="9" type="stmt"/>
        <line num="395" count="9" type="cond" truecount="1" falsecount="1"/>
        <line num="396" count="0" type="stmt"/>
        <line num="397" count="0" type="stmt"/>
        <line num="399" count="9" type="stmt"/>
        <line num="417" count="10" type="stmt"/>
        <line num="418" count="10" type="stmt"/>
        <line num="419" count="10" type="stmt"/>
        <line num="420" count="10" type="cond" truecount="1" falsecount="1"/>
        <line num="421" count="0" type="stmt"/>
        <line num="422" count="0" type="stmt"/>
        <line num="424" count="10" type="stmt"/>
        <line num="431" count="0" type="stmt"/>
        <line num="432" count="0" type="stmt"/>
        <line num="433" count="0" type="stmt"/>
        <line num="434" count="0" type="cond" truecount="0" falsecount="2"/>
        <line num="435" count="0" type="stmt"/>
        <line num="436" count="0" type="stmt"/>
        <line num="438" count="0" type="stmt"/>
        <line num="452" count="10" type="stmt"/>
        <line num="453" count="10" type="stmt"/>
        <line num="454" count="10" type="stmt"/>
        <line num="455" count="10" type="cond" truecount="1" falsecount="1"/>
        <line num="456" count="0" type="stmt"/>
        <line num="457" count="0" type="stmt"/>
        <line num="459" count="10" type="stmt"/>
        <line num="466" count="0" type="stmt"/>
        <line num="467" count="0" type="stmt"/>
        <line num="468" count="0" type="stmt"/>
        <line num="469" count="0" type="cond" truecount="0" falsecount="2"/>
        <line num="470" count="0" type="stmt"/>
        <line num="471" count="0" type="stmt"/>
        <line num="473" count="0" type="stmt"/>
        <line num="487" count="10" type="stmt"/>
        <line num="488" count="10" type="stmt"/>
        <line num="489" count="10" type="stmt"/>
        <line num="490" count="10" type="cond" truecount="1" falsecount="1"/>
        <line num="491" count="0" type="stmt"/>
        <line num="492" count="0" type="stmt"/>
        <line num="494" count="10" type="stmt"/>
        <line num="501" count="0" type="stmt"/>
        <line num="502" count="0" type="stmt"/>
        <line num="503" count="0" type="stmt"/>
        <line num="504" count="0" type="cond" truecount="0" falsecount="2"/>
        <line num="505" count="0" type="stmt"/>
        <line num="506" count="0" type="stmt"/>
        <line num="508" count="0" type="stmt"/>
        <line num="518" count="11" type="stmt"/>
      </file>
      <file name="mock_dao.js" path="/Users/peipi98/Documents/PoliTO/Materie/Software_Engineering/team30/SoftEng_garbageCollector/code/server/unit_test/test_DB/mock_dao.js">
        <metrics statements="3" coveredstatements="3" conditionals="0" coveredconditionals="0" methods="0" coveredmethods="0"/>
        <line num="1" count="10" type="stmt"/>
        <line num="2" count="10" type="stmt"/>
        <line num="3" count="10" type="stmt"/>
      </file>
    </package>
  </project>
</coverage>
