{"/Users/davidearcolini/Desktop/PoliTo_CyberSecurity/Courses/Software_Engineering/Exam_Project/SoftEng_garbageCollector/code/server/controller/RestockOrderController.js": {"path":"/Users/davidearcolini/Desktop/PoliTo_CyberSecurity/Courses/Software_Engineering/Exam_Project/SoftEng_garbageCollector/code/server/controller/RestockOrderController.js","statementMap":{"0":{"start":{"line":4,"column":22},"end":{"line":4,"column":39}},"1":{"start":{"line":5,"column":22},"end":{"line":5,"column":54}},"2":{"start":{"line":9,"column":18},"end":{"line":9,"column":62}},"3":{"start":{"line":10,"column":18},"end":{"line":10,"column":44}},"4":{"start":{"line":11,"column":18},"end":{"line":11,"column":49}},"5":{"start":{"line":12,"column":18},"end":{"line":12,"column":52}},"6":{"start":{"line":13,"column":18},"end":{"line":13,"column":51}},"7":{"start":{"line":32,"column":8},"end":{"line":32,"column":50}},"8":{"start":{"line":35,"column":25},"end":{"line":47,"column":5}},"9":{"start":{"line":37,"column":8},"end":{"line":45,"column":9}},"10":{"start":{"line":39,"column":12},"end":{"line":39,"column":79}},"11":{"start":{"line":40,"column":12},"end":{"line":40,"column":29}},"12":{"start":{"line":43,"column":12},"end":{"line":43,"column":24}},"13":{"start":{"line":51,"column":23},"end":{"line":79,"column":5}},"14":{"start":{"line":53,"column":8},"end":{"line":77,"column":13}},"15":{"start":{"line":55,"column":34},"end":{"line":55,"column":69}},"16":{"start":{"line":58,"column":16},"end":{"line":72,"column":20}},"17":{"start":{"line":60,"column":20},"end":{"line":60,"column":82}},"18":{"start":{"line":62,"column":20},"end":{"line":62,"column":82}},"19":{"start":{"line":64,"column":20},"end":{"line":70,"column":21}},"20":{"start":{"line":65,"column":24},"end":{"line":65,"column":46}},"21":{"start":{"line":68,"column":24},"end":{"line":68,"column":76}},"22":{"start":{"line":69,"column":24},"end":{"line":69,"column":46}},"23":{"start":{"line":71,"column":20},"end":{"line":71,"column":29}},"24":{"start":{"line":73,"column":16},"end":{"line":73,"column":37}},"25":{"start":{"line":76,"column":16},"end":{"line":76,"column":28}},"26":{"start":{"line":81,"column":29},"end":{"line":104,"column":5}},"27":{"start":{"line":82,"column":8},"end":{"line":103,"column":9}},"28":{"start":{"line":84,"column":40},"end":{"line":84,"column":81}},"29":{"start":{"line":87,"column":12},"end":{"line":98,"column":16}},"30":{"start":{"line":89,"column":16},"end":{"line":89,"column":78}},"31":{"start":{"line":92,"column":16},"end":{"line":92,"column":78}},"32":{"start":{"line":95,"column":16},"end":{"line":95,"column":38}},"33":{"start":{"line":97,"column":16},"end":{"line":97,"column":25}},"34":{"start":{"line":99,"column":12},"end":{"line":99,"column":39}},"35":{"start":{"line":102,"column":12},"end":{"line":102,"column":24}},"36":{"start":{"line":106,"column":26},"end":{"line":143,"column":5}},"37":{"start":{"line":107,"column":12},"end":{"line":141,"column":9}},"38":{"start":{"line":109,"column":33},"end":{"line":109,"column":73}},"39":{"start":{"line":110,"column":12},"end":{"line":112,"column":13}},"40":{"start":{"line":111,"column":16},"end":{"line":111,"column":33}},"41":{"start":{"line":114,"column":25},"end":{"line":114,"column":223}},"42":{"start":{"line":117,"column":27},"end":{"line":127,"column":6}},"43":{"start":{"line":118,"column":16},"end":{"line":118,"column":27}},"44":{"start":{"line":119,"column":16},"end":{"line":119,"column":34}},"45":{"start":{"line":120,"column":16},"end":{"line":120,"column":30}},"46":{"start":{"line":121,"column":16},"end":{"line":121,"column":35}},"47":{"start":{"line":122,"column":16},"end":{"line":122,"column":37}},"48":{"start":{"line":123,"column":16},"end":{"line":123,"column":29}},"49":{"start":{"line":125,"column":16},"end":{"line":125,"column":25}},"50":{"start":{"line":128,"column":12},"end":{"line":128,"column":68}},"51":{"start":{"line":130,"column":12},"end":{"line":130,"column":94}},"52":{"start":{"line":132,"column":12},"end":{"line":134,"column":13}},"53":{"start":{"line":133,"column":16},"end":{"line":133,"column":44}},"54":{"start":{"line":136,"column":12},"end":{"line":137,"column":37}},"55":{"start":{"line":140,"column":12},"end":{"line":140,"column":24}},"56":{"start":{"line":145,"column":25},"end":{"line":153,"column":5}},"57":{"start":{"line":147,"column":8},"end":{"line":152,"column":9}},"58":{"start":{"line":148,"column":12},"end":{"line":148,"column":52}},"59":{"start":{"line":149,"column":12},"end":{"line":149,"column":29}},"60":{"start":{"line":151,"column":12},"end":{"line":151,"column":24}},"61":{"start":{"line":155,"column":30},"end":{"line":171,"column":1}},"62":{"start":{"line":157,"column":8},"end":{"line":169,"column":9}},"63":{"start":{"line":159,"column":25},"end":{"line":159,"column":65}},"64":{"start":{"line":160,"column":12},"end":{"line":162,"column":13}},"65":{"start":{"line":161,"column":16},"end":{"line":161,"column":33}},"66":{"start":{"line":164,"column":11},"end":{"line":164,"column":65}},"67":{"start":{"line":165,"column":11},"end":{"line":165,"column":28}},"68":{"start":{"line":168,"column":12},"end":{"line":168,"column":24}},"69":{"start":{"line":173,"column":18},"end":{"line":192,"column":5}},"70":{"start":{"line":175,"column":8},"end":{"line":190,"column":9}},"71":{"start":{"line":176,"column":31},"end":{"line":176,"column":71}},"72":{"start":{"line":177,"column":12},"end":{"line":179,"column":13}},"73":{"start":{"line":178,"column":16},"end":{"line":178,"column":33}},"74":{"start":{"line":181,"column":12},"end":{"line":184,"column":13}},"75":{"start":{"line":183,"column":16},"end":{"line":183,"column":33}},"76":{"start":{"line":185,"column":12},"end":{"line":185,"column":54}},"77":{"start":{"line":186,"column":12},"end":{"line":186,"column":29}},"78":{"start":{"line":189,"column":12},"end":{"line":189,"column":24}},"79":{"start":{"line":194,"column":23},"end":{"line":209,"column":5}},"80":{"start":{"line":195,"column":8},"end":{"line":207,"column":9}},"81":{"start":{"line":196,"column":31},"end":{"line":196,"column":71}},"82":{"start":{"line":197,"column":12},"end":{"line":199,"column":13}},"83":{"start":{"line":198,"column":16},"end":{"line":198,"column":33}},"84":{"start":{"line":200,"column":12},"end":{"line":202,"column":13}},"85":{"start":{"line":201,"column":16},"end":{"line":201,"column":33}},"86":{"start":{"line":203,"column":12},"end":{"line":203,"column":64}},"87":{"start":{"line":204,"column":12},"end":{"line":204,"column":29}},"88":{"start":{"line":206,"column":12},"end":{"line":206,"column":24}},"89":{"start":{"line":211,"column":21},"end":{"line":243,"column":5}},"90":{"start":{"line":214,"column":8},"end":{"line":242,"column":9}},"91":{"start":{"line":215,"column":31},"end":{"line":215,"column":71}},"92":{"start":{"line":216,"column":12},"end":{"line":218,"column":13}},"93":{"start":{"line":217,"column":16},"end":{"line":217,"column":33}},"94":{"start":{"line":220,"column":12},"end":{"line":222,"column":13}},"95":{"start":{"line":221,"column":15},"end":{"line":221,"column":32}},"96":{"start":{"line":224,"column":27},"end":{"line":224,"column":73}},"97":{"start":{"line":226,"column":25},"end":{"line":237,"column":14}},"98":{"start":{"line":228,"column":16},"end":{"line":228,"column":75}},"99":{"start":{"line":230,"column":34},"end":{"line":230,"column":72}},"100":{"start":{"line":233,"column":16},"end":{"line":235,"column":17}},"101":{"start":{"line":233,"column":70},"end":{"line":233,"column":85}},"102":{"start":{"line":234,"column":20},"end":{"line":234,"column":29}},"103":{"start":{"line":238,"column":12},"end":{"line":238,"column":48}},"104":{"start":{"line":241,"column":12},"end":{"line":241,"column":24}},"105":{"start":{"line":248,"column":0},"end":{"line":248,"column":40}}},"fnMap":{"0":{"name":"(anonymous_0)","decl":{"start":{"line":31,"column":4},"end":{"line":31,"column":5}},"loc":{"start":{"line":31,"column":35},"end":{"line":33,"column":5}},"line":31},"1":{"name":"(anonymous_1)","decl":{"start":{"line":35,"column":25},"end":{"line":35,"column":26}},"loc":{"start":{"line":35,"column":66},"end":{"line":47,"column":5}},"line":35},"2":{"name":"(anonymous_2)","decl":{"start":{"line":51,"column":23},"end":{"line":51,"column":24}},"loc":{"start":{"line":51,"column":34},"end":{"line":79,"column":5}},"line":51},"3":{"name":"(anonymous_3)","decl":{"start":{"line":58,"column":52},"end":{"line":58,"column":53}},"loc":{"start":{"line":58,"column":65},"end":{"line":72,"column":17}},"line":58},"4":{"name":"(anonymous_4)","decl":{"start":{"line":81,"column":29},"end":{"line":81,"column":30}},"loc":{"start":{"line":81,"column":40},"end":{"line":104,"column":5}},"line":81},"5":{"name":"(anonymous_5)","decl":{"start":{"line":87,"column":54},"end":{"line":87,"column":55}},"loc":{"start":{"line":87,"column":67},"end":{"line":98,"column":13}},"line":87},"6":{"name":"(anonymous_6)","decl":{"start":{"line":106,"column":26},"end":{"line":106,"column":27}},"loc":{"start":{"line":106,"column":40},"end":{"line":143,"column":5}},"line":106},"7":{"name":"(anonymous_7)","decl":{"start":{"line":117,"column":45},"end":{"line":117,"column":46}},"loc":{"start":{"line":117,"column":50},"end":{"line":127,"column":5}},"line":117},"8":{"name":"(anonymous_8)","decl":{"start":{"line":145,"column":25},"end":{"line":145,"column":26}},"loc":{"start":{"line":145,"column":39},"end":{"line":153,"column":5}},"line":145},"9":{"name":"(anonymous_9)","decl":{"start":{"line":155,"column":30},"end":{"line":155,"column":31}},"loc":{"start":{"line":155,"column":52},"end":{"line":171,"column":1}},"line":155},"10":{"name":"(anonymous_10)","decl":{"start":{"line":173,"column":18},"end":{"line":173,"column":19}},"loc":{"start":{"line":173,"column":40},"end":{"line":192,"column":5}},"line":173},"11":{"name":"(anonymous_11)","decl":{"start":{"line":194,"column":23},"end":{"line":194,"column":24}},"loc":{"start":{"line":194,"column":50},"end":{"line":209,"column":5}},"line":194},"12":{"name":"(anonymous_12)","decl":{"start":{"line":211,"column":21},"end":{"line":211,"column":22}},"loc":{"start":{"line":211,"column":34},"end":{"line":243,"column":5}},"line":211},"13":{"name":"(anonymous_13)","decl":{"start":{"line":226,"column":47},"end":{"line":226,"column":48}},"loc":{"start":{"line":226,"column":58},"end":{"line":237,"column":13}},"line":226},"14":{"name":"(anonymous_14)","decl":{"start":{"line":233,"column":65},"end":{"line":233,"column":66}},"loc":{"start":{"line":233,"column":70},"end":{"line":233,"column":85}},"line":233}},"branchMap":{"0":{"loc":{"start":{"line":64,"column":20},"end":{"line":70,"column":21}},"type":"if","locations":[{"start":{"line":64,"column":20},"end":{"line":70,"column":21}},{"start":{"line":66,"column":25},"end":{"line":70,"column":21}}],"line":64},"1":{"loc":{"start":{"line":110,"column":12},"end":{"line":112,"column":13}},"type":"if","locations":[{"start":{"line":110,"column":12},"end":{"line":112,"column":13}},{"start":{},"end":{}}],"line":110},"2":{"loc":{"start":{"line":132,"column":12},"end":{"line":134,"column":13}},"type":"if","locations":[{"start":{"line":132,"column":12},"end":{"line":134,"column":13}},{"start":{},"end":{}}],"line":132},"3":{"loc":{"start":{"line":160,"column":12},"end":{"line":162,"column":13}},"type":"if","locations":[{"start":{"line":160,"column":12},"end":{"line":162,"column":13}},{"start":{},"end":{}}],"line":160},"4":{"loc":{"start":{"line":177,"column":12},"end":{"line":179,"column":13}},"type":"if","locations":[{"start":{"line":177,"column":12},"end":{"line":179,"column":13}},{"start":{},"end":{}}],"line":177},"5":{"loc":{"start":{"line":181,"column":12},"end":{"line":184,"column":13}},"type":"if","locations":[{"start":{"line":181,"column":12},"end":{"line":184,"column":13}},{"start":{},"end":{}}],"line":181},"6":{"loc":{"start":{"line":197,"column":12},"end":{"line":199,"column":13}},"type":"if","locations":[{"start":{"line":197,"column":12},"end":{"line":199,"column":13}},{"start":{},"end":{}}],"line":197},"7":{"loc":{"start":{"line":200,"column":12},"end":{"line":202,"column":13}},"type":"if","locations":[{"start":{"line":200,"column":12},"end":{"line":202,"column":13}},{"start":{},"end":{}}],"line":200},"8":{"loc":{"start":{"line":200,"column":15},"end":{"line":200,"column":129}},"type":"binary-expr","locations":[{"start":{"line":200,"column":15},"end":{"line":200,"column":49}},{"start":{"line":200,"column":53},"end":{"line":200,"column":129}}],"line":200},"9":{"loc":{"start":{"line":216,"column":12},"end":{"line":218,"column":13}},"type":"if","locations":[{"start":{"line":216,"column":12},"end":{"line":218,"column":13}},{"start":{},"end":{}}],"line":216},"10":{"loc":{"start":{"line":220,"column":12},"end":{"line":222,"column":13}},"type":"if","locations":[{"start":{"line":220,"column":12},"end":{"line":222,"column":13}},{"start":{},"end":{}}],"line":220},"11":{"loc":{"start":{"line":233,"column":16},"end":{"line":235,"column":17}},"type":"if","locations":[{"start":{"line":233,"column":16},"end":{"line":235,"column":17}},{"start":{},"end":{}}],"line":233},"12":{"loc":{"start":{"line":233,"column":19},"end":{"line":233,"column":96}},"type":"binary-expr","locations":[{"start":{"line":233,"column":19},"end":{"line":233,"column":42}},{"start":{"line":233,"column":46},"end":{"line":233,"column":96}}],"line":233}},"s":{"0":1,"1":1,"2":1,"3":1,"4":1,"5":1,"6":1,"7":1,"8":1,"9":1,"10":1,"11":0,"12":1,"13":1,"14":0,"15":0,"16":0,"17":0,"18":0,"19":0,"20":0,"21":0,"22":0,"23":0,"24":0,"25":0,"26":1,"27":0,"28":0,"29":0,"30":0,"31":0,"32":0,"33":0,"34":0,"35":0,"36":1,"37":0,"38":0,"39":0,"40":0,"41":0,"42":0,"43":0,"44":0,"45":0,"46":0,"47":0,"48":0,"49":0,"50":0,"51":0,"52":0,"53":0,"54":0,"55":0,"56":1,"57":0,"58":0,"59":0,"60":0,"61":1,"62":0,"63":0,"64":0,"65":0,"66":0,"67":0,"68":0,"69":1,"70":0,"71":0,"72":0,"73":0,"74":0,"75":0,"76":0,"77":0,"78":0,"79":1,"80":0,"81":0,"82":0,"83":0,"84":0,"85":0,"86":0,"87":0,"88":0,"89":1,"90":0,"91":0,"92":0,"93":0,"94":0,"95":0,"96":0,"97":0,"98":0,"99":0,"100":0,"101":0,"102":0,"103":0,"104":0,"105":1},"f":{"0":1,"1":1,"2":0,"3":0,"4":0,"5":0,"6":0,"7":0,"8":0,"9":0,"10":0,"11":0,"12":0,"13":0,"14":0},"b":{"0":[0,0],"1":[0,0],"2":[0,0],"3":[0,0],"4":[0,0],"5":[0,0],"6":[0,0],"7":[0,0],"8":[0,0],"9":[0,0],"10":[0,0],"11":[0,0],"12":[0,0]},"_coverageSchema":"1a1c01bbd47fc00a2c39e90264f33305004495a9","hash":"d75f9da4c7378ff4599f577c7b7c4063dddadff5"}
,"/Users/davidearcolini/Desktop/PoliTo_CyberSecurity/Courses/Software_Engineering/Exam_Project/SoftEng_garbageCollector/code/server/db/RestockOrderDAO.js": {"path":"/Users/davidearcolini/Desktop/PoliTo_CyberSecurity/Courses/Software_Engineering/Exam_Project/SoftEng_garbageCollector/code/server/db/RestockOrderDAO.js","statementMap":{"0":{"start":{"line":25,"column":9},"end":{"line":25,"column":38}},"1":{"start":{"line":39,"column":37},"end":{"line":54,"column":9}},"2":{"start":{"line":41,"column":29},"end":{"line":41,"column":156}},"3":{"start":{"line":42,"column":12},"end":{"line":53,"column":14}},"4":{"start":{"line":45,"column":16},"end":{"line":49,"column":14}},"5":{"start":{"line":46,"column":20},"end":{"line":46,"column":31}},"6":{"start":{"line":47,"column":20},"end":{"line":47,"column":29}},"7":{"start":{"line":50,"column":16},"end":{"line":50,"column":30}},"8":{"start":{"line":52,"column":16},"end":{"line":52,"column":47}},"9":{"start":{"line":61,"column":38},"end":{"line":71,"column":9}},"10":{"start":{"line":63,"column":29},"end":{"line":63,"column":102}},"11":{"start":{"line":64,"column":12},"end":{"line":70,"column":14}},"12":{"start":{"line":67,"column":16},"end":{"line":67,"column":30}},"13":{"start":{"line":69,"column":16},"end":{"line":69,"column":47}},"14":{"start":{"line":79,"column":24},"end":{"line":89,"column":5}},"15":{"start":{"line":81,"column":25},"end":{"line":81,"column":112}},"16":{"start":{"line":82,"column":8},"end":{"line":88,"column":10}},"17":{"start":{"line":85,"column":12},"end":{"line":85,"column":26}},"18":{"start":{"line":87,"column":12},"end":{"line":87,"column":43}},"19":{"start":{"line":97,"column":35},"end":{"line":107,"column":9}},"20":{"start":{"line":99,"column":29},"end":{"line":99,"column":131}},"21":{"start":{"line":100,"column":12},"end":{"line":106,"column":14}},"22":{"start":{"line":103,"column":16},"end":{"line":103,"column":30}},"23":{"start":{"line":105,"column":16},"end":{"line":105,"column":47}},"24":{"start":{"line":115,"column":27},"end":{"line":127,"column":6}},"25":{"start":{"line":116,"column":26},"end":{"line":116,"column":227}},"26":{"start":{"line":117,"column":9},"end":{"line":126,"column":12}},"27":{"start":{"line":123,"column":13},"end":{"line":123,"column":27}},"28":{"start":{"line":125,"column":13},"end":{"line":125,"column":44}},"29":{"start":{"line":137,"column":26},"end":{"line":164,"column":6}},"30":{"start":{"line":139,"column":8},"end":{"line":163,"column":9}},"31":{"start":{"line":140,"column":23},"end":{"line":140,"column":65}},"32":{"start":{"line":141,"column":21},"end":{"line":141,"column":49}},"33":{"start":{"line":142,"column":15},"end":{"line":142,"column":16}},"34":{"start":{"line":143,"column":8},"end":{"line":144,"column":29}},"35":{"start":{"line":144,"column":12},"end":{"line":144,"column":29}},"36":{"start":{"line":147,"column":12},"end":{"line":155,"column":14}},"37":{"start":{"line":149,"column":16},"end":{"line":153,"column":20}},"38":{"start":{"line":150,"column":20},"end":{"line":150,"column":143}},"39":{"start":{"line":152,"column":20},"end":{"line":152,"column":128}},"40":{"start":{"line":157,"column":12},"end":{"line":157,"column":22}},"41":{"start":{"line":161,"column":12},"end":{"line":161,"column":43}},"42":{"start":{"line":172,"column":31},"end":{"line":186,"column":6}},"43":{"start":{"line":173,"column":26},"end":{"line":173,"column":73}},"44":{"start":{"line":174,"column":9},"end":{"line":185,"column":12}},"45":{"start":{"line":181,"column":13},"end":{"line":181,"column":26}},"46":{"start":{"line":184,"column":13},"end":{"line":184,"column":44}},"47":{"start":{"line":195,"column":20},"end":{"line":220,"column":5}},"48":{"start":{"line":196,"column":8},"end":{"line":219,"column":9}},"49":{"start":{"line":197,"column":12},"end":{"line":214,"column":13}},"50":{"start":{"line":199,"column":25},"end":{"line":202,"column":69}},"51":{"start":{"line":205,"column":25},"end":{"line":205,"column":61}},"52":{"start":{"line":208,"column":16},"end":{"line":211,"column":65}},"53":{"start":{"line":212,"column":16},"end":{"line":212,"column":73}},"54":{"start":{"line":216,"column":12},"end":{"line":216,"column":22}},"55":{"start":{"line":218,"column":12},"end":{"line":218,"column":43}},"56":{"start":{"line":228,"column":29},"end":{"line":243,"column":9}},"57":{"start":{"line":229,"column":29},"end":{"line":229,"column":83}},"58":{"start":{"line":231,"column":12},"end":{"line":242,"column":15}},"59":{"start":{"line":238,"column":16},"end":{"line":238,"column":29}},"60":{"start":{"line":241,"column":16},"end":{"line":241,"column":47}},"61":{"start":{"line":250,"column":27},"end":{"line":263,"column":6}},"62":{"start":{"line":251,"column":26},"end":{"line":251,"column":66}},"63":{"start":{"line":252,"column":9},"end":{"line":262,"column":12}},"64":{"start":{"line":258,"column":13},"end":{"line":258,"column":38}},"65":{"start":{"line":259,"column":13},"end":{"line":259,"column":26}},"66":{"start":{"line":261,"column":13},"end":{"line":261,"column":44}},"67":{"start":{"line":266,"column":1},"end":{"line":266,"column":34}}},"fnMap":{"0":{"name":"(anonymous_0)","decl":{"start":{"line":24,"column":6},"end":{"line":24,"column":7}},"loc":{"start":{"line":24,"column":38},"end":{"line":26,"column":6}},"line":24},"1":{"name":"(anonymous_1)","decl":{"start":{"line":39,"column":37},"end":{"line":39,"column":38}},"loc":{"start":{"line":39,"column":51},"end":{"line":54,"column":9}},"line":39},"2":{"name":"(anonymous_2)","decl":{"start":{"line":44,"column":19},"end":{"line":44,"column":20}},"loc":{"start":{"line":44,"column":29},"end":{"line":51,"column":13}},"line":44},"3":{"name":"(anonymous_3)","decl":{"start":{"line":45,"column":27},"end":{"line":45,"column":28}},"loc":{"start":{"line":45,"column":32},"end":{"line":49,"column":13}},"line":45},"4":{"name":"(anonymous_4)","decl":{"start":{"line":51,"column":21},"end":{"line":51,"column":22}},"loc":{"start":{"line":51,"column":30},"end":{"line":53,"column":13}},"line":51},"5":{"name":"(anonymous_5)","decl":{"start":{"line":61,"column":38},"end":{"line":61,"column":39}},"loc":{"start":{"line":61,"column":52},"end":{"line":71,"column":9}},"line":61},"6":{"name":"(anonymous_6)","decl":{"start":{"line":66,"column":19},"end":{"line":66,"column":20}},"loc":{"start":{"line":66,"column":29},"end":{"line":68,"column":13}},"line":66},"7":{"name":"(anonymous_7)","decl":{"start":{"line":68,"column":21},"end":{"line":68,"column":22}},"loc":{"start":{"line":68,"column":30},"end":{"line":70,"column":13}},"line":68},"8":{"name":"(anonymous_8)","decl":{"start":{"line":79,"column":24},"end":{"line":79,"column":25}},"loc":{"start":{"line":79,"column":36},"end":{"line":89,"column":5}},"line":79},"9":{"name":"(anonymous_9)","decl":{"start":{"line":84,"column":15},"end":{"line":84,"column":16}},"loc":{"start":{"line":84,"column":25},"end":{"line":86,"column":9}},"line":84},"10":{"name":"(anonymous_10)","decl":{"start":{"line":86,"column":17},"end":{"line":86,"column":18}},"loc":{"start":{"line":86,"column":26},"end":{"line":88,"column":9}},"line":86},"11":{"name":"(anonymous_11)","decl":{"start":{"line":97,"column":35},"end":{"line":97,"column":36}},"loc":{"start":{"line":97,"column":47},"end":{"line":107,"column":9}},"line":97},"12":{"name":"(anonymous_12)","decl":{"start":{"line":102,"column":19},"end":{"line":102,"column":20}},"loc":{"start":{"line":102,"column":29},"end":{"line":104,"column":13}},"line":102},"13":{"name":"(anonymous_13)","decl":{"start":{"line":104,"column":21},"end":{"line":104,"column":22}},"loc":{"start":{"line":104,"column":30},"end":{"line":106,"column":13}},"line":104},"14":{"name":"(anonymous_14)","decl":{"start":{"line":115,"column":27},"end":{"line":115,"column":28}},"loc":{"start":{"line":115,"column":41},"end":{"line":127,"column":6}},"line":115},"15":{"name":"(anonymous_15)","decl":{"start":{"line":122,"column":16},"end":{"line":122,"column":17}},"loc":{"start":{"line":122,"column":28},"end":{"line":124,"column":10}},"line":122},"16":{"name":"(anonymous_16)","decl":{"start":{"line":124,"column":18},"end":{"line":124,"column":19}},"loc":{"start":{"line":124,"column":29},"end":{"line":126,"column":10}},"line":124},"17":{"name":"(anonymous_17)","decl":{"start":{"line":137,"column":26},"end":{"line":137,"column":27}},"loc":{"start":{"line":137,"column":67},"end":{"line":164,"column":6}},"line":137},"18":{"name":"(anonymous_18)","decl":{"start":{"line":147,"column":29},"end":{"line":147,"column":30}},"loc":{"start":{"line":148,"column":12},"end":{"line":155,"column":13}},"line":148},"19":{"name":"(anonymous_19)","decl":{"start":{"line":149,"column":69},"end":{"line":149,"column":70}},"loc":{"start":{"line":149,"column":81},"end":{"line":153,"column":17}},"line":149},"20":{"name":"(anonymous_20)","decl":{"start":{"line":172,"column":31},"end":{"line":172,"column":32}},"loc":{"start":{"line":172,"column":55},"end":{"line":186,"column":6}},"line":172},"21":{"name":"(anonymous_21)","decl":{"start":{"line":180,"column":16},"end":{"line":180,"column":17}},"loc":{"start":{"line":180,"column":28},"end":{"line":182,"column":10}},"line":180},"22":{"name":"(anonymous_22)","decl":{"start":{"line":182,"column":18},"end":{"line":182,"column":19}},"loc":{"start":{"line":182,"column":29},"end":{"line":185,"column":10}},"line":182},"23":{"name":"(anonymous_23)","decl":{"start":{"line":195,"column":20},"end":{"line":195,"column":21}},"loc":{"start":{"line":195,"column":44},"end":{"line":220,"column":5}},"line":195},"24":{"name":"(anonymous_24)","decl":{"start":{"line":228,"column":29},"end":{"line":228,"column":30}},"loc":{"start":{"line":228,"column":58},"end":{"line":243,"column":9}},"line":228},"25":{"name":"(anonymous_25)","decl":{"start":{"line":237,"column":19},"end":{"line":237,"column":20}},"loc":{"start":{"line":237,"column":31},"end":{"line":239,"column":13}},"line":237},"26":{"name":"(anonymous_26)","decl":{"start":{"line":239,"column":21},"end":{"line":239,"column":22}},"loc":{"start":{"line":239,"column":32},"end":{"line":242,"column":13}},"line":239},"27":{"name":"(anonymous_27)","decl":{"start":{"line":250,"column":27},"end":{"line":250,"column":28}},"loc":{"start":{"line":250,"column":41},"end":{"line":263,"column":6}},"line":250},"28":{"name":"(anonymous_28)","decl":{"start":{"line":257,"column":16},"end":{"line":257,"column":17}},"loc":{"start":{"line":257,"column":28},"end":{"line":260,"column":10}},"line":257},"29":{"name":"(anonymous_29)","decl":{"start":{"line":260,"column":18},"end":{"line":260,"column":19}},"loc":{"start":{"line":260,"column":29},"end":{"line":262,"column":10}},"line":260}},"branchMap":{"0":{"loc":{"start":{"line":143,"column":8},"end":{"line":144,"column":29}},"type":"if","locations":[{"start":{"line":143,"column":8},"end":{"line":144,"column":29}},{"start":{},"end":{}}],"line":143},"1":{"loc":{"start":{"line":143,"column":11},"end":{"line":143,"column":50}},"type":"binary-expr","locations":[{"start":{"line":143,"column":11},"end":{"line":143,"column":30}},{"start":{"line":143,"column":34},"end":{"line":143,"column":50}}],"line":143}},"s":{"0":2,"1":2,"2":0,"3":0,"4":0,"5":0,"6":0,"7":0,"8":0,"9":2,"10":0,"11":0,"12":0,"13":0,"14":2,"15":0,"16":0,"17":0,"18":0,"19":2,"20":0,"21":0,"22":0,"23":0,"24":2,"25":0,"26":0,"27":0,"28":0,"29":2,"30":1,"31":1,"32":1,"33":0,"34":0,"35":0,"36":0,"37":0,"38":0,"39":0,"40":0,"41":1,"42":2,"43":0,"44":0,"45":0,"46":0,"47":2,"48":0,"49":0,"50":0,"51":0,"52":0,"53":0,"54":0,"55":0,"56":2,"57":0,"58":0,"59":0,"60":0,"61":2,"62":0,"63":0,"64":0,"65":0,"66":0,"67":1},"f":{"0":2,"1":0,"2":0,"3":0,"4":0,"5":0,"6":0,"7":0,"8":0,"9":0,"10":0,"11":0,"12":0,"13":0,"14":0,"15":0,"16":0,"17":1,"18":0,"19":0,"20":0,"21":0,"22":0,"23":0,"24":0,"25":0,"26":0,"27":0,"28":0,"29":0},"b":{"0":[0,0],"1":[0,0]},"_coverageSchema":"1a1c01bbd47fc00a2c39e90264f33305004495a9","hash":"8605ece1610564494684738a04187cf82c9b950b"}
,"/Users/davidearcolini/Desktop/PoliTo_CyberSecurity/Courses/Software_Engineering/Exam_Project/SoftEng_garbageCollector/code/server/unit_test/real/Database/testDAO.js": {"path":"/Users/davidearcolini/Desktop/PoliTo_CyberSecurity/Courses/Software_Engineering/Exam_Project/SoftEng_garbageCollector/code/server/unit_test/real/Database/testDAO.js","statementMap":{"0":{"start":{"line":3,"column":15},"end":{"line":3,"column":33}},"1":{"start":{"line":4,"column":22},"end":{"line":4,"column":39}},"2":{"start":{"line":5,"column":22},"end":{"line":5,"column":24}},"3":{"start":{"line":10,"column":8},"end":{"line":12,"column":11}},"4":{"start":{"line":11,"column":12},"end":{"line":11,"column":30}},"5":{"start":{"line":11,"column":20},"end":{"line":11,"column":30}},"6":{"start":{"line":15,"column":8},"end":{"line":15,"column":29}},"7":{"start":{"line":16,"column":8},"end":{"line":16,"column":33}},"8":{"start":{"line":17,"column":8},"end":{"line":17,"column":28}},"9":{"start":{"line":18,"column":8},"end":{"line":18,"column":32}},"10":{"start":{"line":19,"column":8},"end":{"line":19,"column":26}},"11":{"start":{"line":20,"column":8},"end":{"line":20,"column":26}},"12":{"start":{"line":21,"column":8},"end":{"line":21,"column":25}},"13":{"start":{"line":22,"column":8},"end":{"line":22,"column":26}},"14":{"start":{"line":23,"column":8},"end":{"line":23,"column":26}},"15":{"start":{"line":24,"column":8},"end":{"line":24,"column":27}},"16":{"start":{"line":48,"column":8},"end":{"line":57,"column":10}},"17":{"start":{"line":49,"column":10},"end":{"line":56,"column":12}},"18":{"start":{"line":50,"column":12},"end":{"line":55,"column":13}},"19":{"start":{"line":52,"column":14},"end":{"line":52,"column":26}},"20":{"start":{"line":54,"column":14},"end":{"line":54,"column":42}},"21":{"start":{"line":61,"column":8},"end":{"line":70,"column":10}},"22":{"start":{"line":62,"column":10},"end":{"line":69,"column":12}},"23":{"start":{"line":63,"column":12},"end":{"line":68,"column":13}},"24":{"start":{"line":65,"column":14},"end":{"line":65,"column":25}},"25":{"start":{"line":67,"column":14},"end":{"line":67,"column":29}},"26":{"start":{"line":74,"column":8},"end":{"line":83,"column":10}},"27":{"start":{"line":75,"column":10},"end":{"line":82,"column":12}},"28":{"start":{"line":76,"column":12},"end":{"line":81,"column":13}},"29":{"start":{"line":78,"column":14},"end":{"line":78,"column":25}},"30":{"start":{"line":80,"column":14},"end":{"line":80,"column":27}},"31":{"start":{"line":104,"column":6},"end":{"line":124,"column":9}},"32":{"start":{"line":105,"column":26},"end":{"line":115,"column":92}},"33":{"start":{"line":117,"column":8},"end":{"line":123,"column":11}},"34":{"start":{"line":118,"column":10},"end":{"line":121,"column":11}},"35":{"start":{"line":119,"column":12},"end":{"line":119,"column":26}},"36":{"start":{"line":120,"column":12},"end":{"line":120,"column":19}},"37":{"start":{"line":122,"column":10},"end":{"line":122,"column":30}},"38":{"start":{"line":128,"column":6},"end":{"line":137,"column":9}},"39":{"start":{"line":129,"column":26},"end":{"line":129,"column":53}},"40":{"start":{"line":130,"column":8},"end":{"line":136,"column":11}},"41":{"start":{"line":131,"column":10},"end":{"line":134,"column":11}},"42":{"start":{"line":132,"column":12},"end":{"line":132,"column":26}},"43":{"start":{"line":133,"column":12},"end":{"line":133,"column":19}},"44":{"start":{"line":135,"column":10},"end":{"line":135,"column":31}},"45":{"start":{"line":148,"column":6},"end":{"line":165,"column":9}},"46":{"start":{"line":150,"column":26},"end":{"line":156,"column":72}},"47":{"start":{"line":158,"column":8},"end":{"line":164,"column":11}},"48":{"start":{"line":159,"column":10},"end":{"line":162,"column":11}},"49":{"start":{"line":160,"column":12},"end":{"line":160,"column":26}},"50":{"start":{"line":161,"column":12},"end":{"line":161,"column":19}},"51":{"start":{"line":163,"column":10},"end":{"line":163,"column":30}},"52":{"start":{"line":169,"column":6},"end":{"line":178,"column":9}},"53":{"start":{"line":170,"column":26},"end":{"line":170,"column":57}},"54":{"start":{"line":171,"column":8},"end":{"line":177,"column":11}},"55":{"start":{"line":172,"column":10},"end":{"line":175,"column":11}},"56":{"start":{"line":173,"column":12},"end":{"line":173,"column":26}},"57":{"start":{"line":174,"column":12},"end":{"line":174,"column":19}},"58":{"start":{"line":176,"column":10},"end":{"line":176,"column":31}},"59":{"start":{"line":189,"column":6},"end":{"line":209,"column":9}},"60":{"start":{"line":191,"column":26},"end":{"line":200,"column":91}},"61":{"start":{"line":202,"column":8},"end":{"line":208,"column":11}},"62":{"start":{"line":203,"column":10},"end":{"line":206,"column":11}},"63":{"start":{"line":204,"column":12},"end":{"line":204,"column":26}},"64":{"start":{"line":205,"column":12},"end":{"line":205,"column":19}},"65":{"start":{"line":207,"column":10},"end":{"line":207,"column":30}},"66":{"start":{"line":213,"column":6},"end":{"line":222,"column":9}},"67":{"start":{"line":214,"column":26},"end":{"line":214,"column":58}},"68":{"start":{"line":215,"column":8},"end":{"line":221,"column":11}},"69":{"start":{"line":216,"column":10},"end":{"line":219,"column":11}},"70":{"start":{"line":217,"column":12},"end":{"line":217,"column":26}},"71":{"start":{"line":218,"column":12},"end":{"line":218,"column":19}},"72":{"start":{"line":220,"column":10},"end":{"line":220,"column":31}},"73":{"start":{"line":233,"column":6},"end":{"line":242,"column":9}},"74":{"start":{"line":234,"column":22},"end":{"line":234,"column":237}},"75":{"start":{"line":235,"column":10},"end":{"line":241,"column":13}},"76":{"start":{"line":236,"column":14},"end":{"line":239,"column":15}},"77":{"start":{"line":237,"column":18},"end":{"line":237,"column":27}},"78":{"start":{"line":238,"column":18},"end":{"line":238,"column":25}},"79":{"start":{"line":240,"column":14},"end":{"line":240,"column":31}},"80":{"start":{"line":245,"column":4},"end":{"line":254,"column":7}},"81":{"start":{"line":246,"column":20},"end":{"line":246,"column":57}},"82":{"start":{"line":247,"column":8},"end":{"line":253,"column":11}},"83":{"start":{"line":248,"column":12},"end":{"line":251,"column":13}},"84":{"start":{"line":249,"column":16},"end":{"line":249,"column":25}},"85":{"start":{"line":250,"column":16},"end":{"line":250,"column":23}},"86":{"start":{"line":252,"column":12},"end":{"line":252,"column":29}},"87":{"start":{"line":265,"column":4},"end":{"line":274,"column":7}},"88":{"start":{"line":266,"column":20},"end":{"line":266,"column":205}},"89":{"start":{"line":267,"column":8},"end":{"line":273,"column":11}},"90":{"start":{"line":268,"column":12},"end":{"line":271,"column":13}},"91":{"start":{"line":269,"column":16},"end":{"line":269,"column":25}},"92":{"start":{"line":270,"column":16},"end":{"line":270,"column":23}},"93":{"start":{"line":272,"column":12},"end":{"line":272,"column":29}},"94":{"start":{"line":277,"column":4},"end":{"line":286,"column":7}},"95":{"start":{"line":278,"column":20},"end":{"line":278,"column":56}},"96":{"start":{"line":279,"column":8},"end":{"line":285,"column":11}},"97":{"start":{"line":280,"column":12},"end":{"line":283,"column":13}},"98":{"start":{"line":281,"column":16},"end":{"line":281,"column":25}},"99":{"start":{"line":282,"column":16},"end":{"line":282,"column":23}},"100":{"start":{"line":284,"column":12},"end":{"line":284,"column":29}},"101":{"start":{"line":297,"column":4},"end":{"line":306,"column":7}},"102":{"start":{"line":298,"column":20},"end":{"line":298,"column":218}},"103":{"start":{"line":299,"column":8},"end":{"line":305,"column":11}},"104":{"start":{"line":300,"column":12},"end":{"line":303,"column":13}},"105":{"start":{"line":301,"column":16},"end":{"line":301,"column":25}},"106":{"start":{"line":302,"column":16},"end":{"line":302,"column":23}},"107":{"start":{"line":304,"column":12},"end":{"line":304,"column":29}},"108":{"start":{"line":309,"column":4},"end":{"line":318,"column":7}},"109":{"start":{"line":310,"column":20},"end":{"line":310,"column":58}},"110":{"start":{"line":311,"column":8},"end":{"line":317,"column":11}},"111":{"start":{"line":312,"column":12},"end":{"line":315,"column":13}},"112":{"start":{"line":313,"column":16},"end":{"line":313,"column":25}},"113":{"start":{"line":314,"column":16},"end":{"line":314,"column":23}},"114":{"start":{"line":316,"column":12},"end":{"line":316,"column":29}},"115":{"start":{"line":330,"column":16},"end":{"line":372,"column":3}},"116":{"start":{"line":373,"column":4},"end":{"line":402,"column":7}},"117":{"start":{"line":374,"column":16},"end":{"line":374,"column":161}},"118":{"start":{"line":375,"column":6},"end":{"line":381,"column":9}},"119":{"start":{"line":376,"column":8},"end":{"line":379,"column":11}},"120":{"start":{"line":377,"column":10},"end":{"line":377,"column":19}},"121":{"start":{"line":378,"column":12},"end":{"line":378,"column":19}},"122":{"start":{"line":380,"column":8},"end":{"line":380,"column":25}},"123":{"start":{"line":383,"column":20},"end":{"line":389,"column":7}},"124":{"start":{"line":390,"column":6},"end":{"line":390,"column":102}},"125":{"start":{"line":391,"column":6},"end":{"line":400,"column":8}},"126":{"start":{"line":392,"column":19},"end":{"line":392,"column":60}},"127":{"start":{"line":393,"column":8},"end":{"line":399,"column":11}},"128":{"start":{"line":394,"column":10},"end":{"line":397,"column":13}},"129":{"start":{"line":395,"column":12},"end":{"line":395,"column":21}},"130":{"start":{"line":396,"column":14},"end":{"line":396,"column":21}},"131":{"start":{"line":398,"column":10},"end":{"line":398,"column":27}},"132":{"start":{"line":406,"column":4},"end":{"line":415,"column":7}},"133":{"start":{"line":407,"column":18},"end":{"line":407,"column":46}},"134":{"start":{"line":408,"column":6},"end":{"line":414,"column":9}},"135":{"start":{"line":409,"column":10},"end":{"line":412,"column":11}},"136":{"start":{"line":410,"column":14},"end":{"line":410,"column":23}},"137":{"start":{"line":411,"column":14},"end":{"line":411,"column":21}},"138":{"start":{"line":413,"column":10},"end":{"line":413,"column":27}},"139":{"start":{"line":419,"column":4},"end":{"line":428,"column":7}},"140":{"start":{"line":420,"column":18},"end":{"line":420,"column":37}},"141":{"start":{"line":421,"column":6},"end":{"line":427,"column":9}},"142":{"start":{"line":422,"column":10},"end":{"line":425,"column":11}},"143":{"start":{"line":423,"column":14},"end":{"line":423,"column":23}},"144":{"start":{"line":424,"column":14},"end":{"line":424,"column":21}},"145":{"start":{"line":426,"column":10},"end":{"line":426,"column":27}},"146":{"start":{"line":443,"column":4},"end":{"line":452,"column":7}},"147":{"start":{"line":444,"column":20},"end":{"line":444,"column":148}},"148":{"start":{"line":445,"column":8},"end":{"line":451,"column":11}},"149":{"start":{"line":446,"column":12},"end":{"line":449,"column":13}},"150":{"start":{"line":447,"column":16},"end":{"line":447,"column":25}},"151":{"start":{"line":448,"column":16},"end":{"line":448,"column":23}},"152":{"start":{"line":450,"column":12},"end":{"line":450,"column":29}},"153":{"start":{"line":457,"column":4},"end":{"line":466,"column":5}},"154":{"start":{"line":458,"column":18},"end":{"line":458,"column":57}},"155":{"start":{"line":459,"column":6},"end":{"line":465,"column":9}},"156":{"start":{"line":460,"column":10},"end":{"line":463,"column":11}},"157":{"start":{"line":461,"column":14},"end":{"line":461,"column":23}},"158":{"start":{"line":462,"column":14},"end":{"line":462,"column":21}},"159":{"start":{"line":464,"column":10},"end":{"line":464,"column":27}},"160":{"start":{"line":478,"column":4},"end":{"line":487,"column":7}},"161":{"start":{"line":479,"column":20},"end":{"line":479,"column":152}},"162":{"start":{"line":480,"column":8},"end":{"line":486,"column":11}},"163":{"start":{"line":481,"column":12},"end":{"line":484,"column":13}},"164":{"start":{"line":482,"column":16},"end":{"line":482,"column":25}},"165":{"start":{"line":483,"column":16},"end":{"line":483,"column":23}},"166":{"start":{"line":485,"column":12},"end":{"line":485,"column":29}},"167":{"start":{"line":492,"column":4},"end":{"line":501,"column":5}},"168":{"start":{"line":493,"column":18},"end":{"line":493,"column":53}},"169":{"start":{"line":494,"column":6},"end":{"line":500,"column":9}},"170":{"start":{"line":495,"column":10},"end":{"line":498,"column":11}},"171":{"start":{"line":496,"column":14},"end":{"line":496,"column":23}},"172":{"start":{"line":497,"column":14},"end":{"line":497,"column":21}},"173":{"start":{"line":499,"column":10},"end":{"line":499,"column":27}},"174":{"start":{"line":513,"column":4},"end":{"line":522,"column":7}},"175":{"start":{"line":514,"column":20},"end":{"line":514,"column":163}},"176":{"start":{"line":515,"column":8},"end":{"line":521,"column":11}},"177":{"start":{"line":516,"column":12},"end":{"line":519,"column":13}},"178":{"start":{"line":517,"column":16},"end":{"line":517,"column":25}},"179":{"start":{"line":518,"column":16},"end":{"line":518,"column":23}},"180":{"start":{"line":520,"column":12},"end":{"line":520,"column":29}},"181":{"start":{"line":527,"column":4},"end":{"line":536,"column":5}},"182":{"start":{"line":528,"column":18},"end":{"line":528,"column":46}},"183":{"start":{"line":529,"column":6},"end":{"line":535,"column":9}},"184":{"start":{"line":530,"column":10},"end":{"line":533,"column":11}},"185":{"start":{"line":531,"column":14},"end":{"line":531,"column":23}},"186":{"start":{"line":532,"column":14},"end":{"line":532,"column":21}},"187":{"start":{"line":534,"column":10},"end":{"line":534,"column":27}},"188":{"start":{"line":544,"column":0},"end":{"line":544,"column":21}}},"fnMap":{"0":{"name":"(anonymous_0)","decl":{"start":{"line":9,"column":4},"end":{"line":9,"column":5}},"loc":{"start":{"line":9,"column":18},"end":{"line":37,"column":5}},"line":9},"1":{"name":"(anonymous_1)","decl":{"start":{"line":10,"column":55},"end":{"line":10,"column":56}},"loc":{"start":{"line":10,"column":62},"end":{"line":12,"column":9}},"line":10},"2":{"name":"(anonymous_2)","decl":{"start":{"line":47,"column":4},"end":{"line":47,"column":5}},"loc":{"start":{"line":47,"column":26},"end":{"line":58,"column":5}},"line":47},"3":{"name":"(anonymous_3)","decl":{"start":{"line":48,"column":27},"end":{"line":48,"column":28}},"loc":{"start":{"line":48,"column":48},"end":{"line":57,"column":9}},"line":48},"4":{"name":"(anonymous_4)","decl":{"start":{"line":49,"column":35},"end":{"line":49,"column":36}},"loc":{"start":{"line":49,"column":50},"end":{"line":56,"column":11}},"line":49},"5":{"name":"(anonymous_5)","decl":{"start":{"line":60,"column":4},"end":{"line":60,"column":5}},"loc":{"start":{"line":60,"column":26},"end":{"line":71,"column":5}},"line":60},"6":{"name":"(anonymous_6)","decl":{"start":{"line":61,"column":27},"end":{"line":61,"column":28}},"loc":{"start":{"line":61,"column":48},"end":{"line":70,"column":9}},"line":61},"7":{"name":"(anonymous_7)","decl":{"start":{"line":62,"column":35},"end":{"line":62,"column":36}},"loc":{"start":{"line":62,"column":52},"end":{"line":69,"column":11}},"line":62},"8":{"name":"(anonymous_8)","decl":{"start":{"line":73,"column":4},"end":{"line":73,"column":5}},"loc":{"start":{"line":73,"column":26},"end":{"line":84,"column":5}},"line":73},"9":{"name":"(anonymous_9)","decl":{"start":{"line":74,"column":27},"end":{"line":74,"column":28}},"loc":{"start":{"line":74,"column":48},"end":{"line":83,"column":9}},"line":74},"10":{"name":"(anonymous_10)","decl":{"start":{"line":75,"column":35},"end":{"line":75,"column":36}},"loc":{"start":{"line":75,"column":50},"end":{"line":82,"column":11}},"line":75},"11":{"name":"(anonymous_11)","decl":{"start":{"line":103,"column":5},"end":{"line":103,"column":6}},"loc":{"start":{"line":103,"column":20},"end":{"line":125,"column":5}},"line":103},"12":{"name":"(anonymous_12)","decl":{"start":{"line":104,"column":25},"end":{"line":104,"column":26}},"loc":{"start":{"line":104,"column":46},"end":{"line":124,"column":7}},"line":104},"13":{"name":"(anonymous_13)","decl":{"start":{"line":117,"column":31},"end":{"line":117,"column":32}},"loc":{"start":{"line":117,"column":42},"end":{"line":123,"column":9}},"line":117},"14":{"name":"(anonymous_14)","decl":{"start":{"line":127,"column":4},"end":{"line":127,"column":5}},"loc":{"start":{"line":127,"column":20},"end":{"line":138,"column":5}},"line":127},"15":{"name":"(anonymous_15)","decl":{"start":{"line":128,"column":25},"end":{"line":128,"column":26}},"loc":{"start":{"line":128,"column":46},"end":{"line":137,"column":7}},"line":128},"16":{"name":"(anonymous_16)","decl":{"start":{"line":130,"column":31},"end":{"line":130,"column":32}},"loc":{"start":{"line":130,"column":42},"end":{"line":136,"column":9}},"line":130},"17":{"name":"(anonymous_17)","decl":{"start":{"line":147,"column":5},"end":{"line":147,"column":6}},"loc":{"start":{"line":147,"column":24},"end":{"line":166,"column":5}},"line":147},"18":{"name":"(anonymous_18)","decl":{"start":{"line":148,"column":25},"end":{"line":148,"column":26}},"loc":{"start":{"line":148,"column":46},"end":{"line":165,"column":7}},"line":148},"19":{"name":"(anonymous_19)","decl":{"start":{"line":158,"column":31},"end":{"line":158,"column":32}},"loc":{"start":{"line":158,"column":42},"end":{"line":164,"column":9}},"line":158},"20":{"name":"(anonymous_20)","decl":{"start":{"line":168,"column":4},"end":{"line":168,"column":5}},"loc":{"start":{"line":168,"column":24},"end":{"line":179,"column":5}},"line":168},"21":{"name":"(anonymous_21)","decl":{"start":{"line":169,"column":25},"end":{"line":169,"column":26}},"loc":{"start":{"line":169,"column":46},"end":{"line":178,"column":7}},"line":169},"22":{"name":"(anonymous_22)","decl":{"start":{"line":171,"column":31},"end":{"line":171,"column":32}},"loc":{"start":{"line":171,"column":42},"end":{"line":177,"column":9}},"line":171},"23":{"name":"(anonymous_23)","decl":{"start":{"line":188,"column":5},"end":{"line":188,"column":6}},"loc":{"start":{"line":188,"column":25},"end":{"line":210,"column":5}},"line":188},"24":{"name":"(anonymous_24)","decl":{"start":{"line":189,"column":25},"end":{"line":189,"column":26}},"loc":{"start":{"line":189,"column":46},"end":{"line":209,"column":7}},"line":189},"25":{"name":"(anonymous_25)","decl":{"start":{"line":202,"column":31},"end":{"line":202,"column":32}},"loc":{"start":{"line":202,"column":42},"end":{"line":208,"column":9}},"line":202},"26":{"name":"(anonymous_26)","decl":{"start":{"line":212,"column":4},"end":{"line":212,"column":5}},"loc":{"start":{"line":212,"column":25},"end":{"line":223,"column":5}},"line":212},"27":{"name":"(anonymous_27)","decl":{"start":{"line":213,"column":25},"end":{"line":213,"column":26}},"loc":{"start":{"line":213,"column":46},"end":{"line":222,"column":7}},"line":213},"28":{"name":"(anonymous_28)","decl":{"start":{"line":215,"column":31},"end":{"line":215,"column":32}},"loc":{"start":{"line":215,"column":42},"end":{"line":221,"column":9}},"line":215},"29":{"name":"(anonymous_29)","decl":{"start":{"line":232,"column":4},"end":{"line":232,"column":5}},"loc":{"start":{"line":232,"column":17},"end":{"line":243,"column":3}},"line":232},"30":{"name":"(anonymous_30)","decl":{"start":{"line":233,"column":25},"end":{"line":233,"column":26}},"loc":{"start":{"line":233,"column":37},"end":{"line":242,"column":7}},"line":233},"31":{"name":"(anonymous_31)","decl":{"start":{"line":235,"column":27},"end":{"line":235,"column":28}},"loc":{"start":{"line":235,"column":34},"end":{"line":241,"column":11}},"line":235},"32":{"name":"(anonymous_32)","decl":{"start":{"line":244,"column":2},"end":{"line":244,"column":3}},"loc":{"start":{"line":244,"column":16},"end":{"line":255,"column":3}},"line":244},"33":{"name":"(anonymous_33)","decl":{"start":{"line":245,"column":23},"end":{"line":245,"column":24}},"loc":{"start":{"line":245,"column":37},"end":{"line":254,"column":5}},"line":245},"34":{"name":"(anonymous_34)","decl":{"start":{"line":247,"column":25},"end":{"line":247,"column":26}},"loc":{"start":{"line":247,"column":32},"end":{"line":253,"column":9}},"line":247},"35":{"name":"(anonymous_35)","decl":{"start":{"line":264,"column":2},"end":{"line":264,"column":3}},"loc":{"start":{"line":264,"column":16},"end":{"line":275,"column":3}},"line":264},"36":{"name":"(anonymous_36)","decl":{"start":{"line":265,"column":23},"end":{"line":265,"column":24}},"loc":{"start":{"line":265,"column":35},"end":{"line":274,"column":5}},"line":265},"37":{"name":"(anonymous_37)","decl":{"start":{"line":267,"column":25},"end":{"line":267,"column":26}},"loc":{"start":{"line":267,"column":32},"end":{"line":273,"column":9}},"line":267},"38":{"name":"(anonymous_38)","decl":{"start":{"line":276,"column":2},"end":{"line":276,"column":3}},"loc":{"start":{"line":276,"column":17},"end":{"line":287,"column":3}},"line":276},"39":{"name":"(anonymous_39)","decl":{"start":{"line":277,"column":23},"end":{"line":277,"column":24}},"loc":{"start":{"line":277,"column":37},"end":{"line":286,"column":5}},"line":277},"40":{"name":"(anonymous_40)","decl":{"start":{"line":279,"column":25},"end":{"line":279,"column":26}},"loc":{"start":{"line":279,"column":32},"end":{"line":285,"column":9}},"line":279},"41":{"name":"(anonymous_41)","decl":{"start":{"line":296,"column":2},"end":{"line":296,"column":3}},"loc":{"start":{"line":296,"column":15},"end":{"line":307,"column":3}},"line":296},"42":{"name":"(anonymous_42)","decl":{"start":{"line":297,"column":23},"end":{"line":297,"column":24}},"loc":{"start":{"line":297,"column":35},"end":{"line":306,"column":5}},"line":297},"43":{"name":"(anonymous_43)","decl":{"start":{"line":299,"column":25},"end":{"line":299,"column":26}},"loc":{"start":{"line":299,"column":32},"end":{"line":305,"column":9}},"line":299},"44":{"name":"(anonymous_44)","decl":{"start":{"line":308,"column":2},"end":{"line":308,"column":3}},"loc":{"start":{"line":308,"column":16},"end":{"line":319,"column":1}},"line":308},"45":{"name":"(anonymous_45)","decl":{"start":{"line":309,"column":23},"end":{"line":309,"column":24}},"loc":{"start":{"line":309,"column":37},"end":{"line":318,"column":5}},"line":309},"46":{"name":"(anonymous_46)","decl":{"start":{"line":311,"column":25},"end":{"line":311,"column":26}},"loc":{"start":{"line":311,"column":32},"end":{"line":317,"column":9}},"line":311},"47":{"name":"(anonymous_47)","decl":{"start":{"line":328,"column":2},"end":{"line":328,"column":3}},"loc":{"start":{"line":328,"column":18},"end":{"line":403,"column":3}},"line":328},"48":{"name":"(anonymous_48)","decl":{"start":{"line":373,"column":23},"end":{"line":373,"column":24}},"loc":{"start":{"line":373,"column":41},"end":{"line":402,"column":5}},"line":373},"49":{"name":"(anonymous_49)","decl":{"start":{"line":375,"column":23},"end":{"line":375,"column":24}},"loc":{"start":{"line":375,"column":30},"end":{"line":381,"column":7}},"line":375},"50":{"name":"(anonymous_50)","decl":{"start":{"line":391,"column":20},"end":{"line":391,"column":21}},"loc":{"start":{"line":391,"column":33},"end":{"line":400,"column":7}},"line":391},"51":{"name":"(anonymous_51)","decl":{"start":{"line":393,"column":72},"end":{"line":393,"column":73}},"loc":{"start":{"line":393,"column":79},"end":{"line":399,"column":9}},"line":393},"52":{"name":"(anonymous_52)","decl":{"start":{"line":405,"column":2},"end":{"line":405,"column":3}},"loc":{"start":{"line":405,"column":19},"end":{"line":416,"column":3}},"line":405},"53":{"name":"(anonymous_53)","decl":{"start":{"line":406,"column":23},"end":{"line":406,"column":24}},"loc":{"start":{"line":406,"column":37},"end":{"line":415,"column":5}},"line":406},"54":{"name":"(anonymous_54)","decl":{"start":{"line":408,"column":23},"end":{"line":408,"column":24}},"loc":{"start":{"line":408,"column":30},"end":{"line":414,"column":7}},"line":408},"55":{"name":"(anonymous_55)","decl":{"start":{"line":418,"column":2},"end":{"line":418,"column":3}},"loc":{"start":{"line":418,"column":19},"end":{"line":429,"column":3}},"line":418},"56":{"name":"(anonymous_56)","decl":{"start":{"line":419,"column":23},"end":{"line":419,"column":24}},"loc":{"start":{"line":419,"column":37},"end":{"line":428,"column":5}},"line":419},"57":{"name":"(anonymous_57)","decl":{"start":{"line":421,"column":23},"end":{"line":421,"column":24}},"loc":{"start":{"line":421,"column":30},"end":{"line":427,"column":7}},"line":421},"58":{"name":"(anonymous_58)","decl":{"start":{"line":442,"column":2},"end":{"line":442,"column":3}},"loc":{"start":{"line":442,"column":15},"end":{"line":453,"column":3}},"line":442},"59":{"name":"(anonymous_59)","decl":{"start":{"line":443,"column":23},"end":{"line":443,"column":24}},"loc":{"start":{"line":443,"column":35},"end":{"line":452,"column":5}},"line":443},"60":{"name":"(anonymous_60)","decl":{"start":{"line":445,"column":25},"end":{"line":445,"column":26}},"loc":{"start":{"line":445,"column":32},"end":{"line":451,"column":9}},"line":445},"61":{"name":"(anonymous_61)","decl":{"start":{"line":456,"column":2},"end":{"line":456,"column":3}},"loc":{"start":{"line":456,"column":16},"end":{"line":467,"column":3}},"line":456},"62":{"name":"(anonymous_62)","decl":{"start":{"line":457,"column":23},"end":{"line":457,"column":24}},"loc":{"start":{"line":457,"column":37},"end":{"line":466,"column":3}},"line":457},"63":{"name":"(anonymous_63)","decl":{"start":{"line":459,"column":23},"end":{"line":459,"column":24}},"loc":{"start":{"line":459,"column":30},"end":{"line":465,"column":7}},"line":459},"64":{"name":"(anonymous_64)","decl":{"start":{"line":477,"column":2},"end":{"line":477,"column":3}},"loc":{"start":{"line":477,"column":15},"end":{"line":488,"column":3}},"line":477},"65":{"name":"(anonymous_65)","decl":{"start":{"line":478,"column":23},"end":{"line":478,"column":24}},"loc":{"start":{"line":478,"column":35},"end":{"line":487,"column":5}},"line":478},"66":{"name":"(anonymous_66)","decl":{"start":{"line":480,"column":25},"end":{"line":480,"column":26}},"loc":{"start":{"line":480,"column":32},"end":{"line":486,"column":9}},"line":480},"67":{"name":"(anonymous_67)","decl":{"start":{"line":491,"column":2},"end":{"line":491,"column":3}},"loc":{"start":{"line":491,"column":16},"end":{"line":502,"column":3}},"line":491},"68":{"name":"(anonymous_68)","decl":{"start":{"line":492,"column":23},"end":{"line":492,"column":24}},"loc":{"start":{"line":492,"column":37},"end":{"line":501,"column":3}},"line":492},"69":{"name":"(anonymous_69)","decl":{"start":{"line":494,"column":23},"end":{"line":494,"column":24}},"loc":{"start":{"line":494,"column":30},"end":{"line":500,"column":7}},"line":494},"70":{"name":"(anonymous_70)","decl":{"start":{"line":512,"column":2},"end":{"line":512,"column":3}},"loc":{"start":{"line":512,"column":14},"end":{"line":523,"column":3}},"line":512},"71":{"name":"(anonymous_71)","decl":{"start":{"line":513,"column":23},"end":{"line":513,"column":24}},"loc":{"start":{"line":513,"column":35},"end":{"line":522,"column":5}},"line":513},"72":{"name":"(anonymous_72)","decl":{"start":{"line":515,"column":25},"end":{"line":515,"column":26}},"loc":{"start":{"line":515,"column":32},"end":{"line":521,"column":9}},"line":515},"73":{"name":"(anonymous_73)","decl":{"start":{"line":526,"column":2},"end":{"line":526,"column":3}},"loc":{"start":{"line":526,"column":15},"end":{"line":537,"column":3}},"line":526},"74":{"name":"(anonymous_74)","decl":{"start":{"line":527,"column":23},"end":{"line":527,"column":24}},"loc":{"start":{"line":527,"column":37},"end":{"line":536,"column":3}},"line":527},"75":{"name":"(anonymous_75)","decl":{"start":{"line":529,"column":23},"end":{"line":529,"column":24}},"loc":{"start":{"line":529,"column":30},"end":{"line":535,"column":7}},"line":529}},"branchMap":{"0":{"loc":{"start":{"line":11,"column":12},"end":{"line":11,"column":30}},"type":"if","locations":[{"start":{"line":11,"column":12},"end":{"line":11,"column":30}},{"start":{},"end":{}}],"line":11},"1":{"loc":{"start":{"line":47,"column":13},"end":{"line":47,"column":24}},"type":"default-arg","locations":[{"start":{"line":47,"column":22},"end":{"line":47,"column":24}}],"line":47},"2":{"loc":{"start":{"line":50,"column":12},"end":{"line":55,"column":13}},"type":"if","locations":[{"start":{"line":50,"column":12},"end":{"line":55,"column":13}},{"start":{"line":53,"column":19},"end":{"line":55,"column":13}}],"line":50},"3":{"loc":{"start":{"line":60,"column":13},"end":{"line":60,"column":24}},"type":"default-arg","locations":[{"start":{"line":60,"column":22},"end":{"line":60,"column":24}}],"line":60},"4":{"loc":{"start":{"line":63,"column":12},"end":{"line":68,"column":13}},"type":"if","locations":[{"start":{"line":63,"column":12},"end":{"line":68,"column":13}},{"start":{"line":66,"column":19},"end":{"line":68,"column":13}}],"line":63},"5":{"loc":{"start":{"line":73,"column":13},"end":{"line":73,"column":24}},"type":"default-arg","locations":[{"start":{"line":73,"column":22},"end":{"line":73,"column":24}}],"line":73},"6":{"loc":{"start":{"line":76,"column":12},"end":{"line":81,"column":13}},"type":"if","locations":[{"start":{"line":76,"column":12},"end":{"line":81,"column":13}},{"start":{"line":79,"column":19},"end":{"line":81,"column":13}}],"line":76},"7":{"loc":{"start":{"line":118,"column":10},"end":{"line":121,"column":11}},"type":"if","locations":[{"start":{"line":118,"column":10},"end":{"line":121,"column":11}},{"start":{},"end":{}}],"line":118},"8":{"loc":{"start":{"line":131,"column":10},"end":{"line":134,"column":11}},"type":"if","locations":[{"start":{"line":131,"column":10},"end":{"line":134,"column":11}},{"start":{},"end":{}}],"line":131},"9":{"loc":{"start":{"line":159,"column":10},"end":{"line":162,"column":11}},"type":"if","locations":[{"start":{"line":159,"column":10},"end":{"line":162,"column":11}},{"start":{},"end":{}}],"line":159},"10":{"loc":{"start":{"line":172,"column":10},"end":{"line":175,"column":11}},"type":"if","locations":[{"start":{"line":172,"column":10},"end":{"line":175,"column":11}},{"start":{},"end":{}}],"line":172},"11":{"loc":{"start":{"line":203,"column":10},"end":{"line":206,"column":11}},"type":"if","locations":[{"start":{"line":203,"column":10},"end":{"line":206,"column":11}},{"start":{},"end":{}}],"line":203},"12":{"loc":{"start":{"line":216,"column":10},"end":{"line":219,"column":11}},"type":"if","locations":[{"start":{"line":216,"column":10},"end":{"line":219,"column":11}},{"start":{},"end":{}}],"line":216},"13":{"loc":{"start":{"line":236,"column":14},"end":{"line":239,"column":15}},"type":"if","locations":[{"start":{"line":236,"column":14},"end":{"line":239,"column":15}},{"start":{},"end":{}}],"line":236},"14":{"loc":{"start":{"line":248,"column":12},"end":{"line":251,"column":13}},"type":"if","locations":[{"start":{"line":248,"column":12},"end":{"line":251,"column":13}},{"start":{},"end":{}}],"line":248},"15":{"loc":{"start":{"line":268,"column":12},"end":{"line":271,"column":13}},"type":"if","locations":[{"start":{"line":268,"column":12},"end":{"line":271,"column":13}},{"start":{},"end":{}}],"line":268},"16":{"loc":{"start":{"line":280,"column":12},"end":{"line":283,"column":13}},"type":"if","locations":[{"start":{"line":280,"column":12},"end":{"line":283,"column":13}},{"start":{},"end":{}}],"line":280},"17":{"loc":{"start":{"line":300,"column":12},"end":{"line":303,"column":13}},"type":"if","locations":[{"start":{"line":300,"column":12},"end":{"line":303,"column":13}},{"start":{},"end":{}}],"line":300},"18":{"loc":{"start":{"line":312,"column":12},"end":{"line":315,"column":13}},"type":"if","locations":[{"start":{"line":312,"column":12},"end":{"line":315,"column":13}},{"start":{},"end":{}}],"line":312},"19":{"loc":{"start":{"line":376,"column":8},"end":{"line":379,"column":11}},"type":"if","locations":[{"start":{"line":376,"column":8},"end":{"line":379,"column":11}},{"start":{},"end":{}}],"line":376},"20":{"loc":{"start":{"line":394,"column":10},"end":{"line":397,"column":13}},"type":"if","locations":[{"start":{"line":394,"column":10},"end":{"line":397,"column":13}},{"start":{},"end":{}}],"line":394},"21":{"loc":{"start":{"line":409,"column":10},"end":{"line":412,"column":11}},"type":"if","locations":[{"start":{"line":409,"column":10},"end":{"line":412,"column":11}},{"start":{},"end":{}}],"line":409},"22":{"loc":{"start":{"line":422,"column":10},"end":{"line":425,"column":11}},"type":"if","locations":[{"start":{"line":422,"column":10},"end":{"line":425,"column":11}},{"start":{},"end":{}}],"line":422},"23":{"loc":{"start":{"line":446,"column":12},"end":{"line":449,"column":13}},"type":"if","locations":[{"start":{"line":446,"column":12},"end":{"line":449,"column":13}},{"start":{},"end":{}}],"line":446},"24":{"loc":{"start":{"line":460,"column":10},"end":{"line":463,"column":11}},"type":"if","locations":[{"start":{"line":460,"column":10},"end":{"line":463,"column":11}},{"start":{},"end":{}}],"line":460},"25":{"loc":{"start":{"line":481,"column":12},"end":{"line":484,"column":13}},"type":"if","locations":[{"start":{"line":481,"column":12},"end":{"line":484,"column":13}},{"start":{},"end":{}}],"line":481},"26":{"loc":{"start":{"line":495,"column":10},"end":{"line":498,"column":11}},"type":"if","locations":[{"start":{"line":495,"column":10},"end":{"line":498,"column":11}},{"start":{},"end":{}}],"line":495},"27":{"loc":{"start":{"line":516,"column":12},"end":{"line":519,"column":13}},"type":"if","locations":[{"start":{"line":516,"column":12},"end":{"line":519,"column":13}},{"start":{},"end":{}}],"line":516},"28":{"loc":{"start":{"line":530,"column":10},"end":{"line":533,"column":11}},"type":"if","locations":[{"start":{"line":530,"column":10},"end":{"line":533,"column":11}},{"start":{},"end":{}}],"line":530}},"s":{"0":1,"1":1,"2":1,"3":1,"4":1,"5":0,"6":1,"7":1,"8":1,"9":1,"10":1,"11":1,"12":1,"13":1,"14":1,"15":1,"16":1,"17":1,"18":1,"19":0,"20":1,"21":0,"22":0,"23":0,"24":0,"25":0,"26":0,"27":0,"28":0,"29":0,"30":0,"31":1,"32":1,"33":1,"34":1,"35":0,"36":0,"37":1,"38":0,"39":0,"40":0,"41":0,"42":0,"43":0,"44":0,"45":1,"46":1,"47":1,"48":1,"49":0,"50":0,"51":1,"52":0,"53":0,"54":0,"55":0,"56":0,"57":0,"58":0,"59":1,"60":1,"61":1,"62":0,"63":0,"64":0,"65":0,"66":0,"67":0,"68":0,"69":0,"70":0,"71":0,"72":0,"73":1,"74":1,"75":1,"76":1,"77":0,"78":0,"79":1,"80":0,"81":0,"82":0,"83":0,"84":0,"85":0,"86":0,"87":1,"88":1,"89":1,"90":1,"91":0,"92":0,"93":1,"94":0,"95":0,"96":0,"97":0,"98":0,"99":0,"100":0,"101":1,"102":1,"103":1,"104":1,"105":0,"106":0,"107":1,"108":0,"109":0,"110":0,"111":0,"112":0,"113":0,"114":0,"115":1,"116":1,"117":1,"118":1,"119":1,"120":0,"121":0,"122":1,"123":1,"124":1,"125":1,"126":6,"127":4,"128":0,"129":0,"130":0,"131":0,"132":0,"133":0,"134":0,"135":0,"136":0,"137":0,"138":0,"139":0,"140":0,"141":0,"142":0,"143":0,"144":0,"145":0,"146":1,"147":1,"148":1,"149":1,"150":0,"151":0,"152":1,"153":0,"154":0,"155":0,"156":0,"157":0,"158":0,"159":0,"160":1,"161":1,"162":1,"163":1,"164":0,"165":0,"166":1,"167":0,"168":0,"169":0,"170":0,"171":0,"172":0,"173":0,"174":1,"175":1,"176":1,"177":1,"178":0,"179":0,"180":1,"181":0,"182":0,"183":0,"184":0,"185":0,"186":0,"187":0,"188":1},"f":{"0":1,"1":1,"2":1,"3":1,"4":1,"5":0,"6":0,"7":0,"8":0,"9":0,"10":0,"11":1,"12":1,"13":1,"14":0,"15":0,"16":0,"17":1,"18":1,"19":1,"20":0,"21":0,"22":0,"23":1,"24":1,"25":0,"26":0,"27":0,"28":0,"29":1,"30":1,"31":1,"32":0,"33":0,"34":0,"35":1,"36":1,"37":1,"38":0,"39":0,"40":0,"41":1,"42":1,"43":1,"44":0,"45":0,"46":0,"47":1,"48":1,"49":1,"50":6,"51":0,"52":0,"53":0,"54":0,"55":0,"56":0,"57":0,"58":1,"59":1,"60":1,"61":0,"62":0,"63":0,"64":1,"65":1,"66":1,"67":0,"68":0,"69":0,"70":1,"71":1,"72":1,"73":0,"74":0,"75":0},"b":{"0":[0,1],"1":[1],"2":[0,1],"3":[0],"4":[0,0],"5":[0],"6":[0,0],"7":[0,1],"8":[0,0],"9":[0,1],"10":[0,0],"11":[0,0],"12":[0,0],"13":[0,1],"14":[0,0],"15":[0,1],"16":[0,0],"17":[0,1],"18":[0,0],"19":[0,1],"20":[0,0],"21":[0,0],"22":[0,0],"23":[0,1],"24":[0,0],"25":[0,1],"26":[0,0],"27":[0,1],"28":[0,0]},"_coverageSchema":"1a1c01bbd47fc00a2c39e90264f33305004495a9","hash":"22a4a925ed2f32b581b66bee0ee1d75dc7c5005b"}
}
