{"/Users/peipi98/Documents/PoliTO/Materie/Software_Engineering/team30/SoftEng_garbageCollector/code/server/controller/UserController.js": {"path":"/Users/peipi98/Documents/PoliTO/Materie/Software_Engineering/team30/SoftEng_garbageCollector/code/server/controller/UserController.js","statementMap":{"0":{"start":{"line":3,"column":19},"end":{"line":3,"column":36}},"1":{"start":{"line":4,"column":22},"end":{"line":4,"column":39}},"2":{"start":{"line":5,"column":22},"end":{"line":5,"column":24}},"3":{"start":{"line":8,"column":12},"end":{"line":8,"column":80}},"4":{"start":{"line":10,"column":8},"end":{"line":10,"column":126}},"5":{"start":{"line":13,"column":8},"end":{"line":13,"column":22}},"6":{"start":{"line":16,"column":14},"end":{"line":33,"column":5}},"7":{"start":{"line":17,"column":19},"end":{"line":17,"column":22}},"8":{"start":{"line":18,"column":8},"end":{"line":31,"column":9}},"9":{"start":{"line":19,"column":26},"end":{"line":19,"column":74}},"10":{"start":{"line":21,"column":12},"end":{"line":27,"column":13}},"11":{"start":{"line":22,"column":16},"end":{"line":22,"column":27}},"12":{"start":{"line":25,"column":16},"end":{"line":25,"column":107}},"13":{"start":{"line":26,"column":16},"end":{"line":26,"column":27}},"14":{"start":{"line":30,"column":12},"end":{"line":30,"column":23}},"15":{"start":{"line":35,"column":21},"end":{"line":42,"column":5}},"16":{"start":{"line":36,"column":8},"end":{"line":41,"column":9}},"17":{"start":{"line":37,"column":25},"end":{"line":37,"column":44}},"18":{"start":{"line":38,"column":12},"end":{"line":38,"column":25}},"19":{"start":{"line":44,"column":19},"end":{"line":51,"column":5}},"20":{"start":{"line":45,"column":8},"end":{"line":50,"column":9}},"21":{"start":{"line":46,"column":25},"end":{"line":46,"column":48}},"22":{"start":{"line":47,"column":12},"end":{"line":47,"column":25}},"23":{"start":{"line":53,"column":12},"end":{"line":71,"column":5}},"24":{"start":{"line":54,"column":20},"end":{"line":58,"column":9}},"25":{"start":{"line":60,"column":8},"end":{"line":70,"column":9}},"26":{"start":{"line":61,"column":25},"end":{"line":61,"column":61}},"27":{"start":{"line":62,"column":12},"end":{"line":66,"column":29}},"28":{"start":{"line":63,"column":32},"end":{"line":63,"column":83}},"29":{"start":{"line":64,"column":16},"end":{"line":64,"column":103}},"30":{"start":{"line":66,"column":18},"end":{"line":66,"column":28}},"31":{"start":{"line":69,"column":12},"end":{"line":69,"column":19}},"32":{"start":{"line":73,"column":15},"end":{"line":87,"column":5}},"33":{"start":{"line":74,"column":8},"end":{"line":86,"column":9}},"34":{"start":{"line":75,"column":23},"end":{"line":75,"column":65}},"35":{"start":{"line":76,"column":26},"end":{"line":76,"column":67}},"36":{"start":{"line":77,"column":12},"end":{"line":83,"column":13}},"37":{"start":{"line":78,"column":16},"end":{"line":78,"column":26}},"38":{"start":{"line":81,"column":16},"end":{"line":81,"column":80}},"39":{"start":{"line":82,"column":16},"end":{"line":82,"column":26}},"40":{"start":{"line":85,"column":12},"end":{"line":85,"column":22}},"41":{"start":{"line":89,"column":17},"end":{"line":101,"column":5}},"42":{"start":{"line":90,"column":8},"end":{"line":100,"column":9}},"43":{"start":{"line":91,"column":23},"end":{"line":91,"column":31}},"44":{"start":{"line":92,"column":27},"end":{"line":92,"column":39}},"45":{"start":{"line":93,"column":23},"end":{"line":93,"column":65}},"46":{"start":{"line":94,"column":22},"end":{"line":94,"column":56}},"47":{"start":{"line":95,"column":12},"end":{"line":95,"column":46}},"48":{"start":{"line":95,"column":34},"end":{"line":95,"column":46}},"49":{"start":{"line":96,"column":12},"end":{"line":96,"column":50}},"50":{"start":{"line":97,"column":12},"end":{"line":97,"column":22}},"51":{"start":{"line":99,"column":12},"end":{"line":99,"column":22}},"52":{"start":{"line":104,"column":0},"end":{"line":104,"column":32}}},"fnMap":{"0":{"name":"(anonymous_0)","decl":{"start":{"line":12,"column":4},"end":{"line":12,"column":5}},"loc":{"start":{"line":12,"column":21},"end":{"line":14,"column":5}},"line":12},"1":{"name":"(anonymous_1)","decl":{"start":{"line":16,"column":14},"end":{"line":16,"column":15}},"loc":{"start":{"line":16,"column":29},"end":{"line":33,"column":5}},"line":16},"2":{"name":"(anonymous_2)","decl":{"start":{"line":35,"column":21},"end":{"line":35,"column":22}},"loc":{"start":{"line":35,"column":32},"end":{"line":42,"column":5}},"line":35},"3":{"name":"(anonymous_3)","decl":{"start":{"line":44,"column":19},"end":{"line":44,"column":20}},"loc":{"start":{"line":44,"column":31},"end":{"line":51,"column":5}},"line":44},"4":{"name":"(anonymous_4)","decl":{"start":{"line":53,"column":12},"end":{"line":53,"column":13}},"loc":{"start":{"line":53,"column":26},"end":{"line":71,"column":5}},"line":53},"5":{"name":"(anonymous_5)","decl":{"start":{"line":73,"column":15},"end":{"line":73,"column":16}},"loc":{"start":{"line":73,"column":39},"end":{"line":87,"column":5}},"line":73},"6":{"name":"(anonymous_6)","decl":{"start":{"line":89,"column":17},"end":{"line":89,"column":18}},"loc":{"start":{"line":89,"column":32},"end":{"line":101,"column":5}},"line":89}},"branchMap":{"0":{"loc":{"start":{"line":21,"column":12},"end":{"line":27,"column":13}},"type":"if","locations":[{"start":{"line":21,"column":12},"end":{"line":27,"column":13}},{"start":{"line":24,"column":17},"end":{"line":27,"column":13}}],"line":21},"1":{"loc":{"start":{"line":62,"column":12},"end":{"line":66,"column":29}},"type":"if","locations":[{"start":{"line":62,"column":12},"end":{"line":66,"column":29}},{"start":{"line":66,"column":17},"end":{"line":66,"column":29}}],"line":62},"2":{"loc":{"start":{"line":64,"column":23},"end":{"line":64,"column":102}},"type":"cond-expr","locations":[{"start":{"line":64,"column":35},"end":{"line":64,"column":96}},{"start":{"line":64,"column":99},"end":{"line":64,"column":102}}],"line":64},"3":{"loc":{"start":{"line":77,"column":12},"end":{"line":83,"column":13}},"type":"if","locations":[{"start":{"line":77,"column":12},"end":{"line":83,"column":13}},{"start":{"line":80,"column":17},"end":{"line":83,"column":13}}],"line":77},"4":{"loc":{"start":{"line":95,"column":12},"end":{"line":95,"column":46}},"type":"if","locations":[{"start":{"line":95,"column":12},"end":{"line":95,"column":46}},{"start":{},"end":{}}],"line":95}},"s":{"0":1,"1":1,"2":1,"3":1,"4":1,"5":1,"6":1,"7":3,"8":3,"9":3,"10":2,"11":1,"12":1,"13":1,"14":1,"15":1,"16":1,"17":1,"18":1,"19":1,"20":1,"21":1,"22":1,"23":1,"24":4,"25":4,"26":4,"27":3,"28":2,"29":2,"30":1,"31":1,"32":1,"33":4,"34":4,"35":3,"36":2,"37":1,"38":1,"39":1,"40":2,"41":1,"42":4,"43":4,"44":3,"45":3,"46":3,"47":3,"48":2,"49":1,"50":1,"51":3,"52":1},"f":{"0":1,"1":3,"2":1,"3":1,"4":4,"5":4,"6":4},"b":{"0":[1,1],"1":[2,1],"2":[1,1],"3":[1,1],"4":[2,1]},"_coverageSchema":"1a1c01bbd47fc00a2c39e90264f33305004495a9","hash":"3336b7c8dede7bdd57223fdac5b108fc7fd89eda"}
,"/Users/peipi98/Documents/PoliTO/Materie/Software_Engineering/team30/SoftEng_garbageCollector/code/server/db/DAO.js": {"path":"/Users/peipi98/Documents/PoliTO/Materie/Software_Engineering/team30/SoftEng_garbageCollector/code/server/db/DAO.js","statementMap":{"0":{"start":{"line":3,"column":15},"end":{"line":3,"column":33}},"1":{"start":{"line":4,"column":22},"end":{"line":4,"column":39}},"2":{"start":{"line":5,"column":22},"end":{"line":5,"column":24}},"3":{"start":{"line":10,"column":8},"end":{"line":12,"column":11}},"4":{"start":{"line":11,"column":12},"end":{"line":11,"column":30}},"5":{"start":{"line":11,"column":20},"end":{"line":11,"column":30}},"6":{"start":{"line":15,"column":8},"end":{"line":15,"column":29}},"7":{"start":{"line":16,"column":8},"end":{"line":16,"column":33}},"8":{"start":{"line":17,"column":8},"end":{"line":17,"column":28}},"9":{"start":{"line":18,"column":8},"end":{"line":18,"column":32}},"10":{"start":{"line":19,"column":8},"end":{"line":19,"column":26}},"11":{"start":{"line":20,"column":8},"end":{"line":20,"column":26}},"12":{"start":{"line":21,"column":8},"end":{"line":21,"column":25}},"13":{"start":{"line":22,"column":8},"end":{"line":22,"column":26}},"14":{"start":{"line":23,"column":8},"end":{"line":23,"column":26}},"15":{"start":{"line":24,"column":8},"end":{"line":24,"column":27}},"16":{"start":{"line":48,"column":8},"end":{"line":57,"column":10}},"17":{"start":{"line":49,"column":10},"end":{"line":56,"column":12}},"18":{"start":{"line":50,"column":12},"end":{"line":55,"column":13}},"19":{"start":{"line":51,"column":14},"end":{"line":51,"column":53}},"20":{"start":{"line":52,"column":14},"end":{"line":52,"column":26}},"21":{"start":{"line":54,"column":14},"end":{"line":54,"column":42}},"22":{"start":{"line":61,"column":8},"end":{"line":70,"column":10}},"23":{"start":{"line":62,"column":10},"end":{"line":69,"column":12}},"24":{"start":{"line":63,"column":12},"end":{"line":68,"column":13}},"25":{"start":{"line":64,"column":14},"end":{"line":64,"column":54}},"26":{"start":{"line":65,"column":14},"end":{"line":65,"column":25}},"27":{"start":{"line":67,"column":14},"end":{"line":67,"column":29}},"28":{"start":{"line":74,"column":8},"end":{"line":83,"column":10}},"29":{"start":{"line":75,"column":10},"end":{"line":82,"column":12}},"30":{"start":{"line":76,"column":12},"end":{"line":81,"column":13}},"31":{"start":{"line":77,"column":14},"end":{"line":77,"column":54}},"32":{"start":{"line":78,"column":14},"end":{"line":78,"column":25}},"33":{"start":{"line":80,"column":14},"end":{"line":80,"column":27}},"34":{"start":{"line":104,"column":6},"end":{"line":124,"column":9}},"35":{"start":{"line":105,"column":26},"end":{"line":115,"column":92}},"36":{"start":{"line":117,"column":8},"end":{"line":123,"column":11}},"37":{"start":{"line":118,"column":10},"end":{"line":121,"column":11}},"38":{"start":{"line":119,"column":12},"end":{"line":119,"column":26}},"39":{"start":{"line":120,"column":12},"end":{"line":120,"column":19}},"40":{"start":{"line":122,"column":10},"end":{"line":122,"column":30}},"41":{"start":{"line":128,"column":6},"end":{"line":137,"column":9}},"42":{"start":{"line":129,"column":26},"end":{"line":129,"column":53}},"43":{"start":{"line":130,"column":8},"end":{"line":136,"column":11}},"44":{"start":{"line":131,"column":10},"end":{"line":134,"column":11}},"45":{"start":{"line":132,"column":12},"end":{"line":132,"column":26}},"46":{"start":{"line":133,"column":12},"end":{"line":133,"column":19}},"47":{"start":{"line":135,"column":10},"end":{"line":135,"column":31}},"48":{"start":{"line":148,"column":6},"end":{"line":165,"column":9}},"49":{"start":{"line":150,"column":26},"end":{"line":156,"column":72}},"50":{"start":{"line":158,"column":8},"end":{"line":164,"column":11}},"51":{"start":{"line":159,"column":10},"end":{"line":162,"column":11}},"52":{"start":{"line":160,"column":12},"end":{"line":160,"column":26}},"53":{"start":{"line":161,"column":12},"end":{"line":161,"column":19}},"54":{"start":{"line":163,"column":10},"end":{"line":163,"column":30}},"55":{"start":{"line":169,"column":6},"end":{"line":178,"column":9}},"56":{"start":{"line":170,"column":26},"end":{"line":170,"column":57}},"57":{"start":{"line":171,"column":8},"end":{"line":177,"column":11}},"58":{"start":{"line":172,"column":10},"end":{"line":175,"column":11}},"59":{"start":{"line":173,"column":12},"end":{"line":173,"column":26}},"60":{"start":{"line":174,"column":12},"end":{"line":174,"column":19}},"61":{"start":{"line":176,"column":10},"end":{"line":176,"column":31}},"62":{"start":{"line":189,"column":6},"end":{"line":209,"column":9}},"63":{"start":{"line":191,"column":26},"end":{"line":200,"column":91}},"64":{"start":{"line":202,"column":8},"end":{"line":208,"column":11}},"65":{"start":{"line":203,"column":10},"end":{"line":206,"column":11}},"66":{"start":{"line":204,"column":12},"end":{"line":204,"column":26}},"67":{"start":{"line":205,"column":12},"end":{"line":205,"column":19}},"68":{"start":{"line":207,"column":10},"end":{"line":207,"column":30}},"69":{"start":{"line":213,"column":6},"end":{"line":222,"column":9}},"70":{"start":{"line":214,"column":26},"end":{"line":214,"column":58}},"71":{"start":{"line":215,"column":8},"end":{"line":221,"column":11}},"72":{"start":{"line":216,"column":10},"end":{"line":219,"column":11}},"73":{"start":{"line":217,"column":12},"end":{"line":217,"column":26}},"74":{"start":{"line":218,"column":12},"end":{"line":218,"column":19}},"75":{"start":{"line":220,"column":10},"end":{"line":220,"column":31}},"76":{"start":{"line":233,"column":6},"end":{"line":242,"column":9}},"77":{"start":{"line":234,"column":22},"end":{"line":234,"column":237}},"78":{"start":{"line":235,"column":10},"end":{"line":241,"column":13}},"79":{"start":{"line":236,"column":14},"end":{"line":239,"column":15}},"80":{"start":{"line":237,"column":18},"end":{"line":237,"column":27}},"81":{"start":{"line":238,"column":18},"end":{"line":238,"column":25}},"82":{"start":{"line":240,"column":14},"end":{"line":240,"column":31}},"83":{"start":{"line":245,"column":4},"end":{"line":254,"column":7}},"84":{"start":{"line":246,"column":20},"end":{"line":246,"column":57}},"85":{"start":{"line":247,"column":8},"end":{"line":253,"column":11}},"86":{"start":{"line":248,"column":12},"end":{"line":251,"column":13}},"87":{"start":{"line":249,"column":16},"end":{"line":249,"column":25}},"88":{"start":{"line":250,"column":16},"end":{"line":250,"column":23}},"89":{"start":{"line":252,"column":12},"end":{"line":252,"column":29}},"90":{"start":{"line":265,"column":4},"end":{"line":274,"column":7}},"91":{"start":{"line":266,"column":20},"end":{"line":266,"column":205}},"92":{"start":{"line":267,"column":8},"end":{"line":273,"column":11}},"93":{"start":{"line":268,"column":12},"end":{"line":271,"column":13}},"94":{"start":{"line":269,"column":16},"end":{"line":269,"column":25}},"95":{"start":{"line":270,"column":16},"end":{"line":270,"column":23}},"96":{"start":{"line":272,"column":12},"end":{"line":272,"column":29}},"97":{"start":{"line":277,"column":4},"end":{"line":286,"column":7}},"98":{"start":{"line":278,"column":20},"end":{"line":278,"column":56}},"99":{"start":{"line":279,"column":8},"end":{"line":285,"column":11}},"100":{"start":{"line":280,"column":12},"end":{"line":283,"column":13}},"101":{"start":{"line":281,"column":16},"end":{"line":281,"column":25}},"102":{"start":{"line":282,"column":16},"end":{"line":282,"column":23}},"103":{"start":{"line":284,"column":12},"end":{"line":284,"column":29}},"104":{"start":{"line":297,"column":4},"end":{"line":306,"column":7}},"105":{"start":{"line":298,"column":20},"end":{"line":298,"column":218}},"106":{"start":{"line":299,"column":8},"end":{"line":305,"column":11}},"107":{"start":{"line":300,"column":12},"end":{"line":303,"column":13}},"108":{"start":{"line":301,"column":16},"end":{"line":301,"column":25}},"109":{"start":{"line":302,"column":16},"end":{"line":302,"column":23}},"110":{"start":{"line":304,"column":12},"end":{"line":304,"column":29}},"111":{"start":{"line":309,"column":4},"end":{"line":318,"column":7}},"112":{"start":{"line":310,"column":20},"end":{"line":310,"column":58}},"113":{"start":{"line":311,"column":8},"end":{"line":317,"column":11}},"114":{"start":{"line":312,"column":12},"end":{"line":315,"column":13}},"115":{"start":{"line":313,"column":16},"end":{"line":313,"column":25}},"116":{"start":{"line":314,"column":16},"end":{"line":314,"column":23}},"117":{"start":{"line":316,"column":12},"end":{"line":316,"column":29}},"118":{"start":{"line":330,"column":16},"end":{"line":372,"column":3}},"119":{"start":{"line":373,"column":4},"end":{"line":395,"column":7}},"120":{"start":{"line":374,"column":16},"end":{"line":374,"column":168}},"121":{"start":{"line":375,"column":6},"end":{"line":381,"column":9}},"122":{"start":{"line":376,"column":8},"end":{"line":379,"column":11}},"123":{"start":{"line":377,"column":10},"end":{"line":377,"column":19}},"124":{"start":{"line":378,"column":12},"end":{"line":378,"column":19}},"125":{"start":{"line":380,"column":8},"end":{"line":380,"column":25}},"126":{"start":{"line":383,"column":6},"end":{"line":383,"column":102}},"127":{"start":{"line":384,"column":6},"end":{"line":393,"column":8}},"128":{"start":{"line":385,"column":19},"end":{"line":385,"column":60}},"129":{"start":{"line":386,"column":8},"end":{"line":392,"column":11}},"130":{"start":{"line":387,"column":10},"end":{"line":390,"column":13}},"131":{"start":{"line":388,"column":12},"end":{"line":388,"column":21}},"132":{"start":{"line":389,"column":14},"end":{"line":389,"column":21}},"133":{"start":{"line":391,"column":10},"end":{"line":391,"column":27}},"134":{"start":{"line":399,"column":4},"end":{"line":408,"column":7}},"135":{"start":{"line":400,"column":18},"end":{"line":400,"column":46}},"136":{"start":{"line":401,"column":6},"end":{"line":407,"column":9}},"137":{"start":{"line":402,"column":10},"end":{"line":405,"column":11}},"138":{"start":{"line":403,"column":14},"end":{"line":403,"column":23}},"139":{"start":{"line":404,"column":14},"end":{"line":404,"column":21}},"140":{"start":{"line":406,"column":10},"end":{"line":406,"column":27}},"141":{"start":{"line":423,"column":4},"end":{"line":432,"column":7}},"142":{"start":{"line":424,"column":20},"end":{"line":424,"column":148}},"143":{"start":{"line":425,"column":8},"end":{"line":431,"column":11}},"144":{"start":{"line":426,"column":12},"end":{"line":429,"column":13}},"145":{"start":{"line":427,"column":16},"end":{"line":427,"column":25}},"146":{"start":{"line":428,"column":16},"end":{"line":428,"column":23}},"147":{"start":{"line":430,"column":12},"end":{"line":430,"column":29}},"148":{"start":{"line":437,"column":4},"end":{"line":446,"column":5}},"149":{"start":{"line":438,"column":18},"end":{"line":438,"column":57}},"150":{"start":{"line":439,"column":6},"end":{"line":445,"column":9}},"151":{"start":{"line":440,"column":10},"end":{"line":443,"column":11}},"152":{"start":{"line":441,"column":14},"end":{"line":441,"column":23}},"153":{"start":{"line":442,"column":14},"end":{"line":442,"column":21}},"154":{"start":{"line":444,"column":10},"end":{"line":444,"column":27}},"155":{"start":{"line":458,"column":4},"end":{"line":467,"column":7}},"156":{"start":{"line":459,"column":20},"end":{"line":459,"column":152}},"157":{"start":{"line":460,"column":8},"end":{"line":466,"column":11}},"158":{"start":{"line":461,"column":12},"end":{"line":464,"column":13}},"159":{"start":{"line":462,"column":16},"end":{"line":462,"column":25}},"160":{"start":{"line":463,"column":16},"end":{"line":463,"column":23}},"161":{"start":{"line":465,"column":12},"end":{"line":465,"column":29}},"162":{"start":{"line":472,"column":4},"end":{"line":481,"column":5}},"163":{"start":{"line":473,"column":18},"end":{"line":473,"column":53}},"164":{"start":{"line":474,"column":6},"end":{"line":480,"column":9}},"165":{"start":{"line":475,"column":10},"end":{"line":478,"column":11}},"166":{"start":{"line":476,"column":14},"end":{"line":476,"column":23}},"167":{"start":{"line":477,"column":14},"end":{"line":477,"column":21}},"168":{"start":{"line":479,"column":10},"end":{"line":479,"column":27}},"169":{"start":{"line":493,"column":4},"end":{"line":502,"column":7}},"170":{"start":{"line":494,"column":20},"end":{"line":494,"column":163}},"171":{"start":{"line":495,"column":8},"end":{"line":501,"column":11}},"172":{"start":{"line":496,"column":12},"end":{"line":499,"column":13}},"173":{"start":{"line":497,"column":16},"end":{"line":497,"column":25}},"174":{"start":{"line":498,"column":16},"end":{"line":498,"column":23}},"175":{"start":{"line":500,"column":12},"end":{"line":500,"column":29}},"176":{"start":{"line":507,"column":4},"end":{"line":516,"column":5}},"177":{"start":{"line":508,"column":18},"end":{"line":508,"column":46}},"178":{"start":{"line":509,"column":6},"end":{"line":515,"column":9}},"179":{"start":{"line":510,"column":10},"end":{"line":513,"column":11}},"180":{"start":{"line":511,"column":14},"end":{"line":511,"column":23}},"181":{"start":{"line":512,"column":14},"end":{"line":512,"column":21}},"182":{"start":{"line":514,"column":10},"end":{"line":514,"column":27}},"183":{"start":{"line":524,"column":0},"end":{"line":524,"column":21}}},"fnMap":{"0":{"name":"(anonymous_0)","decl":{"start":{"line":9,"column":4},"end":{"line":9,"column":5}},"loc":{"start":{"line":9,"column":18},"end":{"line":37,"column":5}},"line":9},"1":{"name":"(anonymous_1)","decl":{"start":{"line":10,"column":49},"end":{"line":10,"column":50}},"loc":{"start":{"line":10,"column":56},"end":{"line":12,"column":9}},"line":10},"2":{"name":"(anonymous_2)","decl":{"start":{"line":47,"column":4},"end":{"line":47,"column":5}},"loc":{"start":{"line":47,"column":26},"end":{"line":58,"column":5}},"line":47},"3":{"name":"(anonymous_3)","decl":{"start":{"line":48,"column":27},"end":{"line":48,"column":28}},"loc":{"start":{"line":48,"column":48},"end":{"line":57,"column":9}},"line":48},"4":{"name":"(anonymous_4)","decl":{"start":{"line":49,"column":35},"end":{"line":49,"column":36}},"loc":{"start":{"line":49,"column":50},"end":{"line":56,"column":11}},"line":49},"5":{"name":"(anonymous_5)","decl":{"start":{"line":60,"column":4},"end":{"line":60,"column":5}},"loc":{"start":{"line":60,"column":26},"end":{"line":71,"column":5}},"line":60},"6":{"name":"(anonymous_6)","decl":{"start":{"line":61,"column":27},"end":{"line":61,"column":28}},"loc":{"start":{"line":61,"column":48},"end":{"line":70,"column":9}},"line":61},"7":{"name":"(anonymous_7)","decl":{"start":{"line":62,"column":35},"end":{"line":62,"column":36}},"loc":{"start":{"line":62,"column":52},"end":{"line":69,"column":11}},"line":62},"8":{"name":"(anonymous_8)","decl":{"start":{"line":73,"column":4},"end":{"line":73,"column":5}},"loc":{"start":{"line":73,"column":26},"end":{"line":84,"column":5}},"line":73},"9":{"name":"(anonymous_9)","decl":{"start":{"line":74,"column":27},"end":{"line":74,"column":28}},"loc":{"start":{"line":74,"column":48},"end":{"line":83,"column":9}},"line":74},"10":{"name":"(anonymous_10)","decl":{"start":{"line":75,"column":35},"end":{"line":75,"column":36}},"loc":{"start":{"line":75,"column":50},"end":{"line":82,"column":11}},"line":75},"11":{"name":"(anonymous_11)","decl":{"start":{"line":103,"column":5},"end":{"line":103,"column":6}},"loc":{"start":{"line":103,"column":20},"end":{"line":125,"column":5}},"line":103},"12":{"name":"(anonymous_12)","decl":{"start":{"line":104,"column":25},"end":{"line":104,"column":26}},"loc":{"start":{"line":104,"column":46},"end":{"line":124,"column":7}},"line":104},"13":{"name":"(anonymous_13)","decl":{"start":{"line":117,"column":31},"end":{"line":117,"column":32}},"loc":{"start":{"line":117,"column":42},"end":{"line":123,"column":9}},"line":117},"14":{"name":"(anonymous_14)","decl":{"start":{"line":127,"column":4},"end":{"line":127,"column":5}},"loc":{"start":{"line":127,"column":20},"end":{"line":138,"column":5}},"line":127},"15":{"name":"(anonymous_15)","decl":{"start":{"line":128,"column":25},"end":{"line":128,"column":26}},"loc":{"start":{"line":128,"column":46},"end":{"line":137,"column":7}},"line":128},"16":{"name":"(anonymous_16)","decl":{"start":{"line":130,"column":31},"end":{"line":130,"column":32}},"loc":{"start":{"line":130,"column":42},"end":{"line":136,"column":9}},"line":130},"17":{"name":"(anonymous_17)","decl":{"start":{"line":147,"column":5},"end":{"line":147,"column":6}},"loc":{"start":{"line":147,"column":24},"end":{"line":166,"column":5}},"line":147},"18":{"name":"(anonymous_18)","decl":{"start":{"line":148,"column":25},"end":{"line":148,"column":26}},"loc":{"start":{"line":148,"column":46},"end":{"line":165,"column":7}},"line":148},"19":{"name":"(anonymous_19)","decl":{"start":{"line":158,"column":31},"end":{"line":158,"column":32}},"loc":{"start":{"line":158,"column":42},"end":{"line":164,"column":9}},"line":158},"20":{"name":"(anonymous_20)","decl":{"start":{"line":168,"column":4},"end":{"line":168,"column":5}},"loc":{"start":{"line":168,"column":24},"end":{"line":179,"column":5}},"line":168},"21":{"name":"(anonymous_21)","decl":{"start":{"line":169,"column":25},"end":{"line":169,"column":26}},"loc":{"start":{"line":169,"column":46},"end":{"line":178,"column":7}},"line":169},"22":{"name":"(anonymous_22)","decl":{"start":{"line":171,"column":31},"end":{"line":171,"column":32}},"loc":{"start":{"line":171,"column":42},"end":{"line":177,"column":9}},"line":171},"23":{"name":"(anonymous_23)","decl":{"start":{"line":188,"column":5},"end":{"line":188,"column":6}},"loc":{"start":{"line":188,"column":25},"end":{"line":210,"column":5}},"line":188},"24":{"name":"(anonymous_24)","decl":{"start":{"line":189,"column":25},"end":{"line":189,"column":26}},"loc":{"start":{"line":189,"column":46},"end":{"line":209,"column":7}},"line":189},"25":{"name":"(anonymous_25)","decl":{"start":{"line":202,"column":31},"end":{"line":202,"column":32}},"loc":{"start":{"line":202,"column":42},"end":{"line":208,"column":9}},"line":202},"26":{"name":"(anonymous_26)","decl":{"start":{"line":212,"column":4},"end":{"line":212,"column":5}},"loc":{"start":{"line":212,"column":25},"end":{"line":223,"column":5}},"line":212},"27":{"name":"(anonymous_27)","decl":{"start":{"line":213,"column":25},"end":{"line":213,"column":26}},"loc":{"start":{"line":213,"column":46},"end":{"line":222,"column":7}},"line":213},"28":{"name":"(anonymous_28)","decl":{"start":{"line":215,"column":31},"end":{"line":215,"column":32}},"loc":{"start":{"line":215,"column":42},"end":{"line":221,"column":9}},"line":215},"29":{"name":"(anonymous_29)","decl":{"start":{"line":232,"column":4},"end":{"line":232,"column":5}},"loc":{"start":{"line":232,"column":17},"end":{"line":243,"column":3}},"line":232},"30":{"name":"(anonymous_30)","decl":{"start":{"line":233,"column":25},"end":{"line":233,"column":26}},"loc":{"start":{"line":233,"column":37},"end":{"line":242,"column":7}},"line":233},"31":{"name":"(anonymous_31)","decl":{"start":{"line":235,"column":27},"end":{"line":235,"column":28}},"loc":{"start":{"line":235,"column":34},"end":{"line":241,"column":11}},"line":235},"32":{"name":"(anonymous_32)","decl":{"start":{"line":244,"column":2},"end":{"line":244,"column":3}},"loc":{"start":{"line":244,"column":16},"end":{"line":255,"column":3}},"line":244},"33":{"name":"(anonymous_33)","decl":{"start":{"line":245,"column":23},"end":{"line":245,"column":24}},"loc":{"start":{"line":245,"column":37},"end":{"line":254,"column":5}},"line":245},"34":{"name":"(anonymous_34)","decl":{"start":{"line":247,"column":25},"end":{"line":247,"column":26}},"loc":{"start":{"line":247,"column":32},"end":{"line":253,"column":9}},"line":247},"35":{"name":"(anonymous_35)","decl":{"start":{"line":264,"column":2},"end":{"line":264,"column":3}},"loc":{"start":{"line":264,"column":16},"end":{"line":275,"column":3}},"line":264},"36":{"name":"(anonymous_36)","decl":{"start":{"line":265,"column":23},"end":{"line":265,"column":24}},"loc":{"start":{"line":265,"column":35},"end":{"line":274,"column":5}},"line":265},"37":{"name":"(anonymous_37)","decl":{"start":{"line":267,"column":25},"end":{"line":267,"column":26}},"loc":{"start":{"line":267,"column":32},"end":{"line":273,"column":9}},"line":267},"38":{"name":"(anonymous_38)","decl":{"start":{"line":276,"column":2},"end":{"line":276,"column":3}},"loc":{"start":{"line":276,"column":17},"end":{"line":287,"column":3}},"line":276},"39":{"name":"(anonymous_39)","decl":{"start":{"line":277,"column":23},"end":{"line":277,"column":24}},"loc":{"start":{"line":277,"column":37},"end":{"line":286,"column":5}},"line":277},"40":{"name":"(anonymous_40)","decl":{"start":{"line":279,"column":25},"end":{"line":279,"column":26}},"loc":{"start":{"line":279,"column":32},"end":{"line":285,"column":9}},"line":279},"41":{"name":"(anonymous_41)","decl":{"start":{"line":296,"column":2},"end":{"line":296,"column":3}},"loc":{"start":{"line":296,"column":15},"end":{"line":307,"column":3}},"line":296},"42":{"name":"(anonymous_42)","decl":{"start":{"line":297,"column":23},"end":{"line":297,"column":24}},"loc":{"start":{"line":297,"column":35},"end":{"line":306,"column":5}},"line":297},"43":{"name":"(anonymous_43)","decl":{"start":{"line":299,"column":25},"end":{"line":299,"column":26}},"loc":{"start":{"line":299,"column":32},"end":{"line":305,"column":9}},"line":299},"44":{"name":"(anonymous_44)","decl":{"start":{"line":308,"column":2},"end":{"line":308,"column":3}},"loc":{"start":{"line":308,"column":16},"end":{"line":319,"column":1}},"line":308},"45":{"name":"(anonymous_45)","decl":{"start":{"line":309,"column":23},"end":{"line":309,"column":24}},"loc":{"start":{"line":309,"column":37},"end":{"line":318,"column":5}},"line":309},"46":{"name":"(anonymous_46)","decl":{"start":{"line":311,"column":25},"end":{"line":311,"column":26}},"loc":{"start":{"line":311,"column":32},"end":{"line":317,"column":9}},"line":311},"47":{"name":"(anonymous_47)","decl":{"start":{"line":328,"column":2},"end":{"line":328,"column":3}},"loc":{"start":{"line":328,"column":18},"end":{"line":396,"column":3}},"line":328},"48":{"name":"(anonymous_48)","decl":{"start":{"line":373,"column":23},"end":{"line":373,"column":24}},"loc":{"start":{"line":373,"column":41},"end":{"line":395,"column":5}},"line":373},"49":{"name":"(anonymous_49)","decl":{"start":{"line":375,"column":23},"end":{"line":375,"column":24}},"loc":{"start":{"line":375,"column":30},"end":{"line":381,"column":7}},"line":375},"50":{"name":"(anonymous_50)","decl":{"start":{"line":384,"column":20},"end":{"line":384,"column":21}},"loc":{"start":{"line":384,"column":33},"end":{"line":393,"column":7}},"line":384},"51":{"name":"(anonymous_51)","decl":{"start":{"line":386,"column":72},"end":{"line":386,"column":73}},"loc":{"start":{"line":386,"column":79},"end":{"line":392,"column":9}},"line":386},"52":{"name":"(anonymous_52)","decl":{"start":{"line":398,"column":2},"end":{"line":398,"column":3}},"loc":{"start":{"line":398,"column":19},"end":{"line":409,"column":3}},"line":398},"53":{"name":"(anonymous_53)","decl":{"start":{"line":399,"column":23},"end":{"line":399,"column":24}},"loc":{"start":{"line":399,"column":37},"end":{"line":408,"column":5}},"line":399},"54":{"name":"(anonymous_54)","decl":{"start":{"line":401,"column":23},"end":{"line":401,"column":24}},"loc":{"start":{"line":401,"column":30},"end":{"line":407,"column":7}},"line":401},"55":{"name":"(anonymous_55)","decl":{"start":{"line":422,"column":2},"end":{"line":422,"column":3}},"loc":{"start":{"line":422,"column":15},"end":{"line":433,"column":3}},"line":422},"56":{"name":"(anonymous_56)","decl":{"start":{"line":423,"column":23},"end":{"line":423,"column":24}},"loc":{"start":{"line":423,"column":35},"end":{"line":432,"column":5}},"line":423},"57":{"name":"(anonymous_57)","decl":{"start":{"line":425,"column":25},"end":{"line":425,"column":26}},"loc":{"start":{"line":425,"column":32},"end":{"line":431,"column":9}},"line":425},"58":{"name":"(anonymous_58)","decl":{"start":{"line":436,"column":2},"end":{"line":436,"column":3}},"loc":{"start":{"line":436,"column":16},"end":{"line":447,"column":3}},"line":436},"59":{"name":"(anonymous_59)","decl":{"start":{"line":437,"column":23},"end":{"line":437,"column":24}},"loc":{"start":{"line":437,"column":37},"end":{"line":446,"column":3}},"line":437},"60":{"name":"(anonymous_60)","decl":{"start":{"line":439,"column":23},"end":{"line":439,"column":24}},"loc":{"start":{"line":439,"column":30},"end":{"line":445,"column":7}},"line":439},"61":{"name":"(anonymous_61)","decl":{"start":{"line":457,"column":2},"end":{"line":457,"column":3}},"loc":{"start":{"line":457,"column":15},"end":{"line":468,"column":3}},"line":457},"62":{"name":"(anonymous_62)","decl":{"start":{"line":458,"column":23},"end":{"line":458,"column":24}},"loc":{"start":{"line":458,"column":35},"end":{"line":467,"column":5}},"line":458},"63":{"name":"(anonymous_63)","decl":{"start":{"line":460,"column":25},"end":{"line":460,"column":26}},"loc":{"start":{"line":460,"column":32},"end":{"line":466,"column":9}},"line":460},"64":{"name":"(anonymous_64)","decl":{"start":{"line":471,"column":2},"end":{"line":471,"column":3}},"loc":{"start":{"line":471,"column":16},"end":{"line":482,"column":3}},"line":471},"65":{"name":"(anonymous_65)","decl":{"start":{"line":472,"column":23},"end":{"line":472,"column":24}},"loc":{"start":{"line":472,"column":37},"end":{"line":481,"column":3}},"line":472},"66":{"name":"(anonymous_66)","decl":{"start":{"line":474,"column":23},"end":{"line":474,"column":24}},"loc":{"start":{"line":474,"column":30},"end":{"line":480,"column":7}},"line":474},"67":{"name":"(anonymous_67)","decl":{"start":{"line":492,"column":2},"end":{"line":492,"column":3}},"loc":{"start":{"line":492,"column":14},"end":{"line":503,"column":3}},"line":492},"68":{"name":"(anonymous_68)","decl":{"start":{"line":493,"column":23},"end":{"line":493,"column":24}},"loc":{"start":{"line":493,"column":35},"end":{"line":502,"column":5}},"line":493},"69":{"name":"(anonymous_69)","decl":{"start":{"line":495,"column":25},"end":{"line":495,"column":26}},"loc":{"start":{"line":495,"column":32},"end":{"line":501,"column":9}},"line":495},"70":{"name":"(anonymous_70)","decl":{"start":{"line":506,"column":2},"end":{"line":506,"column":3}},"loc":{"start":{"line":506,"column":15},"end":{"line":517,"column":3}},"line":506},"71":{"name":"(anonymous_71)","decl":{"start":{"line":507,"column":23},"end":{"line":507,"column":24}},"loc":{"start":{"line":507,"column":37},"end":{"line":516,"column":3}},"line":507},"72":{"name":"(anonymous_72)","decl":{"start":{"line":509,"column":23},"end":{"line":509,"column":24}},"loc":{"start":{"line":509,"column":30},"end":{"line":515,"column":7}},"line":509}},"branchMap":{"0":{"loc":{"start":{"line":11,"column":12},"end":{"line":11,"column":30}},"type":"if","locations":[{"start":{"line":11,"column":12},"end":{"line":11,"column":30}},{"start":{},"end":{}}],"line":11},"1":{"loc":{"start":{"line":47,"column":13},"end":{"line":47,"column":24}},"type":"default-arg","locations":[{"start":{"line":47,"column":22},"end":{"line":47,"column":24}}],"line":47},"2":{"loc":{"start":{"line":50,"column":12},"end":{"line":55,"column":13}},"type":"if","locations":[{"start":{"line":50,"column":12},"end":{"line":55,"column":13}},{"start":{"line":53,"column":19},"end":{"line":55,"column":13}}],"line":50},"3":{"loc":{"start":{"line":60,"column":13},"end":{"line":60,"column":24}},"type":"default-arg","locations":[{"start":{"line":60,"column":22},"end":{"line":60,"column":24}}],"line":60},"4":{"loc":{"start":{"line":63,"column":12},"end":{"line":68,"column":13}},"type":"if","locations":[{"start":{"line":63,"column":12},"end":{"line":68,"column":13}},{"start":{"line":66,"column":19},"end":{"line":68,"column":13}}],"line":63},"5":{"loc":{"start":{"line":73,"column":13},"end":{"line":73,"column":24}},"type":"default-arg","locations":[{"start":{"line":73,"column":22},"end":{"line":73,"column":24}}],"line":73},"6":{"loc":{"start":{"line":76,"column":12},"end":{"line":81,"column":13}},"type":"if","locations":[{"start":{"line":76,"column":12},"end":{"line":81,"column":13}},{"start":{"line":79,"column":19},"end":{"line":81,"column":13}}],"line":76},"7":{"loc":{"start":{"line":118,"column":10},"end":{"line":121,"column":11}},"type":"if","locations":[{"start":{"line":118,"column":10},"end":{"line":121,"column":11}},{"start":{},"end":{}}],"line":118},"8":{"loc":{"start":{"line":131,"column":10},"end":{"line":134,"column":11}},"type":"if","locations":[{"start":{"line":131,"column":10},"end":{"line":134,"column":11}},{"start":{},"end":{}}],"line":131},"9":{"loc":{"start":{"line":159,"column":10},"end":{"line":162,"column":11}},"type":"if","locations":[{"start":{"line":159,"column":10},"end":{"line":162,"column":11}},{"start":{},"end":{}}],"line":159},"10":{"loc":{"start":{"line":172,"column":10},"end":{"line":175,"column":11}},"type":"if","locations":[{"start":{"line":172,"column":10},"end":{"line":175,"column":11}},{"start":{},"end":{}}],"line":172},"11":{"loc":{"start":{"line":203,"column":10},"end":{"line":206,"column":11}},"type":"if","locations":[{"start":{"line":203,"column":10},"end":{"line":206,"column":11}},{"start":{},"end":{}}],"line":203},"12":{"loc":{"start":{"line":216,"column":10},"end":{"line":219,"column":11}},"type":"if","locations":[{"start":{"line":216,"column":10},"end":{"line":219,"column":11}},{"start":{},"end":{}}],"line":216},"13":{"loc":{"start":{"line":236,"column":14},"end":{"line":239,"column":15}},"type":"if","locations":[{"start":{"line":236,"column":14},"end":{"line":239,"column":15}},{"start":{},"end":{}}],"line":236},"14":{"loc":{"start":{"line":248,"column":12},"end":{"line":251,"column":13}},"type":"if","locations":[{"start":{"line":248,"column":12},"end":{"line":251,"column":13}},{"start":{},"end":{}}],"line":248},"15":{"loc":{"start":{"line":268,"column":12},"end":{"line":271,"column":13}},"type":"if","locations":[{"start":{"line":268,"column":12},"end":{"line":271,"column":13}},{"start":{},"end":{}}],"line":268},"16":{"loc":{"start":{"line":280,"column":12},"end":{"line":283,"column":13}},"type":"if","locations":[{"start":{"line":280,"column":12},"end":{"line":283,"column":13}},{"start":{},"end":{}}],"line":280},"17":{"loc":{"start":{"line":300,"column":12},"end":{"line":303,"column":13}},"type":"if","locations":[{"start":{"line":300,"column":12},"end":{"line":303,"column":13}},{"start":{},"end":{}}],"line":300},"18":{"loc":{"start":{"line":312,"column":12},"end":{"line":315,"column":13}},"type":"if","locations":[{"start":{"line":312,"column":12},"end":{"line":315,"column":13}},{"start":{},"end":{}}],"line":312},"19":{"loc":{"start":{"line":376,"column":8},"end":{"line":379,"column":11}},"type":"if","locations":[{"start":{"line":376,"column":8},"end":{"line":379,"column":11}},{"start":{},"end":{}}],"line":376},"20":{"loc":{"start":{"line":387,"column":10},"end":{"line":390,"column":13}},"type":"if","locations":[{"start":{"line":387,"column":10},"end":{"line":390,"column":13}},{"start":{},"end":{}}],"line":387},"21":{"loc":{"start":{"line":402,"column":10},"end":{"line":405,"column":11}},"type":"if","locations":[{"start":{"line":402,"column":10},"end":{"line":405,"column":11}},{"start":{},"end":{}}],"line":402},"22":{"loc":{"start":{"line":426,"column":12},"end":{"line":429,"column":13}},"type":"if","locations":[{"start":{"line":426,"column":12},"end":{"line":429,"column":13}},{"start":{},"end":{}}],"line":426},"23":{"loc":{"start":{"line":440,"column":10},"end":{"line":443,"column":11}},"type":"if","locations":[{"start":{"line":440,"column":10},"end":{"line":443,"column":11}},{"start":{},"end":{}}],"line":440},"24":{"loc":{"start":{"line":461,"column":12},"end":{"line":464,"column":13}},"type":"if","locations":[{"start":{"line":461,"column":12},"end":{"line":464,"column":13}},{"start":{},"end":{}}],"line":461},"25":{"loc":{"start":{"line":475,"column":10},"end":{"line":478,"column":11}},"type":"if","locations":[{"start":{"line":475,"column":10},"end":{"line":478,"column":11}},{"start":{},"end":{}}],"line":475},"26":{"loc":{"start":{"line":496,"column":12},"end":{"line":499,"column":13}},"type":"if","locations":[{"start":{"line":496,"column":12},"end":{"line":499,"column":13}},{"start":{},"end":{}}],"line":496},"27":{"loc":{"start":{"line":510,"column":10},"end":{"line":513,"column":11}},"type":"if","locations":[{"start":{"line":510,"column":10},"end":{"line":513,"column":11}},{"start":{},"end":{}}],"line":510}},"s":{"0":1,"1":1,"2":1,"3":1,"4":1,"5":0,"6":1,"7":1,"8":1,"9":1,"10":1,"11":1,"12":1,"13":1,"14":1,"15":1,"16":19,"17":19,"18":19,"19":0,"20":0,"21":19,"22":10,"23":10,"24":10,"25":0,"26":0,"27":10,"28":3,"29":3,"30":3,"31":0,"32":0,"33":3,"34":1,"35":1,"36":1,"37":1,"38":0,"39":0,"40":1,"41":0,"42":0,"43":0,"44":0,"45":0,"46":0,"47":0,"48":1,"49":1,"50":1,"51":1,"52":0,"53":0,"54":1,"55":0,"56":0,"57":0,"58":0,"59":0,"60":0,"61":0,"62":1,"63":1,"64":1,"65":1,"66":0,"67":0,"68":1,"69":0,"70":0,"71":0,"72":0,"73":0,"74":0,"75":0,"76":1,"77":1,"78":1,"79":1,"80":0,"81":0,"82":1,"83":0,"84":0,"85":0,"86":0,"87":0,"88":0,"89":0,"90":1,"91":1,"92":1,"93":1,"94":0,"95":0,"96":1,"97":0,"98":0,"99":0,"100":0,"101":0,"102":0,"103":0,"104":1,"105":1,"106":1,"107":1,"108":0,"109":0,"110":1,"111":0,"112":0,"113":0,"114":0,"115":0,"116":0,"117":0,"118":1,"119":1,"120":1,"121":1,"122":1,"123":0,"124":0,"125":1,"126":1,"127":1,"128":6,"129":6,"130":6,"131":0,"132":0,"133":6,"134":0,"135":0,"136":0,"137":0,"138":0,"139":0,"140":0,"141":1,"142":1,"143":1,"144":1,"145":0,"146":0,"147":1,"148":0,"149":0,"150":0,"151":0,"152":0,"153":0,"154":0,"155":1,"156":1,"157":1,"158":1,"159":0,"160":0,"161":1,"162":0,"163":0,"164":0,"165":0,"166":0,"167":0,"168":0,"169":1,"170":1,"171":1,"172":1,"173":0,"174":0,"175":1,"176":0,"177":0,"178":0,"179":0,"180":0,"181":0,"182":0,"183":1},"f":{"0":1,"1":1,"2":19,"3":19,"4":19,"5":10,"6":10,"7":10,"8":3,"9":3,"10":3,"11":1,"12":1,"13":1,"14":0,"15":0,"16":0,"17":1,"18":1,"19":1,"20":0,"21":0,"22":0,"23":1,"24":1,"25":1,"26":0,"27":0,"28":0,"29":1,"30":1,"31":1,"32":0,"33":0,"34":0,"35":1,"36":1,"37":1,"38":0,"39":0,"40":0,"41":1,"42":1,"43":1,"44":0,"45":0,"46":0,"47":1,"48":1,"49":1,"50":6,"51":6,"52":0,"53":0,"54":0,"55":1,"56":1,"57":1,"58":0,"59":0,"60":0,"61":1,"62":1,"63":1,"64":0,"65":0,"66":0,"67":1,"68":1,"69":1,"70":0,"71":0,"72":0},"b":{"0":[0,1],"1":[0],"2":[0,19],"3":[0],"4":[0,10],"5":[0],"6":[0,3],"7":[0,1],"8":[0,0],"9":[0,1],"10":[0,0],"11":[0,1],"12":[0,0],"13":[0,1],"14":[0,0],"15":[0,1],"16":[0,0],"17":[0,1],"18":[0,0],"19":[0,1],"20":[0,6],"21":[0,0],"22":[0,1],"23":[0,0],"24":[0,1],"25":[0,0],"26":[0,1],"27":[0,0]},"_coverageSchema":"1a1c01bbd47fc00a2c39e90264f33305004495a9","hash":"acbfa3745c849e34e3703bfd2f2ecbf7fda90182"}
,"/Users/peipi98/Documents/PoliTO/Materie/Software_Engineering/team30/SoftEng_garbageCollector/code/server/db/userDAO.js": {"path":"/Users/peipi98/Documents/PoliTO/Materie/Software_Engineering/team30/SoftEng_garbageCollector/code/server/db/userDAO.js","statementMap":{"0":{"start":{"line":3,"column":22},"end":{"line":3,"column":39}},"1":{"start":{"line":4,"column":22},"end":{"line":4,"column":24}},"2":{"start":{"line":6,"column":15},"end":{"line":6,"column":33}},"3":{"start":{"line":7,"column":12},"end":{"line":7,"column":32}},"4":{"start":{"line":10,"column":12},"end":{"line":10,"column":21}},"5":{"start":{"line":12,"column":0},"end":{"line":19,"column":1}},"6":{"start":{"line":13,"column":16},"end":{"line":13,"column":95}},"7":{"start":{"line":15,"column":15},"end":{"line":15,"column":54}},"8":{"start":{"line":16,"column":4},"end":{"line":18,"column":7}},"9":{"start":{"line":17,"column":8},"end":{"line":17,"column":26}},"10":{"start":{"line":17,"column":16},"end":{"line":17,"column":26}},"11":{"start":{"line":21,"column":0},"end":{"line":42,"column":1}},"12":{"start":{"line":22,"column":14},"end":{"line":22,"column":16}},"13":{"start":{"line":24,"column":4},"end":{"line":41,"column":5}},"14":{"start":{"line":25,"column":8},"end":{"line":28,"column":45}},"15":{"start":{"line":29,"column":8},"end":{"line":31,"column":11}},"16":{"start":{"line":30,"column":12},"end":{"line":30,"column":32}},"17":{"start":{"line":30,"column":21},"end":{"line":30,"column":32}},"18":{"start":{"line":34,"column":8},"end":{"line":37,"column":29}},"19":{"start":{"line":38,"column":8},"end":{"line":40,"column":11}},"20":{"start":{"line":39,"column":12},"end":{"line":39,"column":32}},"21":{"start":{"line":39,"column":21},"end":{"line":39,"column":32}},"22":{"start":{"line":44,"column":0},"end":{"line":69,"column":1}},"23":{"start":{"line":45,"column":16},"end":{"line":45,"column":18}},"24":{"start":{"line":46,"column":8},"end":{"line":51,"column":9}},"25":{"start":{"line":47,"column":12},"end":{"line":47,"column":82}},"26":{"start":{"line":50,"column":12},"end":{"line":50,"column":58}},"27":{"start":{"line":52,"column":21},"end":{"line":54,"column":10}},"28":{"start":{"line":53,"column":12},"end":{"line":53,"column":30}},"29":{"start":{"line":53,"column":20},"end":{"line":53,"column":30}},"30":{"start":{"line":56,"column":20},"end":{"line":67,"column":10}},"31":{"start":{"line":57,"column":23},"end":{"line":57,"column":44}},"32":{"start":{"line":58,"column":24},"end":{"line":58,"column":61}},"33":{"start":{"line":59,"column":23},"end":{"line":65,"column":13}},"34":{"start":{"line":66,"column":12},"end":{"line":66,"column":24}},"35":{"start":{"line":68,"column":8},"end":{"line":68,"column":20}},"36":{"start":{"line":71,"column":0},"end":{"line":83,"column":1}},"37":{"start":{"line":72,"column":16},"end":{"line":77,"column":5}},"38":{"start":{"line":79,"column":14},"end":{"line":81,"column":6}},"39":{"start":{"line":80,"column":8},"end":{"line":80,"column":26}},"40":{"start":{"line":80,"column":16},"end":{"line":80,"column":26}},"41":{"start":{"line":82,"column":4},"end":{"line":82,"column":14}},"42":{"start":{"line":85,"column":0},"end":{"line":91,"column":1}},"43":{"start":{"line":86,"column":16},"end":{"line":86,"column":69}},"44":{"start":{"line":87,"column":4},"end":{"line":89,"column":7}},"45":{"start":{"line":88,"column":8},"end":{"line":88,"column":42}},"46":{"start":{"line":88,"column":31},"end":{"line":88,"column":42}},"47":{"start":{"line":93,"column":0},"end":{"line":100,"column":1}},"48":{"start":{"line":94,"column":16},"end":{"line":94,"column":35}},"49":{"start":{"line":95,"column":4},"end":{"line":99,"column":7}},"50":{"start":{"line":96,"column":8},"end":{"line":98,"column":9}},"51":{"start":{"line":97,"column":12},"end":{"line":97,"column":21}}},"fnMap":{"0":{"name":"(anonymous_0)","decl":{"start":{"line":12,"column":21},"end":{"line":12,"column":22}},"loc":{"start":{"line":12,"column":71},"end":{"line":19,"column":1}},"line":12},"1":{"name":"(anonymous_1)","decl":{"start":{"line":16,"column":62},"end":{"line":16,"column":63}},"loc":{"start":{"line":16,"column":71},"end":{"line":18,"column":5}},"line":16},"2":{"name":"(anonymous_2)","decl":{"start":{"line":21,"column":18},"end":{"line":21,"column":19}},"loc":{"start":{"line":21,"column":53},"end":{"line":42,"column":1}},"line":21},"3":{"name":"(anonymous_3)","decl":{"start":{"line":29,"column":52},"end":{"line":29,"column":53}},"loc":{"start":{"line":29,"column":61},"end":{"line":31,"column":9}},"line":29},"4":{"name":"(anonymous_4)","decl":{"start":{"line":38,"column":46},"end":{"line":38,"column":47}},"loc":{"start":{"line":38,"column":55},"end":{"line":40,"column":9}},"line":38},"5":{"name":"(anonymous_5)","decl":{"start":{"line":44,"column":19},"end":{"line":44,"column":20}},"loc":{"start":{"line":44,"column":52},"end":{"line":69,"column":1}},"line":44},"6":{"name":"(anonymous_6)","decl":{"start":{"line":52,"column":51},"end":{"line":52,"column":52}},"loc":{"start":{"line":52,"column":60},"end":{"line":54,"column":9}},"line":52},"7":{"name":"(anonymous_7)","decl":{"start":{"line":56,"column":31},"end":{"line":56,"column":32}},"loc":{"start":{"line":56,"column":38},"end":{"line":67,"column":9}},"line":56},"8":{"name":"(anonymous_8)","decl":{"start":{"line":71,"column":28},"end":{"line":71,"column":29}},"loc":{"start":{"line":71,"column":67},"end":{"line":83,"column":1}},"line":71},"9":{"name":"(anonymous_9)","decl":{"start":{"line":79,"column":65},"end":{"line":79,"column":66}},"loc":{"start":{"line":79,"column":74},"end":{"line":81,"column":5}},"line":79},"10":{"name":"(anonymous_10)","decl":{"start":{"line":85,"column":21},"end":{"line":85,"column":22}},"loc":{"start":{"line":85,"column":46},"end":{"line":91,"column":1}},"line":85},"11":{"name":"(anonymous_11)","decl":{"start":{"line":87,"column":41},"end":{"line":87,"column":42}},"loc":{"start":{"line":87,"column":55},"end":{"line":89,"column":5}},"line":87},"12":{"name":"(anonymous_12)","decl":{"start":{"line":93,"column":25},"end":{"line":93,"column":26}},"loc":{"start":{"line":93,"column":36},"end":{"line":100,"column":1}},"line":93},"13":{"name":"(anonymous_13)","decl":{"start":{"line":95,"column":30},"end":{"line":95,"column":31}},"loc":{"start":{"line":95,"column":37},"end":{"line":99,"column":5}},"line":95}},"branchMap":{"0":{"loc":{"start":{"line":17,"column":8},"end":{"line":17,"column":26}},"type":"if","locations":[{"start":{"line":17,"column":8},"end":{"line":17,"column":26}},{"start":{},"end":{}}],"line":17},"1":{"loc":{"start":{"line":21,"column":34},"end":{"line":21,"column":48}},"type":"default-arg","locations":[{"start":{"line":21,"column":39},"end":{"line":21,"column":48}}],"line":21},"2":{"loc":{"start":{"line":24,"column":4},"end":{"line":41,"column":5}},"type":"if","locations":[{"start":{"line":24,"column":4},"end":{"line":41,"column":5}},{"start":{"line":33,"column":9},"end":{"line":41,"column":5}}],"line":24},"3":{"loc":{"start":{"line":30,"column":12},"end":{"line":30,"column":32}},"type":"if","locations":[{"start":{"line":30,"column":12},"end":{"line":30,"column":32}},{"start":{},"end":{}}],"line":30},"4":{"loc":{"start":{"line":39,"column":12},"end":{"line":39,"column":32}},"type":"if","locations":[{"start":{"line":39,"column":12},"end":{"line":39,"column":32}},{"start":{},"end":{}}],"line":39},"5":{"loc":{"start":{"line":44,"column":26},"end":{"line":44,"column":47}},"type":"default-arg","locations":[{"start":{"line":44,"column":38},"end":{"line":44,"column":47}}],"line":44},"6":{"loc":{"start":{"line":46,"column":8},"end":{"line":51,"column":9}},"type":"if","locations":[{"start":{"line":46,"column":8},"end":{"line":51,"column":9}},{"start":{"line":49,"column":13},"end":{"line":51,"column":9}}],"line":46},"7":{"loc":{"start":{"line":53,"column":12},"end":{"line":53,"column":30}},"type":"if","locations":[{"start":{"line":53,"column":12},"end":{"line":53,"column":30}},{"start":{},"end":{}}],"line":53},"8":{"loc":{"start":{"line":80,"column":8},"end":{"line":80,"column":26}},"type":"if","locations":[{"start":{"line":80,"column":8},"end":{"line":80,"column":26}},{"start":{},"end":{}}],"line":80},"9":{"loc":{"start":{"line":88,"column":8},"end":{"line":88,"column":42}},"type":"if","locations":[{"start":{"line":88,"column":8},"end":{"line":88,"column":42}},{"start":{},"end":{}}],"line":88},"10":{"loc":{"start":{"line":88,"column":12},"end":{"line":88,"column":29}},"type":"binary-expr","locations":[{"start":{"line":88,"column":12},"end":{"line":88,"column":15}},{"start":{"line":88,"column":19},"end":{"line":88,"column":29}}],"line":88},"11":{"loc":{"start":{"line":96,"column":8},"end":{"line":98,"column":9}},"type":"if","locations":[{"start":{"line":96,"column":8},"end":{"line":98,"column":9}},{"start":{},"end":{}}],"line":96}},"s":{"0":1,"1":1,"2":1,"3":1,"4":1,"5":1,"6":7,"7":7,"8":7,"9":0,"10":0,"11":1,"12":10,"13":10,"14":7,"15":7,"16":0,"17":0,"18":3,"19":3,"20":0,"21":0,"22":1,"23":3,"24":3,"25":1,"26":2,"27":3,"28":0,"29":0,"30":3,"31":5,"32":5,"33":5,"34":5,"35":3,"36":1,"37":1,"38":1,"39":0,"40":0,"41":1,"42":1,"43":1,"44":1,"45":0,"46":0,"47":1,"48":10,"49":10,"50":0,"51":0},"f":{"0":7,"1":0,"2":10,"3":0,"4":0,"5":3,"6":0,"7":5,"8":1,"9":0,"10":1,"11":0,"12":10,"13":0},"b":{"0":[0,0],"1":[3],"2":[7,3],"3":[0,0],"4":[0,0],"5":[2],"6":[1,2],"7":[0,0],"8":[0,0],"9":[0,0],"10":[0,0],"11":[0,0]},"_coverageSchema":"1a1c01bbd47fc00a2c39e90264f33305004495a9","hash":"faea12c9e93614fce9e96a7f3b6cb66e7feaa8e4"}
}
