TN:
SF:db/InternalOrderDAO.js
FN:24,(anonymous_0)
FN:39,(anonymous_1)
FN:44,(anonymous_2)
FN:45,(anonymous_3)
FN:51,(anonymous_4)
FN:62,(anonymous_5)
FN:67,(anonymous_6)
FN:69,(anonymous_7)
FN:80,(anonymous_8)
FN:85,(anonymous_9)
FN:87,(anonymous_10)
FN:98,(anonymous_11)
FN:103,(anonymous_12)
FN:105,(anonymous_13)
FN:116,(anonymous_14)
FN:121,(anonymous_15)
FN:123,(anonymous_16)
FN:135,(anonymous_17)
FN:142,(anonymous_18)
FN:144,(anonymous_19)
FN:157,(anonymous_20)
FN:169,(anonymous_21)
FN:197,(anonymous_22)
FN:205,(anonymous_23)
FN:207,(anonymous_24)
FN:219,(anonymous_25)
FN:247,(anonymous_26)
FN:254,(anonymous_27)
FN:257,(anonymous_28)
FNF:29
FNH:28
FNDA:3,(anonymous_0)
FNDA:4,(anonymous_1)
FNDA:3,(anonymous_2)
FNDA:4,(anonymous_3)
FNDA:1,(anonymous_4)
FNDA:1,(anonymous_5)
FNDA:1,(anonymous_6)
FNDA:0,(anonymous_7)
FNDA:3,(anonymous_8)
FNDA:2,(anonymous_9)
FNDA:1,(anonymous_10)
FNDA:2,(anonymous_11)
FNDA:1,(anonymous_12)
FNDA:1,(anonymous_13)
FNDA:2,(anonymous_14)
FNDA:1,(anonymous_15)
FNDA:1,(anonymous_16)
FNDA:5,(anonymous_17)
FNDA:4,(anonymous_18)
FNDA:1,(anonymous_19)
FNDA:6,(anonymous_20)
FNDA:240,(anonymous_21)
FNDA:3,(anonymous_22)
FNDA:2,(anonymous_23)
FNDA:1,(anonymous_24)
FNDA:3,(anonymous_25)
FNDA:2,(anonymous_26)
FNDA:1,(anonymous_27)
FNDA:1,(anonymous_28)
DA:25,3
DA:39,3
DA:41,4
DA:42,4
DA:45,3
DA:46,4
DA:47,4
DA:50,3
DA:53,1
DA:62,3
DA:64,1
DA:65,1
DA:68,1
DA:70,0
DA:80,3
DA:82,3
DA:83,3
DA:86,2
DA:88,1
DA:98,3
DA:100,2
DA:101,2
DA:104,1
DA:107,1
DA:116,3
DA:118,2
DA:119,2
DA:122,1
DA:124,1
DA:135,3
DA:136,5
DA:137,5
DA:143,4
DA:145,1
DA:157,3
DA:159,6
DA:160,6
DA:161,6
DA:162,6
DA:163,6
DA:164,1
DA:166,6
DA:169,9
DA:177,240
DA:178,240
DA:183,6
DA:186,0
DA:197,3
DA:198,3
DA:199,3
DA:206,2
DA:208,1
DA:219,3
DA:220,3
DA:221,3
DA:223,3
DA:226,3
DA:229,3
DA:230,3
DA:234,2
DA:236,1
DA:247,3
DA:248,2
DA:249,2
DA:256,1
DA:258,1
DA:263,4
LF:67
LH:65
BRDA:163,0,0,1
BRDA:163,0,1,5
BRDA:163,1,0,6
BRDA:163,1,1,4
BRF:4
BRH:4
end_of_record
TN:
SF:db/RestockOrderDAO.js
FN:24,(anonymous_0)
FN:39,(anonymous_1)
FN:44,(anonymous_2)
FN:45,(anonymous_3)
FN:51,(anonymous_4)
FN:61,(anonymous_5)
FN:69,(anonymous_6)
FN:71,(anonymous_7)
FN:82,(anonymous_8)
FN:87,(anonymous_9)
FN:89,(anonymous_10)
FN:100,(anonymous_11)
FN:105,(anonymous_12)
FN:107,(anonymous_13)
FN:118,(anonymous_14)
FN:125,(anonymous_15)
FN:127,(anonymous_16)
FN:140,(anonymous_17)
FN:150,(anonymous_18)
FN:152,(anonymous_19)
FN:175,(anonymous_20)
FN:183,(anonymous_21)
FN:185,(anonymous_22)
FN:198,(anonymous_23)
FN:231,(anonymous_24)
FN:240,(anonymous_25)
FN:242,(anonymous_26)
FN:253,(anonymous_27)
FN:260,(anonymous_28)
FN:262,(anonymous_29)
FNF:30
FNH:30
FNDA:3,(anonymous_0)
FNDA:6,(anonymous_1)
FNDA:5,(anonymous_2)
FNDA:8,(anonymous_3)
FNDA:1,(anonymous_4)
FNDA:7,(anonymous_5)
FNDA:6,(anonymous_6)
FNDA:1,(anonymous_7)
FNDA:3,(anonymous_8)
FNDA:2,(anonymous_9)
FNDA:1,(anonymous_10)
FNDA:3,(anonymous_11)
FNDA:2,(anonymous_12)
FNDA:1,(anonymous_13)
FNDA:5,(anonymous_14)
FNDA:4,(anonymous_15)
FNDA:1,(anonymous_16)
FNDA:8,(anonymous_17)
FNDA:14,(anonymous_18)
FNDA:35,(anonymous_19)
FNDA:2,(anonymous_20)
FNDA:1,(anonymous_21)
FNDA:1,(anonymous_22)
FNDA:2,(anonymous_23)
FNDA:2,(anonymous_24)
FNDA:1,(anonymous_25)
FNDA:1,(anonymous_26)
FNDA:2,(anonymous_27)
FNDA:1,(anonymous_28)
FNDA:1,(anonymous_29)
DA:25,3
DA:39,3
DA:41,6
DA:42,6
DA:45,5
DA:46,8
DA:47,8
DA:50,5
DA:52,1
DA:61,3
DA:63,7
DA:67,7
DA:70,6
DA:72,1
DA:82,3
DA:84,3
DA:85,3
DA:88,2
DA:90,1
DA:100,3
DA:102,3
DA:103,3
DA:106,2
DA:108,1
DA:118,3
DA:119,5
DA:120,5
DA:126,4
DA:128,1
DA:140,3
DA:142,8
DA:143,8
DA:144,8
DA:145,7
DA:146,7
DA:147,3
DA:150,7
DA:152,14
DA:153,35
DA:155,35
DA:160,7
DA:164,1
DA:175,3
DA:176,2
DA:177,2
DA:184,1
DA:187,1
DA:198,3
DA:199,2
DA:200,2
DA:202,4
DA:208,4
DA:211,4
DA:215,4
DA:219,1
DA:221,1
DA:231,3
DA:232,2
DA:234,2
DA:241,1
DA:244,1
DA:253,3
DA:254,2
DA:255,2
DA:261,1
DA:263,1
DA:268,3
LF:67
LH:67
BRDA:146,0,0,3
BRDA:146,0,1,4
BRDA:146,1,0,7
BRDA:146,1,1,6
BRF:4
BRH:4
end_of_record
TN:
SF:db/ReturnOrderDAO.js
FN:24,(anonymous_0)
FN:43,(anonymous_1)
FN:50,(anonymous_2)
FN:52,(anonymous_3)
FN:66,(anonymous_4)
FN:70,(anonymous_5)
FN:72,(anonymous_6)
FN:87,(anonymous_7)
FN:94,(anonymous_8)
FN:96,(anonymous_9)
FN:112,(anonymous_10)
FN:143,(anonymous_11)
FN:150,(anonymous_12)
FN:153,(anonymous_13)
FNF:14
FNH:14
FNDA:2,(anonymous_0)
FNDA:3,(anonymous_1)
FNDA:2,(anonymous_2)
FNDA:1,(anonymous_3)
FNDA:2,(anonymous_4)
FNDA:1,(anonymous_5)
FNDA:1,(anonymous_6)
FNDA:3,(anonymous_7)
FNDA:2,(anonymous_8)
FNDA:1,(anonymous_9)
FNDA:3,(anonymous_10)
FNDA:2,(anonymous_11)
FNDA:1,(anonymous_12)
FNDA:1,(anonymous_13)
DA:25,2
DA:43,2
DA:44,3
DA:45,3
DA:51,2
DA:53,1
DA:66,2
DA:67,2
DA:68,2
DA:71,1
DA:73,1
DA:87,2
DA:88,3
DA:89,3
DA:95,2
DA:97,1
DA:112,2
DA:113,3
DA:116,3
DA:117,3
DA:118,2
DA:119,2
DA:120,1
DA:124,2
DA:125,2
DA:126,4
DA:128,2
DA:131,1
DA:143,2
DA:144,2
DA:145,2
DA:152,1
DA:154,1
DA:159,2
LF:34
LH:34
BRDA:119,0,0,1
BRDA:119,0,1,1
BRDA:119,1,0,2
BRDA:119,1,1,1
BRF:4
BRH:4
end_of_record
TN:
SF:db/itemDAO.js
FN:25,(anonymous_0)
FN:43,(anonymous_1)
FN:47,(anonymous_2)
FN:49,(anonymous_3)
FN:60,(anonymous_4)
FN:68,(anonymous_5)
FN:70,(anonymous_6)
FN:82,(anonymous_7)
FN:93,(anonymous_8)
FN:95,(anonymous_9)
FN:109,(anonymous_10)
FN:119,(anonymous_11)
FN:121,(anonymous_12)
FN:135,(anonymous_13)
FN:144,(anonymous_14)
FN:146,(anonymous_15)
FN:153,(anonymous_16)
FN:161,(anonymous_17)
FN:163,(anonymous_18)
FN:169,(anonymous_19)
FN:177,(anonymous_20)
FN:179,(anonymous_21)
FNF:22
FNH:22
FNDA:5,(anonymous_0)
FNDA:5,(anonymous_1)
FNDA:2,(anonymous_2)
FNDA:1,(anonymous_3)
FNDA:14,(anonymous_4)
FNDA:6,(anonymous_5)
FNDA:1,(anonymous_6)
FNDA:3,(anonymous_7)
FNDA:2,(anonymous_8)
FNDA:1,(anonymous_9)
FNDA:3,(anonymous_10)
FNDA:2,(anonymous_11)
FNDA:1,(anonymous_12)
FNDA:6,(anonymous_13)
FNDA:3,(anonymous_14)
FNDA:1,(anonymous_15)
FNDA:4,(anonymous_16)
FNDA:3,(anonymous_17)
FNDA:1,(anonymous_18)
FNDA:5,(anonymous_19)
FNDA:4,(anonymous_20)
FNDA:1,(anonymous_21)
DA:26,5
DA:43,5
DA:44,5
DA:45,5
DA:48,2
DA:50,1
DA:60,5
DA:61,14
DA:62,14
DA:69,6
DA:71,1
DA:82,5
DA:83,3
DA:84,3
DA:94,2
DA:96,1
DA:109,5
DA:110,3
DA:111,3
DA:120,2
DA:122,1
DA:135,5
DA:137,6
DA:138,6
DA:145,3
DA:147,1
DA:153,5
DA:154,4
DA:155,4
DA:162,3
DA:164,1
DA:169,5
DA:170,5
DA:171,5
DA:178,4
DA:180,1
DA:189,4
LF:37
LH:37
BRF:0
BRH:0
end_of_record
TN:
SF:db/positionDAO.js
FN:24,(anonymous_0)
FN:40,(anonymous_1)
FN:44,(anonymous_2)
FN:46,(anonymous_3)
FN:57,(anonymous_4)
FN:65,(anonymous_5)
FN:67,(anonymous_6)
FN:78,(anonymous_7)
FN:90,(anonymous_8)
FN:92,(anonymous_9)
FN:103,(anonymous_10)
FN:118,(anonymous_11)
FN:120,(anonymous_12)
FN:132,(anonymous_13)
FN:143,(anonymous_14)
FN:145,(anonymous_15)
FN:157,(anonymous_16)
FN:166,(anonymous_17)
FN:168,(anonymous_18)
FN:179,(anonymous_19)
FN:186,(anonymous_20)
FN:188,(anonymous_21)
FNF:22
FNH:22
FNDA:4,(anonymous_0)
FNDA:4,(anonymous_1)
FNDA:3,(anonymous_2)
FNDA:1,(anonymous_3)
FNDA:14,(anonymous_4)
FNDA:13,(anonymous_5)
FNDA:1,(anonymous_6)
FNDA:12,(anonymous_7)
FNDA:9,(anonymous_8)
FNDA:3,(anonymous_9)
FNDA:5,(anonymous_10)
FNDA:3,(anonymous_11)
FNDA:2,(anonymous_12)
FNDA:5,(anonymous_13)
FNDA:3,(anonymous_14)
FNDA:2,(anonymous_15)
FNDA:6,(anonymous_16)
FNDA:5,(anonymous_17)
FNDA:1,(anonymous_18)
FNDA:10,(anonymous_19)
FNDA:9,(anonymous_20)
FNDA:1,(anonymous_21)
DA:25,4
DA:40,4
DA:41,4
DA:42,4
DA:45,3
DA:47,1
DA:57,4
DA:59,14
DA:60,14
DA:66,13
DA:68,1
DA:78,4
DA:79,12
DA:80,12
DA:91,9
DA:93,3
DA:103,4
DA:104,5
DA:105,5
DA:119,3
DA:121,2
DA:132,4
DA:133,5
DA:134,5
DA:144,3
DA:146,2
DA:157,4
DA:158,6
DA:159,6
DA:167,5
DA:169,1
DA:179,4
DA:180,10
DA:181,10
DA:187,9
DA:189,1
DA:194,5
LF:37
LH:37
BRF:0
BRH:0
end_of_record
TN:
SF:db/skuDAO.js
FN:24,(anonymous_0)
FN:39,(anonymous_1)
FN:43,(anonymous_2)
FN:45,(anonymous_3)
FN:50,(anonymous_4)
FN:57,(anonymous_5)
FN:59,(anonymous_6)
FN:70,(anonymous_7)
FN:77,(anonymous_8)
FN:79,(anonymous_9)
FN:89,(anonymous_10)
FN:101,(anonymous_11)
FN:103,(anonymous_12)
FN:114,(anonymous_13)
FN:127,(anonymous_14)
FN:129,(anonymous_15)
FN:140,(anonymous_16)
FN:148,(anonymous_17)
FN:150,(anonymous_18)
FN:160,(anonymous_19)
FN:167,(anonymous_20)
FN:169,(anonymous_21)
FNF:22
FNH:22
FNDA:14,(anonymous_0)
FNDA:4,(anonymous_1)
FNDA:3,(anonymous_2)
FNDA:1,(anonymous_3)
FNDA:40,(anonymous_4)
FNDA:27,(anonymous_5)
FNDA:1,(anonymous_6)
FNDA:13,(anonymous_7)
FNDA:12,(anonymous_8)
FNDA:1,(anonymous_9)
FNDA:4,(anonymous_10)
FNDA:3,(anonymous_11)
FNDA:1,(anonymous_12)
FNDA:5,(anonymous_13)
FNDA:4,(anonymous_14)
FNDA:1,(anonymous_15)
FNDA:4,(anonymous_16)
FNDA:3,(anonymous_17)
FNDA:1,(anonymous_18)
FNDA:4,(anonymous_19)
FNDA:3,(anonymous_20)
FNDA:1,(anonymous_21)
DA:25,14
DA:39,14
DA:40,4
DA:41,4
DA:44,3
DA:46,1
DA:50,14
DA:51,40
DA:52,40
DA:58,27
DA:60,1
DA:70,14
DA:71,13
DA:72,13
DA:78,12
DA:80,1
DA:89,14
DA:90,4
DA:91,4
DA:102,3
DA:104,1
DA:114,14
DA:115,5
DA:116,5
DA:128,4
DA:130,1
DA:140,14
DA:141,4
DA:142,4
DA:149,3
DA:151,1
DA:160,14
DA:161,4
DA:162,4
DA:168,3
DA:170,1
DA:175,12
LF:37
LH:37
BRF:0
BRH:0
end_of_record
TN:
SF:db/skuItemDAO.js
FN:24,(anonymous_0)
FN:39,(anonymous_1)
FN:43,(anonymous_2)
FN:45,(anonymous_3)
FN:58,(anonymous_4)
FN:65,(anonymous_5)
FN:67,(anonymous_6)
FN:78,(anonymous_7)
FN:85,(anonymous_8)
FN:87,(anonymous_9)
FN:98,(anonymous_10)
FN:108,(anonymous_11)
FN:110,(anonymous_12)
FN:122,(anonymous_13)
FN:132,(anonymous_14)
FN:134,(anonymous_15)
FN:145,(anonymous_16)
FN:152,(anonymous_17)
FN:154,(anonymous_18)
FNF:19
FNH:19
FNDA:7,(anonymous_0)
FNDA:4,(anonymous_1)
FNDA:3,(anonymous_2)
FNDA:1,(anonymous_3)
FNDA:6,(anonymous_4)
FNDA:5,(anonymous_5)
FNDA:1,(anonymous_6)
FNDA:50,(anonymous_7)
FNDA:26,(anonymous_8)
FNDA:1,(anonymous_9)
FNDA:8,(anonymous_10)
FNDA:6,(anonymous_11)
FNDA:2,(anonymous_12)
FNDA:5,(anonymous_13)
FNDA:4,(anonymous_14)
FNDA:1,(anonymous_15)
FNDA:12,(anonymous_16)
FNDA:11,(anonymous_17)
FNDA:1,(anonymous_18)
DA:25,7
DA:39,7
DA:40,4
DA:41,4
DA:44,3
DA:46,1
DA:58,7
DA:59,6
DA:60,6
DA:66,5
DA:68,1
DA:78,7
DA:79,50
DA:80,50
DA:86,26
DA:88,1
DA:98,7
DA:99,8
DA:100,8
DA:109,6
DA:111,2
DA:122,7
DA:123,5
DA:124,5
DA:133,4
DA:135,1
DA:145,7
DA:146,12
DA:147,12
DA:153,11
DA:155,1
DA:160,7
LF:32
LH:32
BRDA:105,0,0,2
BRDA:105,0,1,6
BRF:2
BRH:2
end_of_record
TN:
SF:db/testDescriptorsDAO.js
FN:25,(anonymous_0)
FN:42,(anonymous_1)
FN:46,(anonymous_2)
FN:48,(anonymous_3)
FN:59,(anonymous_4)
FN:66,(anonymous_5)
FN:68,(anonymous_6)
FN:80,(anonymous_7)
FN:89,(anonymous_8)
FN:91,(anonymous_9)
FN:105,(anonymous_10)
FN:115,(anonymous_11)
FN:117,(anonymous_12)
FN:131,(anonymous_13)
FN:138,(anonymous_14)
FN:140,(anonymous_15)
FN:156,(anonymous_16)
FN:163,(anonymous_17)
FN:165,(anonymous_18)
FN:169,(anonymous_19)
FNF:20
FNH:20
FNDA:9,(anonymous_0)
FNDA:5,(anonymous_1)
FNDA:2,(anonymous_2)
FNDA:1,(anonymous_3)
FNDA:15,(anonymous_4)
FNDA:11,(anonymous_5)
FNDA:1,(anonymous_6)
FNDA:3,(anonymous_7)
FNDA:2,(anonymous_8)
FNDA:1,(anonymous_9)
FNDA:4,(anonymous_10)
FNDA:3,(anonymous_11)
FNDA:1,(anonymous_12)
FNDA:6,(anonymous_13)
FNDA:3,(anonymous_14)
FNDA:1,(anonymous_15)
FNDA:5,(anonymous_16)
FNDA:4,(anonymous_17)
FNDA:3,(anonymous_18)
FNDA:1,(anonymous_19)
DA:26,9
DA:42,9
DA:43,5
DA:44,5
DA:47,2
DA:49,1
DA:59,9
DA:60,15
DA:61,15
DA:67,11
DA:69,1
DA:80,9
DA:81,3
DA:82,3
DA:90,2
DA:92,1
DA:105,9
DA:106,4
DA:107,4
DA:116,3
DA:118,1
DA:131,9
DA:132,6
DA:133,6
DA:139,3
DA:141,1
DA:156,9
DA:157,5
DA:158,5
DA:164,4
DA:165,4
DA:166,3
DA:168,4
DA:170,1
DA:176,8
LF:35
LH:35
BRF:0
BRH:0
end_of_record
TN:
SF:db/testResultDAO.js
FN:25,(anonymous_0)
FN:43,(anonymous_1)
FN:50,(anonymous_2)
FN:52,(anonymous_3)
FN:63,(anonymous_4)
FN:71,(anonymous_5)
FN:73,(anonymous_6)
FN:85,(anonymous_7)
FN:95,(anonymous_8)
FN:97,(anonymous_9)
FN:111,(anonymous_10)
FN:121,(anonymous_11)
FN:123,(anonymous_12)
FN:137,(anonymous_13)
FN:145,(anonymous_14)
FN:147,(anonymous_15)
FNF:16
FNH:16
FNDA:6,(anonymous_0)
FNDA:4,(anonymous_1)
FNDA:3,(anonymous_2)
FNDA:1,(anonymous_3)
FNDA:8,(anonymous_4)
FNDA:7,(anonymous_5)
FNDA:1,(anonymous_6)
FNDA:3,(anonymous_7)
FNDA:2,(anonymous_8)
FNDA:1,(anonymous_9)
FNDA:2,(anonymous_10)
FNDA:1,(anonymous_11)
FNDA:1,(anonymous_12)
FNDA:4,(anonymous_13)
FNDA:3,(anonymous_14)
FNDA:1,(anonymous_15)
DA:26,6
DA:43,6
DA:44,4
DA:45,4
DA:51,3
DA:53,1
DA:63,6
DA:64,8
DA:65,8
DA:72,7
DA:74,1
DA:85,6
DA:86,3
DA:87,3
DA:96,2
DA:98,1
DA:111,6
DA:112,2
DA:113,2
DA:122,1
DA:124,1
DA:137,6
DA:138,4
DA:139,4
DA:146,3
DA:148,1
DA:154,5
LF:27
LH:27
BRF:0
BRH:0
end_of_record
TN:
SF:db/userDAO.js
FN:12,(anonymous_0)
FN:16,(anonymous_1)
FN:21,(anonymous_2)
FN:25,(anonymous_3)
FN:34,(anonymous_4)
FN:44,(anonymous_5)
FN:50,(anonymous_6)
FN:59,(anonymous_7)
FN:63,(anonymous_8)
FN:78,(anonymous_9)
FN:87,(anonymous_10)
FN:92,(anonymous_11)
FN:95,(anonymous_12)
FN:101,(anonymous_13)
FNF:14
FNH:14
FNDA:2,(anonymous_0)
FNDA:13,(anonymous_1)
FNDA:1,(anonymous_2)
FNDA:13,(anonymous_3)
FNDA:1,(anonymous_4)
FNDA:1,(anonymous_5)
FNDA:5,(anonymous_6)
FNDA:1,(anonymous_7)
FNDA:5,(anonymous_8)
FNDA:5,(anonymous_9)
FNDA:1,(anonymous_10)
FNDA:4,(anonymous_11)
FNDA:1,(anonymous_12)
FNDA:25,(anonymous_13)
DA:3,3
DA:4,3
DA:6,3
DA:7,3
DA:10,3
DA:12,3
DA:13,2
DA:16,3
DA:17,13
DA:19,13
DA:20,13
DA:21,1
DA:22,12
DA:25,3
DA:26,13
DA:28,13
DA:29,7
DA:33,7
DA:35,1
DA:39,6
DA:43,6
DA:45,1
DA:50,3
DA:51,5
DA:52,5
DA:53,2
DA:56,3
DA:58,5
DA:60,1
DA:63,4
DA:64,5
DA:65,5
DA:66,5
DA:73,5
DA:75,4
DA:78,3
DA:79,5
DA:86,5
DA:88,1
DA:92,3
DA:93,4
DA:94,4
DA:96,1
DA:101,3
DA:102,25
DA:103,25
LF:46
LH:46
BRDA:25,0,0,6
BRDA:28,1,0,7
BRDA:28,1,1,6
BRDA:35,2,0,1
BRDA:35,2,1,0
BRDA:45,3,0,1
BRDA:45,3,1,0
BRDA:50,4,0,3
BRDA:52,5,0,2
BRDA:52,5,1,3
BRDA:60,6,0,1
BRDA:60,6,1,0
BRDA:88,7,0,1
BRDA:88,7,1,0
BRDA:96,8,0,1
BRDA:96,8,1,0
BRF:16
BRH:11
end_of_record
