TN:
SF:acceptanceTest\utils-id.js
FN:11,getIdSku
FN:15,setIdSku
FN:19,getFilteredIdSkuItems
FN:23,setFilteredIdSkuItems
FN:27,getSkuItem
FN:31,setSkuItem
FN:35,getIdTestDescriptor
FN:39,setIdTestDescriptor
FN:43,getIdSuppliers
FN:47,setIdSuppliers
FN:51,getIdRestockOrders
FN:55,setIdRestockOrders
FN:59,getIdRestockOrdersIssued
FN:63,setIdRestockOrdersIssued
FN:67,getIdReturnOrders
FN:71,setIdReturnOrders
FN:75,getIdTRonRFID
FN:79,setIdTRonRFID
FNF:18
FNH:0
FNDA:0,getIdSku
FNDA:0,setIdSku
FNDA:0,getFilteredIdSkuItems
FNDA:0,setFilteredIdSkuItems
FNDA:0,getSkuItem
FNDA:0,setSkuItem
FNDA:0,getIdTestDescriptor
FNDA:0,setIdTestDescriptor
FNDA:0,getIdSuppliers
FNDA:0,setIdSuppliers
FNDA:0,getIdRestockOrders
FNDA:0,setIdRestockOrders
FNDA:0,getIdRestockOrdersIssued
FNDA:0,setIdRestockOrdersIssued
FNDA:0,getIdReturnOrders
FNDA:0,setIdReturnOrders
FNDA:0,getIdTRonRFID
FNDA:0,setIdTRonRFID
DA:1,2
DA:2,2
DA:3,2
DA:4,2
DA:5,2
DA:6,2
DA:7,2
DA:8,2
DA:12,0
DA:16,0
DA:20,0
DA:24,0
DA:28,0
DA:32,0
DA:36,0
DA:40,0
DA:44,0
DA:48,0
DA:52,0
DA:56,0
DA:60,0
DA:64,0
DA:68,0
DA:72,0
DA:76,0
DA:80,0
DA:84,2
DA:85,2
DA:86,2
DA:87,2
DA:88,2
DA:89,2
DA:90,2
DA:91,2
DA:92,2
DA:93,2
DA:94,2
DA:95,2
DA:96,2
DA:97,2
DA:98,2
DA:99,2
DA:100,2
DA:101,2
LF:44
LH:26
BRF:0
BRH:0
end_of_record
TN:
SF:acceptanceTest\utils-restockorder.js
FN:7,newProduct
FN:16,newRestockOrder
FN:25,newDictSkuitems
FN:35,testPostNewRestockOrder
FN:36,(anonymous_4)
FN:37,(anonymous_5)
FN:43,(anonymous_6)
FN:51,(anonymous_7)
FN:54,(anonymous_8)
FN:62,testPostNewWrongRestockOrder
FN:63,(anonymous_10)
FN:64,(anonymous_11)
FN:68,(anonymous_12)
FN:72,(anonymous_13)
FN:75,(anonymous_14)
FN:83,deleteAllRestockOrders
FN:84,(anonymous_16)
FN:85,(anonymous_17)
FN:87,(anonymous_18)
FN:92,(anonymous_19)
FN:98,(anonymous_20)
FN:103,testGetAllRestockOrders
FN:104,(anonymous_22)
FN:105,(anonymous_23)
FN:107,(anonymous_24)
FN:120,(anonymous_25)
FN:125,testGetAllRestockIssued
FN:126,(anonymous_27)
FN:127,(anonymous_28)
FN:129,(anonymous_29)
FN:139,(anonymous_30)
FN:144,testEditRestockOrder
FN:146,(anonymous_32)
FN:147,(anonymous_33)
FN:149,(anonymous_34)
FN:153,(anonymous_35)
FN:156,(anonymous_36)
FN:162,testEditWrongRestockOrder
FN:164,(anonymous_38)
FN:165,(anonymous_39)
FN:167,(anonymous_40)
FN:171,(anonymous_41)
FN:174,(anonymous_42)
FN:180,testEditRestockOrderSkuItems
FN:181,(anonymous_44)
FN:182,(anonymous_45)
FN:189,(anonymous_46)
FN:194,(anonymous_47)
FN:198,(anonymous_48)
FN:204,testEditRestockWrongOrderSkuItems
FN:205,(anonymous_50)
FN:206,(anonymous_51)
FN:208,(anonymous_52)
FN:215,(anonymous_53)
FN:218,(anonymous_54)
FN:224,testEditRestockWrongBodyOrderSkuItems
FN:225,(anonymous_56)
FN:226,(anonymous_57)
FN:228,(anonymous_58)
FN:235,(anonymous_59)
FN:238,(anonymous_60)
FN:246,testEditRestockOrderTransportNote
FN:247,(anonymous_62)
FN:248,(anonymous_63)
FN:250,(anonymous_64)
FN:255,(anonymous_65)
FN:258,(anonymous_66)
FN:264,testEditRestockOrderTransportNoteNotFound
FN:265,(anonymous_68)
FN:266,(anonymous_69)
FN:268,(anonymous_70)
FN:272,(anonymous_71)
FN:275,(anonymous_72)
FNF:73
FNH:0
FNDA:0,newProduct
FNDA:0,newRestockOrder
FNDA:0,newDictSkuitems
FNDA:0,testPostNewRestockOrder
FNDA:0,(anonymous_4)
FNDA:0,(anonymous_5)
FNDA:0,(anonymous_6)
FNDA:0,(anonymous_7)
FNDA:0,(anonymous_8)
FNDA:0,testPostNewWrongRestockOrder
FNDA:0,(anonymous_10)
FNDA:0,(anonymous_11)
FNDA:0,(anonymous_12)
FNDA:0,(anonymous_13)
FNDA:0,(anonymous_14)
FNDA:0,deleteAllRestockOrders
FNDA:0,(anonymous_16)
FNDA:0,(anonymous_17)
FNDA:0,(anonymous_18)
FNDA:0,(anonymous_19)
FNDA:0,(anonymous_20)
FNDA:0,testGetAllRestockOrders
FNDA:0,(anonymous_22)
FNDA:0,(anonymous_23)
FNDA:0,(anonymous_24)
FNDA:0,(anonymous_25)
FNDA:0,testGetAllRestockIssued
FNDA:0,(anonymous_27)
FNDA:0,(anonymous_28)
FNDA:0,(anonymous_29)
FNDA:0,(anonymous_30)
FNDA:0,testEditRestockOrder
FNDA:0,(anonymous_32)
FNDA:0,(anonymous_33)
FNDA:0,(anonymous_34)
FNDA:0,(anonymous_35)
FNDA:0,(anonymous_36)
FNDA:0,testEditWrongRestockOrder
FNDA:0,(anonymous_38)
FNDA:0,(anonymous_39)
FNDA:0,(anonymous_40)
FNDA:0,(anonymous_41)
FNDA:0,(anonymous_42)
FNDA:0,testEditRestockOrderSkuItems
FNDA:0,(anonymous_44)
FNDA:0,(anonymous_45)
FNDA:0,(anonymous_46)
FNDA:0,(anonymous_47)
FNDA:0,(anonymous_48)
FNDA:0,testEditRestockWrongOrderSkuItems
FNDA:0,(anonymous_50)
FNDA:0,(anonymous_51)
FNDA:0,(anonymous_52)
FNDA:0,(anonymous_53)
FNDA:0,(anonymous_54)
FNDA:0,testEditRestockWrongBodyOrderSkuItems
FNDA:0,(anonymous_56)
FNDA:0,(anonymous_57)
FNDA:0,(anonymous_58)
FNDA:0,(anonymous_59)
FNDA:0,(anonymous_60)
FNDA:0,testEditRestockOrderTransportNote
FNDA:0,(anonymous_62)
FNDA:0,(anonymous_63)
FNDA:0,(anonymous_64)
FNDA:0,(anonymous_65)
FNDA:0,(anonymous_66)
FNDA:0,testEditRestockOrderTransportNoteNotFound
FNDA:0,(anonymous_68)
FNDA:0,(anonymous_69)
FNDA:0,(anonymous_70)
FNDA:0,(anonymous_71)
FNDA:0,(anonymous_72)
DA:1,2
DA:8,0
DA:17,0
DA:26,0
DA:36,0
DA:37,0
DA:38,0
DA:39,0
DA:40,0
DA:42,0
DA:44,0
DA:45,0
DA:46,0
DA:48,0
DA:49,0
DA:52,0
DA:53,0
DA:54,0
DA:63,0
DA:64,0
DA:65,0
DA:67,0
DA:69,0
DA:70,0
DA:73,0
DA:74,0
DA:75,0
DA:84,0
DA:85,0
DA:86,0
DA:88,0
DA:89,0
DA:90,0
DA:91,0
DA:93,0
DA:97,0
DA:98,0
DA:104,0
DA:105,0
DA:106,0
DA:108,0
DA:109,0
DA:110,0
DA:111,0
DA:112,0
DA:113,0
DA:114,0
DA:115,0
DA:116,0
DA:118,0
DA:119,0
DA:120,0
DA:126,0
DA:127,0
DA:128,0
DA:130,0
DA:131,0
DA:132,0
DA:133,0
DA:134,0
DA:135,0
DA:137,0
DA:138,0
DA:139,0
DA:145,0
DA:146,0
DA:147,0
DA:148,0
DA:150,0
DA:151,0
DA:154,0
DA:155,0
DA:156,0
DA:163,0
DA:164,0
DA:165,0
DA:166,0
DA:168,0
DA:169,0
DA:172,0
DA:173,0
DA:174,0
DA:181,0
DA:182,0
DA:183,0
DA:184,0
DA:185,0
DA:186,0
DA:187,0
DA:188,0
DA:190,0
DA:192,0
DA:196,0
DA:197,0
DA:198,0
DA:205,0
DA:206,0
DA:207,0
DA:209,0
DA:210,0
DA:211,0
DA:212,0
DA:213,0
DA:216,0
DA:217,0
DA:218,0
DA:225,0
DA:226,0
DA:227,0
DA:229,0
DA:230,0
DA:231,0
DA:232,0
DA:233,0
DA:236,0
DA:237,0
DA:238,0
DA:247,0
DA:248,0
DA:249,0
DA:251,0
DA:252,0
DA:253,0
DA:256,0
DA:257,0
DA:258,0
DA:265,0
DA:266,0
DA:267,0
DA:269,0
DA:270,0
DA:273,0
DA:274,0
DA:275,0
DA:281,2
DA:282,2
DA:283,2
DA:284,2
DA:285,2
DA:286,2
DA:287,2
DA:288,2
DA:289,2
DA:290,2
DA:291,2
DA:292,2
DA:293,2
DA:294,2
DA:295,2
DA:296,2
LF:150
LH:17
BRDA:89,0,0,0
BRDA:89,0,1,0
BRF:2
BRH:0
end_of_record
TN:
SF:controller\InternalOrderController.js
FN:32,(anonymous_0)
FN:37,(anonymous_1)
FN:49,(anonymous_2)
FN:52,(anonymous_3)
FN:70,(anonymous_4)
FN:75,(anonymous_5)
FN:85,(anonymous_6)
FN:89,(anonymous_7)
FN:102,(anonymous_8)
FN:113,(anonymous_9)
FN:143,(anonymous_10)
FN:168,(anonymous_11)
FNF:12
FNH:12
FNDA:2,(anonymous_0)
FNDA:3,(anonymous_1)
FNDA:3,(anonymous_2)
FNDA:5,(anonymous_3)
FNDA:2,(anonymous_4)
FNDA:1,(anonymous_5)
FNDA:2,(anonymous_6)
FNDA:1,(anonymous_7)
FNDA:4,(anonymous_8)
FNDA:2,(anonymous_9)
FNDA:4,(anonymous_10)
FNDA:2,(anonymous_11)
DA:4,2
DA:5,2
DA:9,2
DA:10,2
DA:11,2
DA:12,2
DA:13,2
DA:34,2
DA:37,2
DA:38,3
DA:40,3
DA:41,2
DA:45,1
DA:49,2
DA:50,3
DA:51,3
DA:52,2
DA:53,5
DA:54,5
DA:58,0
DA:63,2
DA:66,1
DA:70,2
DA:71,2
DA:73,2
DA:75,1
DA:76,1
DA:79,1
DA:81,1
DA:85,2
DA:86,2
DA:88,2
DA:89,1
DA:91,1
DA:95,1
DA:98,1
DA:102,2
DA:104,4
DA:106,4
DA:107,3
DA:108,1
DA:111,2
DA:112,2
DA:113,2
DA:115,2
DA:116,2
DA:117,2
DA:118,2
DA:120,2
DA:123,2
DA:129,0
DA:130,0
DA:133,2
DA:139,1
DA:143,2
DA:145,4
DA:146,4
DA:147,3
DA:148,1
DA:151,2
DA:153,2
DA:154,1
DA:157,2
DA:162,1
DA:168,2
DA:170,2
DA:171,2
DA:173,2
DA:178,0
DA:190,2
LF:70
LH:66
BRDA:53,0,0,5
BRDA:53,0,1,0
BRDA:107,1,0,1
BRDA:107,1,1,2
BRDA:112,2,0,2
BRDA:112,2,1,0
BRDA:147,3,0,1
BRDA:147,3,1,2
BRDA:153,4,0,1
BRDA:153,4,1,1
BRF:10
BRH:8
end_of_record
TN:
SF:controller\ItemController.js
FN:19,(anonymous_0)
FN:25,(anonymous_1)
FN:41,(anonymous_2)
FN:63,(anonymous_3)
FN:95,(anonymous_4)
FN:117,(anonymous_5)
FNF:6
FNH:6
FNDA:2,(anonymous_0)
FNDA:3,(anonymous_1)
FNDA:7,(anonymous_2)
FNDA:9,(anonymous_3)
FNDA:5,(anonymous_4)
FNDA:4,(anonymous_5)
DA:6,2
DA:8,2
DA:11,2
DA:12,2
DA:13,2
DA:14,2
DA:15,2
DA:20,2
DA:22,2
DA:25,2
DA:27,3
DA:29,3
DA:30,1
DA:36,2
DA:41,2
DA:43,7
DA:45,7
DA:47,7
DA:48,3
DA:49,1
DA:50,2
DA:51,1
DA:52,1
DA:54,1
DA:58,4
DA:63,2
DA:65,9
DA:67,9
DA:68,4
DA:69,1
DA:73,3
DA:74,3
DA:75,1
DA:79,2
DA:80,2
DA:81,1
DA:86,1
DA:87,1
DA:90,5
DA:95,2
DA:97,5
DA:99,5
DA:101,5
DA:102,2
DA:103,1
DA:107,1
DA:108,1
DA:111,3
DA:117,2
DA:119,4
DA:121,4
DA:124,4
DA:125,2
DA:127,2
DA:134,2
LF:55
LH:55
BRDA:48,0,0,1
BRDA:48,0,1,2
BRDA:50,1,0,1
BRDA:50,1,1,1
BRDA:68,2,0,1
BRDA:68,2,1,3
BRDA:74,3,0,1
BRDA:74,3,1,2
BRDA:80,4,0,1
BRDA:80,4,1,1
BRDA:102,5,0,1
BRDA:102,5,1,1
BRF:12
BRH:12
end_of_record
TN:
SF:controller\PositionController.js
FN:26,(anonymous_0)
FN:44,(anonymous_1)
FN:66,(anonymous_2)
FN:87,(anonymous_3)
FN:138,(anonymous_4)
FN:177,(anonymous_5)
FNF:6
FNH:6
FNDA:2,(anonymous_0)
FNDA:3,(anonymous_1)
FNDA:4,(anonymous_2)
FNDA:5,(anonymous_3)
FNDA:6,(anonymous_4)
FNDA:4,(anonymous_5)
DA:4,2
DA:5,2
DA:6,2
DA:7,2
DA:8,2
DA:27,2
DA:28,2
DA:44,2
DA:46,3
DA:48,3
DA:49,2
DA:54,1
DA:66,2
DA:68,4
DA:71,4
DA:72,4
DA:73,2
DA:75,2
DA:87,2
DA:89,5
DA:91,5
DA:94,5
DA:95,5
DA:96,1
DA:100,4
DA:101,4
DA:104,2
DA:105,2
DA:106,2
DA:107,2
DA:111,2
DA:116,2
DA:119,2
DA:120,2
DA:122,1
DA:125,1
DA:138,2
DA:140,6
DA:141,6
DA:143,6
DA:146,6
DA:147,6
DA:148,2
DA:152,4
DA:155,3
DA:156,3
DA:159,1
DA:162,3
DA:165,1
DA:177,2
DA:179,4
DA:181,4
DA:184,4
DA:187,3
DA:188,3
DA:189,1
DA:192,3
DA:195,1
DA:200,2
LF:59
LH:59
BRDA:95,0,0,1
BRDA:95,0,1,4
BRDA:101,1,0,2
BRDA:101,1,1,2
BRDA:107,2,0,2
BRDA:107,2,1,0
BRDA:107,3,0,2
BRDA:107,3,1,1
BRDA:147,4,0,2
BRDA:147,4,1,4
BRDA:156,5,0,1
BRDA:156,5,1,2
BRDA:188,6,0,1
BRDA:188,6,1,2
BRF:14
BRH:13
end_of_record
TN:
SF:controller\RestockOrderController.js
FN:31,(anonymous_0)
FN:35,(anonymous_1)
FN:51,(anonymous_2)
FN:58,(anonymous_3)
FN:81,(anonymous_4)
FN:87,(anonymous_5)
FN:106,(anonymous_6)
FN:117,(anonymous_7)
FN:145,(anonymous_8)
FN:155,(anonymous_9)
FN:173,(anonymous_10)
FN:194,(anonymous_11)
FN:211,(anonymous_12)
FN:226,(anonymous_13)
FN:233,(anonymous_14)
FNF:15
FNH:10
FNDA:2,(anonymous_0)
FNDA:1,(anonymous_1)
FNDA:2,(anonymous_2)
FNDA:0,(anonymous_3)
FNDA:2,(anonymous_4)
FNDA:0,(anonymous_5)
FNDA:4,(anonymous_6)
FNDA:0,(anonymous_7)
FNDA:2,(anonymous_8)
FNDA:3,(anonymous_9)
FNDA:4,(anonymous_10)
FNDA:5,(anonymous_11)
FNDA:4,(anonymous_12)
FNDA:0,(anonymous_13)
FNDA:0,(anonymous_14)
DA:4,2
DA:5,2
DA:9,2
DA:10,2
DA:11,2
DA:12,2
DA:13,2
DA:32,2
DA:35,2
DA:37,1
DA:39,1
DA:40,0
DA:43,1
DA:51,2
DA:53,2
DA:55,2
DA:58,0
DA:60,0
DA:62,0
DA:64,0
DA:65,0
DA:68,0
DA:69,0
DA:71,0
DA:73,0
DA:76,2
DA:81,2
DA:82,2
DA:84,2
DA:87,0
DA:89,0
DA:92,0
DA:95,0
DA:97,0
DA:99,0
DA:102,2
DA:106,2
DA:107,4
DA:109,4
DA:110,0
DA:111,0
DA:114,0
DA:117,0
DA:118,0
DA:119,0
DA:120,0
DA:121,0
DA:122,0
DA:123,0
DA:125,0
DA:128,0
DA:130,0
DA:132,0
DA:133,0
DA:136,0
DA:140,4
DA:145,2
DA:147,2
DA:148,2
DA:149,0
DA:151,2
DA:155,2
DA:157,3
DA:159,3
DA:160,0
DA:161,0
DA:164,0
DA:165,0
DA:168,3
DA:173,2
DA:175,4
DA:176,4
DA:177,0
DA:178,0
DA:181,0
DA:183,0
DA:185,0
DA:186,0
DA:189,4
DA:194,2
DA:195,5
DA:196,5
DA:197,0
DA:198,0
DA:200,0
DA:201,0
DA:203,0
DA:204,0
DA:206,5
DA:211,2
DA:214,4
DA:215,4
DA:216,0
DA:217,0
DA:220,0
DA:221,0
DA:224,0
DA:226,0
DA:228,0
DA:230,0
DA:233,0
DA:234,0
DA:238,0
DA:241,4
DA:248,2
LF:105
LH:45
BRDA:64,0,0,0
BRDA:64,0,1,0
BRDA:110,1,0,0
BRDA:110,1,1,0
BRDA:132,2,0,0
BRDA:132,2,1,0
BRDA:160,3,0,0
BRDA:160,3,1,0
BRDA:177,4,0,0
BRDA:177,4,1,0
BRDA:181,5,0,0
BRDA:181,5,1,0
BRDA:197,6,0,0
BRDA:197,6,1,0
BRDA:200,7,0,0
BRDA:200,7,1,0
BRDA:200,8,0,0
BRDA:200,8,1,0
BRDA:216,9,0,0
BRDA:216,9,1,0
BRDA:220,10,0,0
BRDA:220,10,1,0
BRDA:233,11,0,0
BRDA:233,11,1,0
BRDA:233,12,0,0
BRDA:233,12,1,0
BRF:26
BRH:0
end_of_record
TN:
SF:controller\ReturnOrderController.js
FN:18,(anonymous_0)
FN:23,(anonymous_1)
FN:56,(anonymous_2)
FN:67,(anonymous_3)
FN:86,(anonymous_4)
FN:91,(anonymous_5)
FN:102,(anonymous_6)
FNF:7
FNH:5
FNDA:2,(anonymous_0)
FNDA:4,(anonymous_1)
FNDA:4,(anonymous_2)
FNDA:0,(anonymous_3)
FNDA:2,(anonymous_4)
FNDA:0,(anonymous_5)
FNDA:2,(anonymous_6)
DA:4,2
DA:5,2
DA:6,2
DA:7,2
DA:11,2
DA:12,2
DA:13,2
DA:14,2
DA:15,2
DA:19,2
DA:20,2
DA:23,2
DA:27,4
DA:29,4
DA:30,0
DA:31,0
DA:35,0
DA:37,0
DA:42,4
DA:56,2
DA:58,4
DA:60,4
DA:61,0
DA:62,0
DA:65,0
DA:67,0
DA:69,0
DA:70,0
DA:71,0
DA:72,0
DA:75,0
DA:76,0
DA:82,4
DA:86,2
DA:87,2
DA:89,2
DA:91,0
DA:92,0
DA:95,0
DA:98,2
DA:102,2
DA:104,2
DA:105,2
DA:106,0
DA:111,2
DA:120,2
LF:46
LH:28
BRDA:30,0,0,0
BRDA:30,0,1,0
BRDA:61,1,0,0
BRDA:61,1,1,0
BRF:4
BRH:0
end_of_record
TN:
SF:controller\SKUController.js
FN:33,(anonymous_0)
FN:52,(anonymous_1)
FN:78,(anonymous_2)
FN:109,(anonymous_3)
FN:130,(anonymous_4)
FN:180,(anonymous_5)
FN:245,(anonymous_6)
FNF:7
FNH:7
FNDA:2,(anonymous_0)
FNDA:3,(anonymous_1)
FNDA:5,(anonymous_2)
FNDA:3,(anonymous_3)
FNDA:7,(anonymous_4)
FNDA:6,(anonymous_5)
FNDA:4,(anonymous_6)
DA:4,2
DA:5,2
DA:6,2
DA:7,2
DA:10,2
DA:11,2
DA:12,2
DA:13,2
DA:14,2
DA:34,2
DA:35,2
DA:36,2
DA:37,2
DA:52,2
DA:54,3
DA:56,3
DA:59,2
DA:60,6
DA:62,2
DA:67,1
DA:78,2
DA:80,5
DA:82,5
DA:84,5
DA:85,4
DA:86,2
DA:90,2
DA:92,2
DA:97,1
DA:109,2
DA:111,3
DA:113,3
DA:114,2
DA:116,1
DA:130,2
DA:132,7
DA:133,7
DA:135,7
DA:137,7
DA:138,6
DA:139,1
DA:143,5
DA:146,4
DA:147,4
DA:148,1
DA:152,3
DA:153,2
DA:157,1
DA:161,2
DA:163,2
DA:165,2
DA:180,2
DA:182,6
DA:183,6
DA:185,6
DA:186,6
DA:189,6
DA:191,6
DA:192,5
DA:193,1
DA:197,4
DA:198,4
DA:199,1
DA:200,3
DA:203,3
DA:204,3
DA:208,3
DA:209,3
DA:210,1
DA:214,2
DA:215,2
DA:216,2
DA:217,1
DA:221,1
DA:224,1
DA:227,1
DA:228,1
DA:231,1
DA:234,1
DA:245,2
DA:247,4
DA:249,4
DA:263,4
DA:264,3
DA:265,1
DA:269,3
DA:271,3
DA:274,1
DA:280,2
LF:89
LH:89
BRDA:85,0,0,2
BRDA:85,0,1,2
BRDA:138,1,0,1
BRDA:138,1,1,5
BRDA:143,2,0,4
BRDA:143,2,1,1
BRDA:147,3,0,1
BRDA:147,3,1,3
BRDA:152,4,0,2
BRDA:152,4,1,1
BRDA:152,5,0,3
BRDA:152,5,1,2
BRDA:192,6,0,1
BRDA:192,6,1,4
BRDA:198,7,0,1
BRDA:198,7,1,3
BRDA:200,8,0,3
BRDA:200,8,1,0
BRDA:209,9,0,1
BRDA:209,9,1,2
BRDA:216,10,0,1
BRDA:216,10,1,1
BRDA:216,11,0,2
BRDA:216,11,1,1
BRDA:227,12,0,1
BRDA:227,12,1,0
BRDA:264,13,0,1
BRDA:264,13,1,2
BRDA:264,14,0,3
BRDA:264,14,1,2
BRF:30
BRH:28
end_of_record
TN:
SF:controller\SKUitemController.js
FN:28,(anonymous_0)
FN:45,(anonymous_1)
FN:67,(anonymous_2)
FN:97,(anonymous_3)
FN:118,(anonymous_4)
FN:143,(anonymous_5)
FN:171,(anonymous_6)
FNF:7
FNH:7
FNDA:2,(anonymous_0)
FNDA:2,(anonymous_1)
FNDA:5,(anonymous_2)
FNDA:5,(anonymous_3)
FNDA:5,(anonymous_4)
FNDA:5,(anonymous_5)
FNDA:11,(anonymous_6)
DA:4,2
DA:5,2
DA:6,2
DA:7,2
DA:29,2
DA:30,2
DA:45,2
DA:48,2
DA:49,2
DA:50,1
DA:55,1
DA:67,2
DA:69,5
DA:71,5
DA:73,5
DA:74,4
DA:75,2
DA:79,2
DA:80,2
DA:85,1
DA:97,2
DA:99,5
DA:101,5
DA:103,5
DA:104,4
DA:106,1
DA:118,2
DA:120,5
DA:122,5
DA:123,4
DA:124,2
DA:128,2
DA:129,2
DA:131,1
DA:143,2
DA:145,5
DA:146,5
DA:148,5
DA:150,5
DA:151,4
DA:152,2
DA:156,2
DA:157,2
DA:159,1
DA:171,2
DA:173,11
DA:175,11
DA:177,11
DA:178,10
DA:180,1
DA:185,2
LF:51
LH:51
BRDA:74,0,0,2
BRDA:74,0,1,2
BRDA:104,1,0,2
BRDA:104,1,1,2
BRDA:123,2,0,2
BRDA:123,2,1,2
BRDA:151,3,0,2
BRDA:151,3,1,2
BRF:8
BRH:8
end_of_record
TN:
SF:controller\TestDescriptorController.js
FN:15,(anonymous_0)
FN:21,(anonymous_1)
FN:35,(anonymous_2)
FN:50,(anonymous_3)
FN:69,(anonymous_4)
FN:100,(anonymous_5)
FNF:6
FNH:6
FNDA:2,(anonymous_0)
FNDA:3,(anonymous_1)
FNDA:5,(anonymous_2)
FNDA:5,(anonymous_3)
FNDA:7,(anonymous_4)
FNDA:4,(anonymous_5)
DA:4,2
DA:5,2
DA:8,2
DA:9,2
DA:10,2
DA:11,2
DA:16,2
DA:17,2
DA:21,2
DA:23,3
DA:25,3
DA:26,1
DA:31,2
DA:35,2
DA:37,5
DA:39,5
DA:41,5
DA:42,2
DA:45,3
DA:50,2
DA:52,5
DA:54,5
DA:55,2
DA:56,1
DA:60,1
DA:61,1
DA:64,3
DA:69,2
DA:71,7
DA:72,7
DA:74,7
DA:77,7
DA:78,3
DA:79,3
DA:80,1
DA:84,2
DA:85,2
DA:86,1
DA:90,1
DA:91,1
DA:94,4
DA:100,2
DA:102,4
DA:104,4
DA:106,4
DA:107,2
DA:110,2
DA:116,2
LF:48
LH:48
BRDA:42,0,0,1
BRDA:42,0,1,1
BRDA:55,1,0,1
BRDA:55,1,1,1
BRDA:79,2,0,1
BRDA:79,2,1,2
BRDA:85,3,0,1
BRDA:85,3,1,1
BRF:8
BRH:8
end_of_record
TN:
SF:controller\TestResultController.js
FN:20,(anonymous_0)
FN:28,(anonymous_1)
FN:48,(anonymous_2)
FN:61,(anonymous_3)
FN:87,(anonymous_4)
FN:116,(anonymous_5)
FN:151,(anonymous_6)
FNF:7
FNH:7
FNDA:2,(anonymous_0)
FNDA:7,(anonymous_1)
FNDA:2,(anonymous_2)
FNDA:9,(anonymous_3)
FNDA:7,(anonymous_4)
FNDA:11,(anonymous_5)
FNDA:7,(anonymous_6)
DA:4,2
DA:5,2
DA:6,2
DA:7,2
DA:10,2
DA:11,2
DA:12,2
DA:13,2
DA:21,2
DA:22,2
DA:23,2
DA:24,2
DA:28,2
DA:30,7
DA:32,7
DA:34,7
DA:35,3
DA:36,1
DA:39,2
DA:42,2
DA:43,1
DA:48,2
DA:49,1
DA:56,4
DA:61,2
DA:63,9
DA:64,9
DA:65,9
DA:67,9
DA:68,4
DA:69,1
DA:72,3
DA:73,3
DA:74,1
DA:76,2
DA:77,2
DA:81,5
DA:87,2
DA:89,7
DA:90,7
DA:92,7
DA:94,7
DA:95,3
DA:96,1
DA:100,2
DA:101,2
DA:102,1
DA:106,1
DA:107,1
DA:110,4
DA:116,2
DA:118,11
DA:119,11
DA:121,11
DA:123,11
DA:124,5
DA:125,1
DA:129,4
DA:130,4
DA:131,1
DA:135,3
DA:136,3
DA:137,2
DA:141,1
DA:142,1
DA:145,6
DA:151,2
DA:153,7
DA:154,7
DA:156,7
DA:158,7
DA:159,3
DA:160,1
DA:164,2
DA:165,2
DA:168,4
DA:176,2
LF:77
LH:77
BRDA:35,0,0,1
BRDA:35,0,1,2
BRDA:42,1,0,1
BRDA:42,1,1,1
BRDA:48,2,0,1
BRDA:48,2,1,1
BRDA:68,3,0,1
BRDA:68,3,1,3
BRDA:73,4,0,1
BRDA:73,4,1,2
BRDA:76,5,0,1
BRDA:76,5,1,1
BRDA:95,6,0,1
BRDA:95,6,1,2
BRDA:101,7,0,1
BRDA:101,7,1,1
BRDA:124,8,0,1
BRDA:124,8,1,4
BRDA:130,9,0,1
BRDA:130,9,1,3
BRDA:136,10,0,2
BRDA:136,10,1,1
BRDA:159,11,0,1
BRDA:159,11,1,2
BRF:24
BRH:24
end_of_record
TN:
SF:controller\UserController.js
FN:12,(anonymous_0)
FN:16,(anonymous_1)
FN:35,(anonymous_2)
FN:44,(anonymous_3)
FN:53,(anonymous_4)
FN:73,(anonymous_5)
FN:89,(anonymous_6)
FNF:7
FNH:7
FNDA:2,(anonymous_0)
FNDA:6,(anonymous_1)
FNDA:2,(anonymous_2)
FNDA:2,(anonymous_3)
FNDA:8,(anonymous_4)
FNDA:7,(anonymous_5)
FNDA:4,(anonymous_6)
DA:3,2
DA:4,2
DA:5,2
DA:8,2
DA:10,2
DA:13,2
DA:16,2
DA:17,6
DA:18,6
DA:19,6
DA:21,4
DA:22,2
DA:25,2
DA:26,2
DA:30,2
DA:35,2
DA:36,2
DA:37,2
DA:38,2
DA:44,2
DA:45,2
DA:46,2
DA:47,2
DA:53,2
DA:54,8
DA:60,8
DA:61,8
DA:62,6
DA:63,4
DA:64,4
DA:66,2
DA:69,2
DA:73,2
DA:74,7
DA:75,7
DA:76,6
DA:77,4
DA:78,2
DA:81,2
DA:82,2
DA:85,3
DA:89,2
DA:90,4
DA:91,4
DA:92,2
DA:93,2
DA:94,2
DA:95,2
DA:97,2
DA:102,2
LF:50
LH:50
BRDA:21,0,0,2
BRDA:21,0,1,2
BRDA:62,1,0,4
BRDA:62,1,1,2
BRDA:64,2,0,2
BRDA:64,2,1,2
BRDA:77,3,0,2
BRDA:77,3,1,2
BRF:8
BRH:8
end_of_record
TN:
SF:db\DAO.js
FN:9,(anonymous_0)
FN:10,(anonymous_1)
FN:48,(anonymous_2)
FN:49,(anonymous_3)
FN:50,(anonymous_4)
FN:61,(anonymous_5)
FN:62,(anonymous_6)
FN:63,(anonymous_7)
FN:74,(anonymous_8)
FN:75,(anonymous_9)
FN:76,(anonymous_10)
FN:104,(anonymous_11)
FN:105,(anonymous_12)
FN:118,(anonymous_13)
FN:128,(anonymous_14)
FN:129,(anonymous_15)
FN:131,(anonymous_16)
FN:148,(anonymous_17)
FN:149,(anonymous_18)
FN:159,(anonymous_19)
FN:169,(anonymous_20)
FN:170,(anonymous_21)
FN:172,(anonymous_22)
FN:189,(anonymous_23)
FN:190,(anonymous_24)
FN:203,(anonymous_25)
FN:213,(anonymous_26)
FN:214,(anonymous_27)
FN:216,(anonymous_28)
FN:233,(anonymous_29)
FN:234,(anonymous_30)
FN:236,(anonymous_31)
FN:245,(anonymous_32)
FN:246,(anonymous_33)
FN:248,(anonymous_34)
FN:265,(anonymous_35)
FN:266,(anonymous_36)
FN:268,(anonymous_37)
FN:277,(anonymous_38)
FN:278,(anonymous_39)
FN:280,(anonymous_40)
FN:297,(anonymous_41)
FN:298,(anonymous_42)
FN:300,(anonymous_43)
FN:309,(anonymous_44)
FN:310,(anonymous_45)
FN:312,(anonymous_46)
FN:329,(anonymous_47)
FN:375,(anonymous_48)
FN:379,(anonymous_49)
FN:381,(anonymous_50)
FN:410,(anonymous_51)
FN:411,(anonymous_52)
FN:413,(anonymous_53)
FN:434,(anonymous_54)
FN:435,(anonymous_55)
FN:437,(anonymous_56)
FN:448,(anonymous_57)
FN:449,(anonymous_58)
FN:451,(anonymous_59)
FN:469,(anonymous_60)
FN:470,(anonymous_61)
FN:472,(anonymous_62)
FN:483,(anonymous_63)
FN:484,(anonymous_64)
FN:486,(anonymous_65)
FN:504,(anonymous_66)
FN:505,(anonymous_67)
FN:507,(anonymous_68)
FN:518,(anonymous_69)
FN:519,(anonymous_70)
FN:521,(anonymous_71)
FNF:72
FNH:39
FNDA:3,(anonymous_0)
FNDA:3,(anonymous_1)
FNDA:14,(anonymous_2)
FNDA:14,(anonymous_3)
FNDA:14,(anonymous_4)
FNDA:2,(anonymous_5)
FNDA:2,(anonymous_6)
FNDA:2,(anonymous_7)
FNDA:0,(anonymous_8)
FNDA:0,(anonymous_9)
FNDA:0,(anonymous_10)
FNDA:3,(anonymous_11)
FNDA:3,(anonymous_12)
FNDA:3,(anonymous_13)
FNDA:0,(anonymous_14)
FNDA:0,(anonymous_15)
FNDA:0,(anonymous_16)
FNDA:3,(anonymous_17)
FNDA:3,(anonymous_18)
FNDA:3,(anonymous_19)
FNDA:0,(anonymous_20)
FNDA:0,(anonymous_21)
FNDA:0,(anonymous_22)
FNDA:3,(anonymous_23)
FNDA:3,(anonymous_24)
FNDA:3,(anonymous_25)
FNDA:0,(anonymous_26)
FNDA:0,(anonymous_27)
FNDA:0,(anonymous_28)
FNDA:3,(anonymous_29)
FNDA:3,(anonymous_30)
FNDA:3,(anonymous_31)
FNDA:0,(anonymous_32)
FNDA:0,(anonymous_33)
FNDA:0,(anonymous_34)
FNDA:3,(anonymous_35)
FNDA:3,(anonymous_36)
FNDA:3,(anonymous_37)
FNDA:0,(anonymous_38)
FNDA:0,(anonymous_39)
FNDA:0,(anonymous_40)
FNDA:3,(anonymous_41)
FNDA:3,(anonymous_42)
FNDA:3,(anonymous_43)
FNDA:0,(anonymous_44)
FNDA:0,(anonymous_45)
FNDA:0,(anonymous_46)
FNDA:3,(anonymous_47)
FNDA:3,(anonymous_48)
FNDA:18,(anonymous_49)
FNDA:18,(anonymous_50)
FNDA:0,(anonymous_51)
FNDA:0,(anonymous_52)
FNDA:0,(anonymous_53)
FNDA:3,(anonymous_54)
FNDA:3,(anonymous_55)
FNDA:3,(anonymous_56)
FNDA:0,(anonymous_57)
FNDA:0,(anonymous_58)
FNDA:0,(anonymous_59)
FNDA:3,(anonymous_60)
FNDA:3,(anonymous_61)
FNDA:3,(anonymous_62)
FNDA:0,(anonymous_63)
FNDA:0,(anonymous_64)
FNDA:0,(anonymous_65)
FNDA:3,(anonymous_66)
FNDA:3,(anonymous_67)
FNDA:3,(anonymous_68)
FNDA:0,(anonymous_69)
FNDA:0,(anonymous_70)
FNDA:0,(anonymous_71)
DA:3,3
DA:4,3
DA:5,3
DA:10,3
DA:11,3
DA:13,3
DA:16,3
DA:17,3
DA:18,3
DA:19,3
DA:20,3
DA:21,3
DA:22,3
DA:23,3
DA:24,3
DA:25,3
DA:49,14
DA:50,14
DA:51,14
DA:52,0
DA:53,0
DA:55,14
DA:62,2
DA:63,2
DA:64,2
DA:65,0
DA:66,0
DA:68,2
DA:75,0
DA:76,0
DA:77,0
DA:78,0
DA:79,0
DA:81,0
DA:105,3
DA:106,3
DA:118,3
DA:119,3
DA:120,0
DA:121,0
DA:123,3
DA:129,0
DA:130,0
DA:131,0
DA:132,0
DA:133,0
DA:134,0
DA:136,0
DA:149,3
DA:151,3
DA:159,3
DA:160,3
DA:161,0
DA:162,0
DA:164,3
DA:170,0
DA:171,0
DA:172,0
DA:173,0
DA:174,0
DA:175,0
DA:177,0
DA:190,3
DA:192,3
DA:203,3
DA:204,3
DA:205,0
DA:206,0
DA:208,3
DA:214,0
DA:215,0
DA:216,0
DA:217,0
DA:218,0
DA:219,0
DA:221,0
DA:234,3
DA:235,3
DA:236,3
DA:237,3
DA:238,0
DA:239,0
DA:241,3
DA:246,0
DA:247,0
DA:248,0
DA:249,0
DA:250,0
DA:251,0
DA:253,0
DA:266,3
DA:267,3
DA:268,3
DA:269,3
DA:270,0
DA:271,0
DA:273,3
DA:278,0
DA:279,0
DA:280,0
DA:281,0
DA:282,0
DA:283,0
DA:285,0
DA:298,3
DA:299,3
DA:300,3
DA:301,3
DA:302,0
DA:303,0
DA:305,3
DA:310,0
DA:311,0
DA:312,0
DA:313,0
DA:314,0
DA:315,0
DA:317,0
DA:331,3
DA:374,3
DA:375,3
DA:376,3
DA:378,3
DA:379,3
DA:380,18
DA:381,18
DA:382,18
DA:411,0
DA:412,0
DA:413,0
DA:414,0
DA:415,0
DA:416,0
DA:418,0
DA:435,3
DA:436,3
DA:437,3
DA:438,3
DA:439,0
DA:440,0
DA:442,3
DA:449,0
DA:450,0
DA:451,0
DA:452,0
DA:453,0
DA:454,0
DA:456,0
DA:470,3
DA:471,3
DA:472,3
DA:473,3
DA:474,0
DA:475,0
DA:477,3
DA:484,0
DA:485,0
DA:486,0
DA:487,0
DA:488,0
DA:489,0
DA:491,0
DA:505,3
DA:506,3
DA:507,3
DA:508,3
DA:509,0
DA:510,0
DA:512,3
DA:519,0
DA:520,0
DA:521,0
DA:522,0
DA:523,0
DA:524,0
DA:526,0
DA:536,3
LF:177
LH:79
BRDA:11,0,0,0
BRDA:11,0,1,3
BRDA:48,1,0,6
BRDA:51,2,0,0
BRDA:51,2,1,14
BRDA:61,3,0,0
BRDA:64,4,0,0
BRDA:64,4,1,2
BRDA:74,5,0,0
BRDA:77,6,0,0
BRDA:77,6,1,0
BRDA:119,7,0,0
BRDA:119,7,1,3
BRDA:132,8,0,0
BRDA:132,8,1,0
BRDA:160,9,0,0
BRDA:160,9,1,3
BRDA:173,10,0,0
BRDA:173,10,1,0
BRDA:204,11,0,0
BRDA:204,11,1,3
BRDA:217,12,0,0
BRDA:217,12,1,0
BRDA:237,13,0,0
BRDA:237,13,1,3
BRDA:249,14,0,0
BRDA:249,14,1,0
BRDA:269,15,0,0
BRDA:269,15,1,3
BRDA:281,16,0,0
BRDA:281,16,1,0
BRDA:301,17,0,0
BRDA:301,17,1,3
BRDA:313,18,0,0
BRDA:313,18,1,0
BRDA:376,19,0,0
BRDA:376,19,1,3
BRDA:382,20,0,0
BRDA:382,20,1,18
BRDA:414,21,0,0
BRDA:414,21,1,0
BRDA:438,22,0,0
BRDA:438,22,1,3
BRDA:452,23,0,0
BRDA:452,23,1,0
BRDA:473,24,0,0
BRDA:473,24,1,3
BRDA:487,25,0,0
BRDA:487,25,1,0
BRDA:508,26,0,0
BRDA:508,26,1,3
BRDA:522,27,0,0
BRDA:522,27,1,0
BRF:53
BRH:15
end_of_record
TN:
SF:db\InternalOrderDAO.js
FN:24,(anonymous_0)
FN:39,(anonymous_1)
FN:44,(anonymous_2)
FN:45,(anonymous_3)
FN:51,(anonymous_4)
FN:62,(anonymous_5)
FN:67,(anonymous_6)
FN:69,(anonymous_7)
FN:80,(anonymous_8)
FN:85,(anonymous_9)
FN:87,(anonymous_10)
FN:98,(anonymous_11)
FN:103,(anonymous_12)
FN:105,(anonymous_13)
FN:116,(anonymous_14)
FN:121,(anonymous_15)
FN:123,(anonymous_16)
FN:135,(anonymous_17)
FN:142,(anonymous_18)
FN:144,(anonymous_19)
FN:157,(anonymous_20)
FN:169,(anonymous_21)
FN:197,(anonymous_22)
FN:205,(anonymous_23)
FN:207,(anonymous_24)
FN:219,(anonymous_25)
FN:247,(anonymous_26)
FN:254,(anonymous_27)
FN:257,(anonymous_28)
FNF:29
FNH:26
FNDA:2,(anonymous_0)
FNDA:5,(anonymous_1)
FNDA:4,(anonymous_2)
FNDA:5,(anonymous_3)
FNDA:1,(anonymous_4)
FNDA:0,(anonymous_5)
FNDA:0,(anonymous_6)
FNDA:0,(anonymous_7)
FNDA:3,(anonymous_8)
FNDA:2,(anonymous_9)
FNDA:1,(anonymous_10)
FNDA:2,(anonymous_11)
FNDA:1,(anonymous_12)
FNDA:1,(anonymous_13)
FNDA:2,(anonymous_14)
FNDA:1,(anonymous_15)
FNDA:1,(anonymous_16)
FNDA:3,(anonymous_17)
FNDA:2,(anonymous_18)
FNDA:1,(anonymous_19)
FNDA:6,(anonymous_20)
FNDA:240,(anonymous_21)
FNDA:2,(anonymous_22)
FNDA:1,(anonymous_23)
FNDA:1,(anonymous_24)
FNDA:2,(anonymous_25)
FNDA:2,(anonymous_26)
FNDA:1,(anonymous_27)
FNDA:1,(anonymous_28)
DA:25,2
DA:39,2
DA:41,5
DA:42,5
DA:45,4
DA:46,5
DA:47,5
DA:50,4
DA:53,1
DA:62,2
DA:64,0
DA:65,0
DA:68,0
DA:70,0
DA:80,2
DA:82,3
DA:83,3
DA:86,2
DA:88,1
DA:98,2
DA:100,2
DA:101,2
DA:104,1
DA:107,1
DA:116,2
DA:118,2
DA:119,2
DA:122,1
DA:124,1
DA:135,2
DA:136,3
DA:137,3
DA:143,2
DA:145,1
DA:157,2
DA:159,6
DA:160,6
DA:161,6
DA:162,6
DA:163,6
DA:164,2
DA:166,6
DA:169,9
DA:177,240
DA:178,240
DA:183,5
DA:186,1
DA:197,2
DA:198,2
DA:199,2
DA:206,1
DA:208,1
DA:219,2
DA:220,2
DA:221,2
DA:223,2
DA:226,2
DA:229,2
DA:230,2
DA:234,1
DA:236,1
DA:247,2
DA:248,2
DA:249,2
DA:256,1
DA:258,1
DA:263,3
LF:67
LH:63
BRDA:163,0,0,2
BRDA:163,0,1,4
BRDA:163,1,0,6
BRDA:163,1,1,4
BRF:4
BRH:4
end_of_record
TN:
SF:db\RestockOrderDAO.js
FN:24,(anonymous_0)
FN:39,(anonymous_1)
FN:44,(anonymous_2)
FN:45,(anonymous_3)
FN:51,(anonymous_4)
FN:61,(anonymous_5)
FN:66,(anonymous_6)
FN:68,(anonymous_7)
FN:79,(anonymous_8)
FN:84,(anonymous_9)
FN:86,(anonymous_10)
FN:97,(anonymous_11)
FN:102,(anonymous_12)
FN:104,(anonymous_13)
FN:115,(anonymous_14)
FN:122,(anonymous_15)
FN:124,(anonymous_16)
FN:137,(anonymous_17)
FN:147,(anonymous_18)
FN:149,(anonymous_19)
FN:172,(anonymous_20)
FN:180,(anonymous_21)
FN:182,(anonymous_22)
FN:195,(anonymous_23)
FN:228,(anonymous_24)
FN:237,(anonymous_25)
FN:239,(anonymous_26)
FN:250,(anonymous_27)
FN:257,(anonymous_28)
FN:260,(anonymous_29)
FNF:30
FNH:6
FNDA:5,(anonymous_0)
FNDA:0,(anonymous_1)
FNDA:0,(anonymous_2)
FNDA:0,(anonymous_3)
FNDA:0,(anonymous_4)
FNDA:0,(anonymous_5)
FNDA:0,(anonymous_6)
FNDA:0,(anonymous_7)
FNDA:2,(anonymous_8)
FNDA:0,(anonymous_9)
FNDA:0,(anonymous_10)
FNDA:2,(anonymous_11)
FNDA:0,(anonymous_12)
FNDA:0,(anonymous_13)
FNDA:24,(anonymous_14)
FNDA:0,(anonymous_15)
FNDA:0,(anonymous_16)
FNDA:1,(anonymous_17)
FNDA:0,(anonymous_18)
FNDA:0,(anonymous_19)
FNDA:0,(anonymous_20)
FNDA:0,(anonymous_21)
FNDA:0,(anonymous_22)
FNDA:0,(anonymous_23)
FNDA:0,(anonymous_24)
FNDA:0,(anonymous_25)
FNDA:0,(anonymous_26)
FNDA:2,(anonymous_27)
FNDA:0,(anonymous_28)
FNDA:0,(anonymous_29)
DA:25,5
DA:39,5
DA:41,0
DA:42,0
DA:45,0
DA:46,0
DA:47,0
DA:50,0
DA:52,0
DA:61,5
DA:63,0
DA:64,0
DA:67,0
DA:69,0
DA:79,5
DA:81,2
DA:82,2
DA:85,0
DA:87,0
DA:97,5
DA:99,2
DA:100,2
DA:103,0
DA:105,0
DA:115,5
DA:116,24
DA:117,24
DA:123,0
DA:125,0
DA:137,5
DA:139,1
DA:140,1
DA:141,1
DA:142,0
DA:143,0
DA:144,0
DA:147,0
DA:149,0
DA:150,0
DA:152,0
DA:157,0
DA:161,1
DA:172,5
DA:173,0
DA:174,0
DA:181,0
DA:184,0
DA:195,5
DA:196,0
DA:197,0
DA:199,0
DA:205,0
DA:208,0
DA:212,0
DA:216,0
DA:218,0
DA:228,5
DA:229,0
DA:231,0
DA:238,0
DA:241,0
DA:250,5
DA:251,2
DA:252,2
DA:258,0
DA:259,0
DA:261,0
DA:266,4
LF:68
LH:24
BRDA:143,0,0,0
BRDA:143,0,1,0
BRDA:143,1,0,0
BRDA:143,1,1,0
BRF:4
BRH:0
end_of_record
TN:
SF:db\ReturnOrderDAO.js
FN:24,(anonymous_0)
FN:40,(anonymous_1)
FN:45,(anonymous_2)
FN:47,(anonymous_3)
FN:58,(anonymous_4)
FN:63,(anonymous_5)
FN:65,(anonymous_6)
FN:78,(anonymous_7)
FN:85,(anonymous_8)
FN:87,(anonymous_9)
FN:100,(anonymous_10)
FN:131,(anonymous_11)
FN:138,(anonymous_12)
FN:141,(anonymous_13)
FNF:14
FNH:13
FNDA:4,(anonymous_0)
FNDA:3,(anonymous_1)
FNDA:2,(anonymous_2)
FNDA:1,(anonymous_3)
FNDA:4,(anonymous_4)
FNDA:1,(anonymous_5)
FNDA:1,(anonymous_6)
FNDA:7,(anonymous_7)
FNDA:2,(anonymous_8)
FNDA:1,(anonymous_9)
FNDA:0,(anonymous_10)
FNDA:4,(anonymous_11)
FNDA:1,(anonymous_12)
FNDA:1,(anonymous_13)
DA:25,4
DA:40,4
DA:42,3
DA:43,3
DA:46,2
DA:48,1
DA:58,4
DA:60,4
DA:61,4
DA:64,1
DA:66,1
DA:78,4
DA:79,7
DA:80,7
DA:86,2
DA:88,1
DA:100,4
DA:102,0
DA:103,0
DA:104,0
DA:105,0
DA:106,0
DA:107,0
DA:109,0
DA:111,0
DA:112,0
DA:115,0
DA:118,0
DA:131,4
DA:132,4
DA:133,4
DA:140,1
DA:142,1
DA:147,3
LF:34
LH:23
BRDA:106,0,0,0
BRDA:106,0,1,0
BRDA:106,1,0,0
BRDA:106,1,1,0
BRF:4
BRH:0
end_of_record
TN:
SF:db\itemDAO.js
FN:25,(anonymous_0)
FN:43,(anonymous_1)
FN:47,(anonymous_2)
FN:49,(anonymous_3)
FN:60,(anonymous_4)
FN:67,(anonymous_5)
FN:69,(anonymous_6)
FN:81,(anonymous_7)
FN:92,(anonymous_8)
FN:94,(anonymous_9)
FN:108,(anonymous_10)
FN:117,(anonymous_11)
FN:119,(anonymous_12)
FN:133,(anonymous_13)
FN:140,(anonymous_14)
FN:142,(anonymous_15)
FN:149,(anonymous_16)
FN:157,(anonymous_17)
FN:159,(anonymous_18)
FN:165,(anonymous_19)
FN:173,(anonymous_20)
FN:175,(anonymous_21)
FNF:22
FNH:22
FNDA:5,(anonymous_0)
FNDA:5,(anonymous_1)
FNDA:2,(anonymous_2)
FNDA:1,(anonymous_3)
FNDA:14,(anonymous_4)
FNDA:6,(anonymous_5)
FNDA:1,(anonymous_6)
FNDA:3,(anonymous_7)
FNDA:2,(anonymous_8)
FNDA:1,(anonymous_9)
FNDA:3,(anonymous_10)
FNDA:2,(anonymous_11)
FNDA:1,(anonymous_12)
FNDA:6,(anonymous_13)
FNDA:3,(anonymous_14)
FNDA:1,(anonymous_15)
FNDA:4,(anonymous_16)
FNDA:3,(anonymous_17)
FNDA:1,(anonymous_18)
FNDA:5,(anonymous_19)
FNDA:4,(anonymous_20)
FNDA:1,(anonymous_21)
DA:26,5
DA:43,5
DA:44,5
DA:45,5
DA:48,2
DA:50,1
DA:60,5
DA:61,14
DA:62,14
DA:68,6
DA:70,1
DA:81,5
DA:82,3
DA:83,3
DA:93,2
DA:95,1
DA:108,5
DA:109,3
DA:110,3
DA:118,2
DA:120,1
DA:133,5
DA:134,6
DA:135,6
DA:141,3
DA:143,1
DA:149,5
DA:150,4
DA:151,4
DA:158,3
DA:160,1
DA:165,5
DA:166,5
DA:167,5
DA:174,4
DA:176,1
DA:185,4
LF:37
LH:37
BRF:0
BRH:0
end_of_record
TN:
SF:db\positionDAO.js
FN:24,(anonymous_0)
FN:40,(anonymous_1)
FN:44,(anonymous_2)
FN:46,(anonymous_3)
FN:57,(anonymous_4)
FN:65,(anonymous_5)
FN:67,(anonymous_6)
FN:78,(anonymous_7)
FN:90,(anonymous_8)
FN:92,(anonymous_9)
FN:103,(anonymous_10)
FN:118,(anonymous_11)
FN:120,(anonymous_12)
FN:132,(anonymous_13)
FN:143,(anonymous_14)
FN:145,(anonymous_15)
FN:157,(anonymous_16)
FN:166,(anonymous_17)
FN:168,(anonymous_18)
FN:179,(anonymous_19)
FN:186,(anonymous_20)
FN:188,(anonymous_21)
FNF:22
FNH:22
FNDA:4,(anonymous_0)
FNDA:4,(anonymous_1)
FNDA:3,(anonymous_2)
FNDA:1,(anonymous_3)
FNDA:7,(anonymous_4)
FNDA:6,(anonymous_5)
FNDA:1,(anonymous_6)
FNDA:12,(anonymous_7)
FNDA:8,(anonymous_8)
FNDA:4,(anonymous_9)
FNDA:4,(anonymous_10)
FNDA:2,(anonymous_11)
FNDA:2,(anonymous_12)
FNDA:5,(anonymous_13)
FNDA:3,(anonymous_14)
FNDA:2,(anonymous_15)
FNDA:3,(anonymous_16)
FNDA:2,(anonymous_17)
FNDA:1,(anonymous_18)
FNDA:10,(anonymous_19)
FNDA:9,(anonymous_20)
FNDA:1,(anonymous_21)
DA:25,4
DA:40,4
DA:41,4
DA:42,4
DA:45,3
DA:47,1
DA:57,4
DA:59,7
DA:60,7
DA:66,6
DA:68,1
DA:78,4
DA:79,12
DA:80,12
DA:91,8
DA:93,4
DA:103,4
DA:104,4
DA:105,4
DA:119,2
DA:121,2
DA:132,4
DA:133,5
DA:134,5
DA:144,3
DA:146,2
DA:157,4
DA:158,3
DA:159,3
DA:167,2
DA:169,1
DA:179,4
DA:180,10
DA:181,10
DA:187,9
DA:189,1
DA:194,5
LF:37
LH:37
BRF:0
BRH:0
end_of_record
TN:
SF:db\skuDAO.js
FN:24,(anonymous_0)
FN:39,(anonymous_1)
FN:43,(anonymous_2)
FN:45,(anonymous_3)
FN:50,(anonymous_4)
FN:57,(anonymous_5)
FN:59,(anonymous_6)
FN:70,(anonymous_7)
FN:77,(anonymous_8)
FN:79,(anonymous_9)
FN:89,(anonymous_10)
FN:101,(anonymous_11)
FN:103,(anonymous_12)
FN:114,(anonymous_13)
FN:127,(anonymous_14)
FN:129,(anonymous_15)
FN:140,(anonymous_16)
FN:148,(anonymous_17)
FN:150,(anonymous_18)
FN:160,(anonymous_19)
FN:167,(anonymous_20)
FN:169,(anonymous_21)
FNF:22
FNH:22
FNDA:14,(anonymous_0)
FNDA:3,(anonymous_1)
FNDA:2,(anonymous_2)
FNDA:1,(anonymous_3)
FNDA:33,(anonymous_4)
FNDA:20,(anonymous_5)
FNDA:1,(anonymous_6)
FNDA:7,(anonymous_7)
FNDA:6,(anonymous_8)
FNDA:1,(anonymous_9)
FNDA:4,(anonymous_10)
FNDA:3,(anonymous_11)
FNDA:1,(anonymous_12)
FNDA:4,(anonymous_13)
FNDA:3,(anonymous_14)
FNDA:1,(anonymous_15)
FNDA:3,(anonymous_16)
FNDA:2,(anonymous_17)
FNDA:1,(anonymous_18)
FNDA:4,(anonymous_19)
FNDA:3,(anonymous_20)
FNDA:1,(anonymous_21)
DA:25,14
DA:39,14
DA:40,3
DA:41,3
DA:44,2
DA:46,1
DA:50,14
DA:51,33
DA:52,33
DA:58,20
DA:60,1
DA:70,14
DA:71,7
DA:72,7
DA:78,6
DA:80,1
DA:89,14
DA:90,4
DA:91,4
DA:102,3
DA:104,1
DA:114,14
DA:115,4
DA:116,4
DA:128,3
DA:130,1
DA:140,14
DA:141,3
DA:142,3
DA:149,2
DA:151,1
DA:160,14
DA:161,4
DA:162,4
DA:168,3
DA:170,1
DA:175,12
LF:37
LH:37
BRF:0
BRH:0
end_of_record
TN:
SF:db\skuItemDAO.js
FN:24,(anonymous_0)
FN:39,(anonymous_1)
FN:43,(anonymous_2)
FN:45,(anonymous_3)
FN:58,(anonymous_4)
FN:65,(anonymous_5)
FN:67,(anonymous_6)
FN:78,(anonymous_7)
FN:85,(anonymous_8)
FN:87,(anonymous_9)
FN:98,(anonymous_10)
FN:108,(anonymous_11)
FN:110,(anonymous_12)
FN:122,(anonymous_13)
FN:132,(anonymous_14)
FN:134,(anonymous_15)
FN:145,(anonymous_16)
FN:152,(anonymous_17)
FN:154,(anonymous_18)
FNF:19
FNH:19
FNDA:7,(anonymous_0)
FNDA:3,(anonymous_1)
FNDA:2,(anonymous_2)
FNDA:1,(anonymous_3)
FNDA:6,(anonymous_4)
FNDA:5,(anonymous_5)
FNDA:1,(anonymous_6)
FNDA:50,(anonymous_7)
FNDA:26,(anonymous_8)
FNDA:1,(anonymous_9)
FNDA:7,(anonymous_10)
FNDA:4,(anonymous_11)
FNDA:3,(anonymous_12)
FNDA:5,(anonymous_13)
FNDA:4,(anonymous_14)
FNDA:1,(anonymous_15)
FNDA:11,(anonymous_16)
FNDA:10,(anonymous_17)
FNDA:1,(anonymous_18)
DA:25,7
DA:39,7
DA:40,3
DA:41,3
DA:44,2
DA:46,1
DA:58,7
DA:59,6
DA:60,6
DA:66,5
DA:68,1
DA:78,7
DA:79,50
DA:80,50
DA:86,26
DA:88,1
DA:98,7
DA:99,7
DA:100,7
DA:109,4
DA:111,3
DA:122,7
DA:123,5
DA:124,5
DA:133,4
DA:135,1
DA:145,7
DA:146,11
DA:147,11
DA:153,10
DA:155,1
DA:160,7
LF:32
LH:32
BRDA:105,0,0,1
BRDA:105,0,1,6
BRF:2
BRH:2
end_of_record
TN:
SF:db\testDescriptorsDAO.js
FN:25,(anonymous_0)
FN:42,(anonymous_1)
FN:46,(anonymous_2)
FN:48,(anonymous_3)
FN:59,(anonymous_4)
FN:66,(anonymous_5)
FN:68,(anonymous_6)
FN:80,(anonymous_7)
FN:89,(anonymous_8)
FN:91,(anonymous_9)
FN:105,(anonymous_10)
FN:115,(anonymous_11)
FN:117,(anonymous_12)
FN:131,(anonymous_13)
FN:138,(anonymous_14)
FN:140,(anonymous_15)
FN:156,(anonymous_16)
FN:163,(anonymous_17)
FN:165,(anonymous_18)
FN:169,(anonymous_19)
FNF:20
FNH:14
FNDA:8,(anonymous_0)
FNDA:4,(anonymous_1)
FNDA:2,(anonymous_2)
FNDA:0,(anonymous_3)
FNDA:14,(anonymous_4)
FNDA:11,(anonymous_5)
FNDA:0,(anonymous_6)
FNDA:2,(anonymous_7)
FNDA:2,(anonymous_8)
FNDA:0,(anonymous_9)
FNDA:3,(anonymous_10)
FNDA:3,(anonymous_11)
FNDA:0,(anonymous_12)
FNDA:5,(anonymous_13)
FNDA:3,(anonymous_14)
FNDA:0,(anonymous_15)
FNDA:6,(anonymous_16)
FNDA:6,(anonymous_17)
FNDA:6,(anonymous_18)
FNDA:0,(anonymous_19)
DA:26,8
DA:42,8
DA:43,4
DA:44,4
DA:47,2
DA:49,0
DA:59,8
DA:60,14
DA:61,14
DA:67,11
DA:69,0
DA:80,8
DA:81,2
DA:82,2
DA:90,2
DA:92,0
DA:105,8
DA:106,3
DA:107,3
DA:116,3
DA:118,0
DA:131,8
DA:132,5
DA:133,5
DA:139,3
DA:141,0
DA:156,8
DA:157,6
DA:158,6
DA:164,6
DA:165,6
DA:166,6
DA:168,6
DA:170,0
DA:176,7
LF:35
LH:29
BRF:0
BRH:0
end_of_record
TN:
SF:db\testResultDAO.js
FN:25,(anonymous_0)
FN:43,(anonymous_1)
FN:50,(anonymous_2)
FN:52,(anonymous_3)
FN:63,(anonymous_4)
FN:71,(anonymous_5)
FN:73,(anonymous_6)
FN:85,(anonymous_7)
FN:95,(anonymous_8)
FN:97,(anonymous_9)
FN:111,(anonymous_10)
FN:121,(anonymous_11)
FN:123,(anonymous_12)
FN:137,(anonymous_13)
FN:145,(anonymous_14)
FN:147,(anonymous_15)
FNF:16
FNH:11
FNDA:4,(anonymous_0)
FNDA:3,(anonymous_1)
FNDA:3,(anonymous_2)
FNDA:0,(anonymous_3)
FNDA:7,(anonymous_4)
FNDA:7,(anonymous_5)
FNDA:0,(anonymous_6)
FNDA:2,(anonymous_7)
FNDA:2,(anonymous_8)
FNDA:0,(anonymous_9)
FNDA:1,(anonymous_10)
FNDA:1,(anonymous_11)
FNDA:0,(anonymous_12)
FNDA:3,(anonymous_13)
FNDA:3,(anonymous_14)
FNDA:0,(anonymous_15)
DA:26,4
DA:43,4
DA:44,3
DA:45,3
DA:51,3
DA:53,0
DA:63,4
DA:64,7
DA:65,7
DA:72,7
DA:74,0
DA:85,4
DA:86,2
DA:87,2
DA:96,2
DA:98,0
DA:111,4
DA:112,1
DA:113,1
DA:122,1
DA:124,0
DA:137,4
DA:138,3
DA:139,3
DA:146,3
DA:148,0
DA:154,3
LF:27
LH:22
BRF:0
BRH:0
end_of_record
TN:
SF:db\userDAO.js
FN:12,(anonymous_0)
FN:16,(anonymous_1)
FN:21,(anonymous_2)
FN:25,(anonymous_3)
FN:34,(anonymous_4)
FN:44,(anonymous_5)
FN:50,(anonymous_6)
FN:59,(anonymous_7)
FN:63,(anonymous_8)
FN:78,(anonymous_9)
FN:87,(anonymous_10)
FN:92,(anonymous_11)
FN:95,(anonymous_12)
FN:101,(anonymous_13)
FNF:14
FNH:14
FNDA:2,(anonymous_0)
FNDA:13,(anonymous_1)
FNDA:1,(anonymous_2)
FNDA:13,(anonymous_3)
FNDA:1,(anonymous_4)
FNDA:1,(anonymous_5)
FNDA:5,(anonymous_6)
FNDA:1,(anonymous_7)
FNDA:6,(anonymous_8)
FNDA:5,(anonymous_9)
FNDA:1,(anonymous_10)
FNDA:4,(anonymous_11)
FNDA:1,(anonymous_12)
FNDA:25,(anonymous_13)
DA:3,3
DA:4,3
DA:6,3
DA:7,3
DA:10,3
DA:12,3
DA:13,2
DA:16,3
DA:17,13
DA:19,13
DA:20,13
DA:21,1
DA:22,12
DA:25,3
DA:26,13
DA:28,13
DA:29,7
DA:33,7
DA:35,1
DA:39,6
DA:43,6
DA:45,1
DA:50,3
DA:51,5
DA:52,5
DA:53,2
DA:56,3
DA:58,5
DA:60,1
DA:63,4
DA:64,6
DA:65,6
DA:66,6
DA:73,6
DA:75,4
DA:78,3
DA:79,5
DA:86,5
DA:88,1
DA:92,3
DA:93,4
DA:94,4
DA:96,1
DA:101,3
DA:102,25
DA:103,25
LF:46
LH:46
BRDA:25,0,0,6
BRDA:28,1,0,7
BRDA:28,1,1,6
BRDA:35,2,0,1
BRDA:35,2,1,0
BRDA:45,3,0,1
BRDA:45,3,1,0
BRDA:50,4,0,3
BRDA:52,5,0,2
BRDA:52,5,1,3
BRDA:60,6,0,1
BRDA:60,6,1,0
BRDA:88,7,0,1
BRDA:88,7,1,0
BRDA:96,8,0,1
BRDA:96,8,1,0
BRF:16
BRH:11
end_of_record
TN:
SF:unit_test\mock\Database\mockDAO.js
FNF:0
FNH:0
DA:1,7
DA:2,7
DA:3,7
LF:3
LH:3
BRF:0
BRH:0
end_of_record
TN:
SF:unit_test\mock\Database\mockInternalOrderDAO.js
FNF:0
FNH:0
DA:10,1
DA:11,1
DA:12,1
DA:13,1
DA:14,1
DA:15,1
DA:16,1
DA:17,1
DA:18,1
LF:9
LH:9
BRF:0
BRH:0
end_of_record
TN:
SF:unit_test\mock\Database\mockItemDAO.js
FNF:0
FNH:0
DA:8,1
DA:9,1
DA:10,1
DA:11,1
DA:12,1
DA:13,1
DA:14,1
LF:7
LH:7
BRF:0
BRH:0
end_of_record
TN:
SF:unit_test\mock\Database\mockPositionDAO.js
FNF:0
FNH:0
DA:9,2
DA:10,2
DA:11,2
DA:12,2
DA:13,2
DA:14,2
DA:15,2
LF:7
LH:7
BRF:0
BRH:0
end_of_record
TN:
SF:unit_test\mock\Database\mockRestockOrderDAO.js
FNF:0
FNH:0
DA:10,1
DA:11,1
DA:12,1
DA:13,1
DA:14,1
DA:15,1
DA:16,1
DA:17,1
DA:18,1
DA:19,1
LF:10
LH:10
BRF:0
BRH:0
end_of_record
TN:
SF:unit_test\mock\Database\mockReturnOrderDAO.js
FNF:0
FNH:0
DA:10,1
DA:11,1
DA:12,1
DA:13,1
DA:14,1
DA:15,1
LF:6
LH:6
BRF:0
BRH:0
end_of_record
TN:
SF:unit_test\mock\Database\mockSKUDAO.js
FNF:0
FNH:0
DA:10,6
DA:11,6
DA:12,6
DA:13,6
DA:14,6
DA:15,6
DA:16,6
LF:7
LH:7
BRF:0
BRH:0
end_of_record
TN:
SF:unit_test\mock\Database\mockSkuItemDAO.js
FNF:0
FNH:0
DA:9,3
DA:10,3
DA:11,3
DA:12,3
DA:13,3
DA:14,3
LF:6
LH:6
BRF:0
BRH:0
end_of_record
TN:
SF:unit_test\mock\Database\mockTestDescriptorDAO.js
FNF:0
FNH:0
DA:8,3
DA:9,3
DA:10,3
DA:11,3
DA:12,3
DA:13,3
LF:6
LH:6
BRF:0
BRH:0
end_of_record
TN:
SF:unit_test\mock\Database\mockTestResultDAO.js
FNF:0
FNH:0
DA:8,1
DA:9,1
DA:10,1
DA:11,1
DA:12,1
LF:5
LH:5
BRF:0
BRH:0
end_of_record
TN:
SF:unit_test\mock\Database\mockUserDAO.js
FNF:0
FNH:0
DA:1,1
DA:2,1
DA:3,1
DA:4,1
DA:5,1
LF:5
LH:5
BRF:0
BRH:0
end_of_record
TN:
SF:unit_test\real\Database\testDAO.js
FN:9,(anonymous_0)
FN:10,(anonymous_1)
FN:48,(anonymous_2)
FN:49,(anonymous_3)
FN:50,(anonymous_4)
FN:61,(anonymous_5)
FN:62,(anonymous_6)
FN:63,(anonymous_7)
FN:74,(anonymous_8)
FN:75,(anonymous_9)
FN:76,(anonymous_10)
FN:104,(anonymous_11)
FN:105,(anonymous_12)
FN:118,(anonymous_13)
FN:128,(anonymous_14)
FN:129,(anonymous_15)
FN:131,(anonymous_16)
FN:148,(anonymous_17)
FN:149,(anonymous_18)
FN:159,(anonymous_19)
FN:169,(anonymous_20)
FN:170,(anonymous_21)
FN:172,(anonymous_22)
FN:189,(anonymous_23)
FN:190,(anonymous_24)
FN:203,(anonymous_25)
FN:213,(anonymous_26)
FN:214,(anonymous_27)
FN:216,(anonymous_28)
FN:233,(anonymous_29)
FN:234,(anonymous_30)
FN:236,(anonymous_31)
FN:245,(anonymous_32)
FN:246,(anonymous_33)
FN:248,(anonymous_34)
FN:265,(anonymous_35)
FN:266,(anonymous_36)
FN:268,(anonymous_37)
FN:277,(anonymous_38)
FN:278,(anonymous_39)
FN:280,(anonymous_40)
FN:297,(anonymous_41)
FN:298,(anonymous_42)
FN:300,(anonymous_43)
FN:309,(anonymous_44)
FN:310,(anonymous_45)
FN:312,(anonymous_46)
FN:329,(anonymous_47)
FN:375,(anonymous_48)
FN:379,(anonymous_49)
FN:381,(anonymous_50)
FN:410,(anonymous_51)
FN:411,(anonymous_52)
FN:413,(anonymous_53)
FN:423,(anonymous_54)
FN:424,(anonymous_55)
FN:426,(anonymous_56)
FN:447,(anonymous_57)
FN:448,(anonymous_58)
FN:450,(anonymous_59)
FN:461,(anonymous_60)
FN:462,(anonymous_61)
FN:464,(anonymous_62)
FN:482,(anonymous_63)
FN:483,(anonymous_64)
FN:485,(anonymous_65)
FN:496,(anonymous_66)
FN:497,(anonymous_67)
FN:499,(anonymous_68)
FN:517,(anonymous_69)
FN:518,(anonymous_70)
FN:520,(anonymous_71)
FN:531,(anonymous_72)
FN:532,(anonymous_73)
FN:534,(anonymous_74)
FNF:75
FNH:42
FNDA:16,(anonymous_0)
FNDA:16,(anonymous_1)
FNDA:390,(anonymous_2)
FNDA:390,(anonymous_3)
FNDA:390,(anonymous_4)
FNDA:91,(anonymous_5)
FNDA:91,(anonymous_6)
FNDA:91,(anonymous_7)
FNDA:25,(anonymous_8)
FNDA:25,(anonymous_9)
FNDA:25,(anonymous_10)
FNDA:16,(anonymous_11)
FNDA:16,(anonymous_12)
FNDA:15,(anonymous_13)
FNDA:0,(anonymous_14)
FNDA:0,(anonymous_15)
FNDA:0,(anonymous_16)
FNDA:16,(anonymous_17)
FNDA:16,(anonymous_18)
FNDA:15,(anonymous_19)
FNDA:0,(anonymous_20)
FNDA:0,(anonymous_21)
FNDA:0,(anonymous_22)
FNDA:16,(anonymous_23)
FNDA:16,(anonymous_24)
FNDA:15,(anonymous_25)
FNDA:0,(anonymous_26)
FNDA:0,(anonymous_27)
FNDA:0,(anonymous_28)
FNDA:16,(anonymous_29)
FNDA:16,(anonymous_30)
FNDA:16,(anonymous_31)
FNDA:0,(anonymous_32)
FNDA:0,(anonymous_33)
FNDA:0,(anonymous_34)
FNDA:16,(anonymous_35)
FNDA:16,(anonymous_36)
FNDA:15,(anonymous_37)
FNDA:0,(anonymous_38)
FNDA:0,(anonymous_39)
FNDA:0,(anonymous_40)
FNDA:16,(anonymous_41)
FNDA:16,(anonymous_42)
FNDA:16,(anonymous_43)
FNDA:0,(anonymous_44)
FNDA:0,(anonymous_45)
FNDA:0,(anonymous_46)
FNDA:16,(anonymous_47)
FNDA:16,(anonymous_48)
FNDA:96,(anonymous_49)
FNDA:84,(anonymous_50)
FNDA:0,(anonymous_51)
FNDA:0,(anonymous_52)
FNDA:0,(anonymous_53)
FNDA:0,(anonymous_54)
FNDA:0,(anonymous_55)
FNDA:0,(anonymous_56)
FNDA:16,(anonymous_57)
FNDA:16,(anonymous_58)
FNDA:14,(anonymous_59)
FNDA:0,(anonymous_60)
FNDA:0,(anonymous_61)
FNDA:0,(anonymous_62)
FNDA:16,(anonymous_63)
FNDA:16,(anonymous_64)
FNDA:16,(anonymous_65)
FNDA:0,(anonymous_66)
FNDA:0,(anonymous_67)
FNDA:0,(anonymous_68)
FNDA:16,(anonymous_69)
FNDA:16,(anonymous_70)
FNDA:14,(anonymous_71)
FNDA:0,(anonymous_72)
FNDA:0,(anonymous_73)
FNDA:0,(anonymous_74)
DA:3,16
DA:4,16
DA:5,16
DA:10,16
DA:11,16
DA:13,16
DA:16,16
DA:17,16
DA:18,16
DA:19,16
DA:20,16
DA:21,16
DA:22,16
DA:23,16
DA:24,16
DA:25,16
DA:49,390
DA:50,390
DA:51,390
DA:53,41
DA:55,349
DA:62,91
DA:63,91
DA:64,91
DA:66,0
DA:68,91
DA:75,25
DA:76,25
DA:77,25
DA:79,0
DA:81,25
DA:105,16
DA:106,16
DA:118,16
DA:119,15
DA:120,0
DA:121,0
DA:123,15
DA:129,0
DA:130,0
DA:131,0
DA:132,0
DA:133,0
DA:134,0
DA:136,0
DA:149,16
DA:151,16
DA:159,16
DA:160,15
DA:161,0
DA:162,0
DA:164,15
DA:170,0
DA:171,0
DA:172,0
DA:173,0
DA:174,0
DA:175,0
DA:177,0
DA:190,16
DA:192,16
DA:203,16
DA:204,15
DA:205,0
DA:206,0
DA:208,15
DA:214,0
DA:215,0
DA:216,0
DA:217,0
DA:218,0
DA:219,0
DA:221,0
DA:234,16
DA:235,16
DA:236,16
DA:237,16
DA:238,0
DA:239,0
DA:241,16
DA:246,0
DA:247,0
DA:248,0
DA:249,0
DA:250,0
DA:251,0
DA:253,0
DA:266,16
DA:267,16
DA:268,16
DA:269,15
DA:270,0
DA:271,0
DA:273,15
DA:278,0
DA:279,0
DA:280,0
DA:281,0
DA:282,0
DA:283,0
DA:285,0
DA:298,16
DA:299,16
DA:300,16
DA:301,16
DA:302,0
DA:303,0
DA:305,16
DA:310,0
DA:311,0
DA:312,0
DA:313,0
DA:314,0
DA:315,0
DA:317,0
DA:331,16
DA:374,16
DA:375,16
DA:376,16
DA:378,16
DA:379,16
DA:380,96
DA:381,96
DA:382,84
DA:411,0
DA:412,0
DA:413,0
DA:414,0
DA:415,0
DA:416,0
DA:418,0
DA:424,0
DA:425,0
DA:426,0
DA:427,0
DA:428,0
DA:429,0
DA:431,0
DA:448,16
DA:449,16
DA:450,16
DA:451,14
DA:452,0
DA:453,0
DA:455,14
DA:462,0
DA:463,0
DA:464,0
DA:465,0
DA:466,0
DA:467,0
DA:469,0
DA:483,16
DA:484,16
DA:485,16
DA:486,16
DA:487,0
DA:488,0
DA:490,16
DA:497,0
DA:498,0
DA:499,0
DA:500,0
DA:501,0
DA:502,0
DA:504,0
DA:518,16
DA:519,16
DA:520,16
DA:521,14
DA:522,0
DA:523,0
DA:525,14
DA:532,0
DA:533,0
DA:534,0
DA:535,0
DA:536,0
DA:537,0
DA:539,0
DA:549,16
LF:181
LH:84
BRDA:11,0,0,0
BRDA:11,0,1,16
BRDA:48,1,0,76
BRDA:51,2,0,41
BRDA:51,2,1,349
BRDA:61,3,0,3
BRDA:64,4,0,0
BRDA:64,4,1,91
BRDA:74,5,0,9
BRDA:77,6,0,0
BRDA:77,6,1,25
BRDA:119,7,0,0
BRDA:119,7,1,15
BRDA:132,8,0,0
BRDA:132,8,1,0
BRDA:160,9,0,0
BRDA:160,9,1,15
BRDA:173,10,0,0
BRDA:173,10,1,0
BRDA:204,11,0,0
BRDA:204,11,1,15
BRDA:217,12,0,0
BRDA:217,12,1,0
BRDA:237,13,0,0
BRDA:237,13,1,16
BRDA:249,14,0,0
BRDA:249,14,1,0
BRDA:269,15,0,0
BRDA:269,15,1,15
BRDA:281,16,0,0
BRDA:281,16,1,0
BRDA:301,17,0,0
BRDA:301,17,1,16
BRDA:313,18,0,0
BRDA:313,18,1,0
BRDA:376,19,0,0
BRDA:376,19,1,16
BRDA:382,20,0,6
BRDA:382,20,1,78
BRDA:414,21,0,0
BRDA:414,21,1,0
BRDA:427,22,0,0
BRDA:427,22,1,0
BRDA:451,23,0,0
BRDA:451,23,1,14
BRDA:465,24,0,0
BRDA:465,24,1,0
BRDA:486,25,0,0
BRDA:486,25,1,16
BRDA:500,26,0,0
BRDA:500,26,1,0
BRDA:521,27,0,0
BRDA:521,27,1,14
BRDA:535,28,0,0
BRDA:535,28,1,0
BRF:55
BRH:20
end_of_record
